#
# There is insufficient memory for the Java Runtime Environment to continue.
# Native memory allocation (mmap) failed to map 327155712 bytes for G1 virtual space
# Possible reasons:
#   The system is out of physical RAM or swap space
#   The process is running with CompressedOops enabled, and the Java Heap may be blocking the growth of the native heap
# Possible solutions:
#   Reduce memory load on the system
#   Increase physical memory or swap space
#   Check if swap backing store is full
#   Decrease Java heap size (-Xmx/-Xms)
#   Decrease number of Java threads
#   Decrease Java thread stack sizes (-Xss)
#   Set larger code cache with -XX:ReservedCodeCacheSize=
#   JVM is running with Zero Based Compressed Oops mode in which the Java heap is
#     placed in the first 32GB address space. The Java Heap base address is the
#     maximum limit for the native heap growth. Please use -XX:HeapBaseMinAddress
#     to set the Java Heap base and to place the Java Heap above 32GB virtual address.
# This output file may be truncated or incomplete.
#
#  Out of Memory Error (os_windows.cpp:3825), pid=19508, tid=10488
#
# JRE version:  (17.0.10) (build )
# Java VM: OpenJDK 64-Bit Server VM (17.0.10+0--11572160, mixed mode, sharing, tiered, compressed oops, compressed class ptrs, g1 gc, windows-amd64)
# No core dump will be written. Minidumps are not enabled by default on client versions of Windows
#

---------------  S U M M A R Y ------------

Command Line: git4idea.http.GitAskPassApp Username for 'https://github.com': 

Host: AMD Ryzen 5 4600H with Radeon Graphics         , 12 cores, 19G,  Windows 11 , 64 bit Build 22621 (10.0.22621.3527)
Time: Thu Jun 13 14:25:44 2024 W. Europe Daylight Time elapsed time: 0.013667 seconds (0d 0h 0m 0s)

---------------  T H R E A D  ---------------

Current thread (0x000002d498cd9640):  JavaThread "Unknown thread" [_thread_in_vm, id=10488, stack(0x000000d4c6b00000,0x000000d4c6c00000)]

Stack: [0x000000d4c6b00000,0x000000d4c6c00000]
Native frames: (J=compiled Java code, j=interpreted, Vv=VM code, C=native code)
V  [jvm.dll+0x688e89]
V  [jvm.dll+0x84247a]
V  [jvm.dll+0x8440be]
V  [jvm.dll+0x844723]
V  [jvm.dll+0x24be0f]
V  [jvm.dll+0x685c59]
V  [jvm.dll+0x67a50a]
V  [jvm.dll+0x30cbab]
V  [jvm.dll+0x314056]
V  [jvm.dll+0x363dce]
V  [jvm.dll+0x363fff]
V  [jvm.dll+0x2e2978]
V  [jvm.dll+0x2e38e4]
V  [jvm.dll+0x813011]
V  [jvm.dll+0x371c81]
V  [jvm.dll+0x7f1b66]
V  [jvm.dll+0x3f58df]
V  [jvm.dll+0x3f7511]
C  [jli.dll+0x528f]
C  [ucrtbase.dll+0x29333]
C  [KERNEL32.DLL+0x1257d]
C  [ntdll.dll+0x5aa48]


---------------  P R O C E S S  ---------------

Threads class SMR info:
_java_thread_list=0x00007ffb9573ef58, length=0, elements={
}

Java Threads: ( => current thread )

Other Threads:
  0x000002d498d4e860 GCTaskThread "GC Thread#0" [stack: 0x000000d4c6c00000,0x000000d4c6d00000] [id=11928]
  0x000002d498d591c0 ConcurrentGCThread "G1 Main Marker" [stack: 0x000000d4c6d00000,0x000000d4c6e00000] [id=6828]
  0x000002d498d59af0 ConcurrentGCThread "G1 Conc#0" [stack: 0x000000d4c6e00000,0x000000d4c6f00000] [id=4644]

[error occurred during error reporting (printing all threads), id 0xc0000005, EXCEPTION_ACCESS_VIOLATION (0xc0000005) at pc=0x00007ffb94ef3547]

VM state: not at safepoint (not fully initialized)

VM Mutex/Monitor currently owned by a thread:  ([mutex/lock_event])
[0x000002d498cd5110] Heap_lock - owner thread: 0x000002d498cd9640

Heap address: 0x00000006ca000000, size: 4960 MB, Compressed Oops mode: Zero based, Oop shift amount: 3

CDS archive(s) mapped at: [0x0000000000000000-0x0000000000000000-0x0000000000000000), size 0, SharedBaseAddress: 0x0000000800000000, ArchiveRelocationMode: 1.
Narrow klass base: 0x0000000000000000, Narrow klass shift: 0, Narrow klass range: 0x0

GC Precious Log:
<Empty>

Heap:
 garbage-first heap   total 0K, used 0K [0x00000006ca000000, 0x0000000800000000)
  region size 4096K, 0 young (0K), 0 survivors (0K)
 Metaspace       used 0K, committed 0K, reserved 0K
  class space    used 0K, committed 0K, reserved 0K

Heap Regions: E=young(eden), S=young(survivor), O=old, HS=humongous(starts), HC=humongous(continues), CS=collection set, F=free, OA=open archive, CA=closed archive, TAMS=top-at-mark-start (previous, next)

Card table byte_map: [0x000002d4adf90000,0x000002d4ae940000] _byte_map_base: 0x000002d4aa940000

Marking Bits (Prev, Next): (CMBitMap*) 0x000002d498d4ed90, (CMBitMap*) 0x000002d498d4edd0
 Prev Bits: [0x000002d4af2f0000, 0x000002d4b4070000)
 Next Bits: [0x000002d4b4070000, 0x000002d4b8df0000)

GC Heap History (0 events):
No events

Dll operation events (1 events):
Event: 0.008 Loaded shared library C:\Users\User\AppData\Local\JetBrains\Toolbox\apps\AndroidStudio\ch-0\233.14808.21.2331.11709847\jbr\bin\java.dll

Deoptimization events (0 events):
No events

Classes unloaded (0 events):
No events

Classes redefined (0 events):
No events

Internal exceptions (0 events):
No events

VM Operations (0 events):
No events

Events (0 events):
No events


Dynamic libraries:
0x00007ff64be00000 - 0x00007ff64be0a000 	C:\Users\User\AppData\Local\JetBrains\Toolbox\apps\AndroidStudio\ch-0\233.14808.21.2331.11709847\jbr\bin\java.exe
0x00007ffc1bcf0000 - 0x00007ffc1bf07000 	C:\WINDOWS\SYSTEM32\ntdll.dll
0x00007ffc1a740000 - 0x00007ffc1a804000 	C:\WINDOWS\System32\KERNEL32.DLL
0x00007ffc19160000 - 0x00007ffc19507000 	C:\WINDOWS\System32\KERNELBASE.dll
0x0000000075d60000 - 0x0000000076092000 	C:\Program Files\Norton Security\NortonData\22.20.5.39\Definitions\IPSDefs\20240612.064\IPSEng64.dll
0x00007ffc1a8d0000 - 0x00007ffc1a982000 	C:\WINDOWS\System32\ADVAPI32.dll
0x00007ffc1a440000 - 0x00007ffc1a4e7000 	C:\WINDOWS\System32\msvcrt.dll
0x00007ffc1ab90000 - 0x00007ffc1ac38000 	C:\WINDOWS\System32\sechost.dll
0x00007ffc19130000 - 0x00007ffc19158000 	C:\WINDOWS\System32\bcrypt.dll
0x00007ffc19ac0000 - 0x00007ffc19bd5000 	C:\WINDOWS\System32\RPCRT4.dll
0x00007ffc19ab0000 - 0x00007ffc19ab8000 	C:\WINDOWS\System32\PSAPI.DLL
0x00007ffc19010000 - 0x00007ffc19121000 	C:\WINDOWS\System32\ucrtbase.dll
0x00007ffc00f40000 - 0x00007ffc00f57000 	C:\Users\User\AppData\Local\JetBrains\Toolbox\apps\AndroidStudio\ch-0\233.14808.21.2331.11709847\jbr\bin\jli.dll
0x00007ffbfa210000 - 0x00007ffbfa22b000 	C:\Users\User\AppData\Local\JetBrains\Toolbox\apps\AndroidStudio\ch-0\233.14808.21.2331.11709847\jbr\bin\VCRUNTIME140.dll
0x00007ffc1a990000 - 0x00007ffc1ab3e000 	C:\WINDOWS\System32\USER32.dll
0x00007ffc19670000 - 0x00007ffc19696000 	C:\WINDOWS\System32\win32u.dll
0x00007ffc1b800000 - 0x00007ffc1b829000 	C:\WINDOWS\System32\GDI32.dll
0x00007ffbfecd0000 - 0x00007ffbfef63000 	C:\WINDOWS\WinSxS\amd64_microsoft.windows.common-controls_6595b64144ccf1df_6.0.22621.3527_none_270e469b73872a76\COMCTL32.dll
0x00007ffc19710000 - 0x00007ffc19829000 	C:\WINDOWS\System32\gdi32full.dll
0x00007ffc19510000 - 0x00007ffc195aa000 	C:\WINDOWS\System32\msvcp_win.dll
0x00007ffc1a810000 - 0x00007ffc1a841000 	C:\WINDOWS\System32\IMM32.DLL
0x00007ffc10500000 - 0x00007ffc1050c000 	C:\Users\User\AppData\Local\JetBrains\Toolbox\apps\AndroidStudio\ch-0\233.14808.21.2331.11709847\jbr\bin\vcruntime140_1.dll
0x00007ffbcce00000 - 0x00007ffbcce8d000 	C:\Users\User\AppData\Local\JetBrains\Toolbox\apps\AndroidStudio\ch-0\233.14808.21.2331.11709847\jbr\bin\msvcp140.dll
0x00007ffb94c00000 - 0x00007ffb95883000 	C:\Users\User\AppData\Local\JetBrains\Toolbox\apps\AndroidStudio\ch-0\233.14808.21.2331.11709847\jbr\bin\server\jvm.dll
0x00007ffc12120000 - 0x00007ffc12154000 	C:\WINDOWS\SYSTEM32\WINMM.dll
0x00007ffbfbfc0000 - 0x00007ffbfbfc9000 	C:\WINDOWS\SYSTEM32\WSOCK32.dll
0x00007ffc1a4f0000 - 0x00007ffc1a561000 	C:\WINDOWS\System32\WS2_32.dll
0x00007ffc17ca0000 - 0x00007ffc17caa000 	C:\WINDOWS\SYSTEM32\VERSION.dll
0x00007ffc17e50000 - 0x00007ffc17e9d000 	C:\WINDOWS\SYSTEM32\POWRPROF.dll
0x00007ffc17e30000 - 0x00007ffc17e43000 	C:\WINDOWS\SYSTEM32\UMPDC.dll
0x00007ffc180e0000 - 0x00007ffc180f8000 	C:\WINDOWS\SYSTEM32\kernel.appcore.dll
0x00007ffc13c70000 - 0x00007ffc13c7a000 	C:\Users\User\AppData\Local\JetBrains\Toolbox\apps\AndroidStudio\ch-0\233.14808.21.2331.11709847\jbr\bin\jimage.dll
0x00007ffc15cf0000 - 0x00007ffc15f22000 	C:\WINDOWS\SYSTEM32\DBGHELP.DLL
0x00007ffc1b8a0000 - 0x00007ffc1bc28000 	C:\WINDOWS\System32\combase.dll
0x00007ffc1b720000 - 0x00007ffc1b7f7000 	C:\WINDOWS\System32\OLEAUT32.dll
0x00007ffbfc000000 - 0x00007ffbfc032000 	C:\WINDOWS\SYSTEM32\dbgcore.DLL
0x00007ffc19830000 - 0x00007ffc198a9000 	C:\WINDOWS\System32\bcryptPrimitives.dll
0x00007ffbf7880000 - 0x00007ffbf78a5000 	C:\Users\User\AppData\Local\JetBrains\Toolbox\apps\AndroidStudio\ch-0\233.14808.21.2331.11709847\jbr\bin\java.dll

dbghelp: loaded successfully - version: 4.0.5 - missing functions: none
symbol engine: initialized successfully - sym options: 0x614 - pdb path: .;C:\Users\User\AppData\Local\JetBrains\Toolbox\apps\AndroidStudio\ch-0\233.14808.21.2331.11709847\jbr\bin;C:\WINDOWS\SYSTEM32;C:\Program Files\Norton Security\NortonData\22.20.5.39\Definitions\IPSDefs\20240612.064;C:\WINDOWS\WinSxS\amd64_microsoft.windows.common-controls_6595b64144ccf1df_6.0.22621.3527_none_270e469b73872a76;C:\Users\User\AppData\Local\JetBrains\Toolbox\apps\AndroidStudio\ch-0\233.14808.21.2331.11709847\jbr\bin\server

VM Arguments:
java_command: git4idea.http.GitAskPassApp Username for 'https://github.com': 
java_class_path (initial): C:/Users/User/AppData/Local/JetBrains/Toolbox/apps/AndroidStudio/ch-0/233.14808.21.2331.11709847/plugins/vcs-git/lib/git4idea-rt.jar;C:/Users/User/AppData/Local/JetBrains/Toolbox/apps/AndroidStudio/ch-0/233.14808.21.2331.11709847/lib/externalProcess-rt.jar
Launcher Type: SUN_STANDARD

[Global flags]
     intx CICompilerCount                          = 4                                         {product} {ergonomic}
     uint ConcGCThreads                            = 3                                         {product} {ergonomic}
     uint G1ConcRefinementThreads                  = 10                                        {product} {ergonomic}
   size_t G1HeapRegionSize                         = 4194304                                   {product} {ergonomic}
    uintx GCDrainStackTargetSize                   = 64                                        {product} {ergonomic}
   size_t InitialHeapSize                          = 327155712                                 {product} {ergonomic}
   size_t MarkStackSize                            = 4194304                                   {product} {ergonomic}
   size_t MaxHeapSize                              = 5200936960                                {product} {ergonomic}
   size_t MinHeapDeltaBytes                        = 4194304                                   {product} {ergonomic}
   size_t MinHeapSize                              = 8388608                                   {product} {ergonomic}
    uintx NonNMethodCodeHeapSize                   = 5839372                                {pd product} {ergonomic}
    uintx NonProfiledCodeHeapSize                  = 122909434                              {pd product} {ergonomic}
    uintx ProfiledCodeHeapSize                     = 122909434                              {pd product} {ergonomic}
    uintx ReservedCodeCacheSize                    = 251658240                              {pd product} {ergonomic}
     bool SegmentedCodeCache                       = true                                      {product} {ergonomic}
   size_t SoftMaxHeapSize                          = 5200936960                             {manageable} {ergonomic}
     bool UseCompressedClassPointers               = true                           {product lp64_product} {ergonomic}
     bool UseCompressedOops                        = true                           {product lp64_product} {ergonomic}
     bool UseG1GC                                  = true                                      {product} {ergonomic}
     bool UseLargePagesIndividualAllocation        = false                                  {pd product} {ergonomic}

Logging:
Log output configuration:
 #0: stdout all=warning uptime,level,tags
 #1: stderr all=off uptime,level,tags

Environment Variables:
JAVA_HOME=C:\Program Files\Java\jdk-20;C:\Program Files\Java\jdk-20;C:\Program Files\Java\jdk-20;%JAVA_HOME%\bin\bin\bin
PATH=C:/Program Files/Git/mingw64/libexec/git-core;C:/Program Files/Git/mingw64/libexec/git-core;C:\Program Files\Git\mingw64\bin;C:\Program Files\Git\usr\bin;C:\Users\User\bin;C:\Program Files\Common Files\Oracle\Java\javapath;C:\Windows\system32;C:\Windows;C:\Windows\System32\Wbem;C:\Windows\System32\WindowsPowerShell\v1.0\;C:\Windows\System32\OpenSSH\;C:\Program Files\NVIDIA Corporation\NVIDIA NvDLISR;C:\Program Files (x86)\NVIDIA Corporation\PhysX\Common;C:\Program Files (x86)\dotnet\;C:\WINDOWS\system32;C:\WINDOWS;C:\WINDOWS\System32\Wbem;C:\WINDOWS\System32\WindowsPowerShell\v1.0\;C:\WINDOWS\System32\OpenSSH\;C:\Program Files\dotnet\;C:\Users\User\Downloads\mingw-w64-v10.0.0\mingw-w64-v10.0.0;C:\Program Files\Git\cmd;C:\Program Files\Go\bin;C:\Program Files\Docker\Docker\resources\bin;C:\Users\User\anaconda3;C:\Users\User\anaconda3\Scripts;C:\Program Files\PuTTY\;C:\Program Files\MATLAB\R2024a\bin;C:\Users\User\AppData\Local\Microsoft\WindowsApps;C:\Users\User\AppData\Local\atom\bin;C:\Users\User\AppData\Local\Programs\Microsoft VS Code\bin;C:\Program Files\CodeBlocks\MinGW\bin;C:\Program Files\CMake\bin;C:\Users\User\AppData\Local\JetBrains\Toolbox\scripts;C:\Users\User\AppData\Local\Microsoft\WindowsApps;C:\Users\User\go\bin;C:\Users\User\AppData\Local\GitHubDesktop\bin;C:\Users\User\AppData\Local\Programs\MiKTeX\miktex\bin\x64\
USERNAME=User
DISPLAY=:0.0
LC_ALL=en_US.UTF-8
TERM=xterm-256color
TMPDIR=C:\Users\User\AppData\Local\Temp
OS=Windows_NT
PROCESSOR_IDENTIFIER=AMD64 Family 23 Model 96 Stepping 1, AuthenticAMD
TMP=C:\Users\User\AppData\Local\Temp
TEMP=C:\Users\User\AppData\Local\Temp



Periodic native trim disabled

JNI global refs:
JNI global refs: 0, weak refs: 0

JNI global refs memory usage: 0, weak refs: 0

OOME stack traces (most recent first):
Classloader memory used:


---------------  S Y S T E M  ---------------

OS:
 Windows 11 , 64 bit Build 22621 (10.0.22621.3527)
OS uptime: 0 days 18:11 hours
Hyper-V role detected

CPU: total 12 (initial active 12) (12 cores per cpu, 2 threads per core) family 23 model 96 stepping 1 microcode 0x0, cx8, cmov, fxsr, ht, mmx, 3dnowpref, sse, sse2, sse3, ssse3, sse4a, sse4.1, sse4.2, popcnt, lzcnt, tsc, tscinvbit, avx, avx2, aes, clmul, bmi1, bmi2, adx, sha, fma, vzeroupper, clflush, clflushopt, hv
Processor Information for all 12 processors :
  Max Mhz: 3000, Current Mhz: 3000, Mhz Limit: 3000

Memory: 4k page, system-wide physical 19837M (3118M free)
TotalPageFile size 19837M (AvailPageFile size 162M)
current process WorkingSet (physical memory assigned to process): 12M, peak: 12M
current process commit charge ("private bytes"): 65M, peak: 377M

vm_info: OpenJDK 64-Bit Server VM (17.0.10+0--11572160) for windows-amd64 JRE (17.0.10+0--11572160), built on Mar 13 2024 23:56:38 by "androidbuild" with MS VC++ 16.10 / 16.11 (VS2019)

END.
