#
# There is insufficient memory for the Java Runtime Environment to continue.
# Native memory allocation (mmap) failed to map 65536 bytes for Failed to commit metaspace.
# Possible reasons:
#   The system is out of physical RAM or swap space
#   The process is running with CompressedOops enabled, and the Java Heap may be blocking the growth of the native heap
# Possible solutions:
#   Reduce memory load on the system
#   Increase physical memory or swap space
#   Check if swap backing store is full
#   Decrease Java heap size (-Xmx/-Xms)
#   Decrease number of Java threads
#   Decrease Java thread stack sizes (-Xss)
#   Set larger code cache with -XX:ReservedCodeCacheSize=
#   JVM is running with Zero Based Compressed Oops mode in which the Java heap is
#     placed in the first 32GB address space. The Java Heap base address is the
#     maximum limit for the native heap growth. Please use -XX:HeapBaseMinAddress
#     to set the Java Heap base and to place the Java Heap above 32GB virtual address.
# This output file may be truncated or incomplete.
#
#  Out of Memory Error (virtualSpaceNode.cpp:110), pid=23048, tid=22440
#
# JRE version: OpenJDK Runtime Environment (17.0.10) (build 17.0.10+0--11572160)
# Java VM: OpenJDK 64-Bit Server VM (17.0.10+0--11572160, mixed mode, tiered, compressed oops, compressed class ptrs, g1 gc, windows-amd64)
# No core dump will be written. Minidumps are not enabled by default on client versions of Windows
#

---------------  S U M M A R Y ------------

Command Line: git4idea.http.GitAskPassApp Username for 'https://github.com': 

Host: AMD Ryzen 5 4600H with Radeon Graphics         , 12 cores, 19G,  Windows 11 , 64 bit Build 22621 (10.0.22621.3527)
Time: Tue Jun  4 19:07:13 2024 W. Europe Daylight Time elapsed time: 0.182858 seconds (0d 0h 0m 0s)

---------------  T H R E A D  ---------------

Current thread (0x00000155420becb0):  JavaThread "main" [_thread_in_vm, id=22440, stack(0x00000047e8400000,0x00000047e8500000)]

Stack: [0x00000047e8400000,0x00000047e8500000]
Native frames: (J=compiled Java code, j=interpreted, Vv=VM code, C=native code)
V  [jvm.dll+0x688e89]
V  [jvm.dll+0x84247a]
V  [jvm.dll+0x8440be]
V  [jvm.dll+0x844723]
V  [jvm.dll+0x24be0f]
V  [jvm.dll+0x83d45b]
V  [jvm.dll+0x62d4a6]
V  [jvm.dll+0x62d50a]
V  [jvm.dll+0x62fd3a]
V  [jvm.dll+0x62de46]
V  [jvm.dll+0x374052]
V  [jvm.dll+0x1e66db]
V  [jvm.dll+0x54dd45]
V  [jvm.dll+0x1f59bb]
V  [jvm.dll+0x7bac1b]
V  [jvm.dll+0x7bc08c]
V  [jvm.dll+0x7bc3d8]
V  [jvm.dll+0x24386e]
V  [jvm.dll+0x387e8e]
C  0x000001554caab704

The last pc belongs to new (printed below).
Java frames: (J=compiled Java code, j=interpreted, Vv=VM code)
j  javax.crypto.JceSecurity.<clinit>()V+47 java.base@17.0.10
v  ~StubRoutines::call_stub
j  javax.crypto.Cipher.getInstance(Ljava/lang/String;)Ljavax/crypto/Cipher;+134 java.base@17.0.10
j  sun.security.ssl.SSLCipher.isTransformationAvailable(Ljava/lang/String;)Z+12 java.base@17.0.10
j  sun.security.ssl.SSLCipher.<init>(Ljava/lang/String;ILjava/lang/String;Lsun/security/ssl/CipherType;IIIIZZ[Ljava/util/Map$Entry;[Ljava/util/Map$Entry;)V+124 java.base@17.0.10
j  sun.security.ssl.SSLCipher.<clinit>()V+182 java.base@17.0.10
v  ~StubRoutines::call_stub
j  sun.security.ssl.CipherSuite.<clinit>()V+18 java.base@17.0.10
v  ~StubRoutines::call_stub
j  sun.security.ssl.SSLContextImpl.getApplicableSupportedCipherSuites(Ljava/util/List;)Ljava/util/List;+0 java.base@17.0.10
j  sun.security.ssl.SSLContextImpl$AbstractTLSContext.<clinit>()V+84 java.base@17.0.10
v  ~StubRoutines::call_stub
j  java.lang.Class.forName0(Ljava/lang/String;ZLjava/lang/ClassLoader;Ljava/lang/Class;)Ljava/lang/Class;+0 java.base@17.0.10
j  java.lang.Class.forName(Ljava/lang/String;)Ljava/lang/Class;+11 java.base@17.0.10
j  java.security.Provider$Service.getImplClass()Ljava/lang/Class;+64 java.base@17.0.10
j  java.security.Provider$Service.getDefaultConstructor()Ljava/lang/reflect/Constructor;+46 java.base@17.0.10
j  java.security.Provider$Service.newInstanceOf()Ljava/lang/Object;+1 java.base@17.0.10
j  java.security.Provider$Service.newInstanceUtil(Ljava/lang/Class;Ljava/lang/Object;)Ljava/lang/Object;+5 java.base@17.0.10
j  java.security.Provider$Service.newInstance(Ljava/lang/Object;)Ljava/lang/Object;+227 java.base@17.0.10
j  sun.security.jca.GetInstance.getInstance(Ljava/security/Provider$Service;Ljava/lang/Class;)Lsun/security/jca/GetInstance$Instance;+2 java.base@17.0.10
j  sun.security.jca.GetInstance.getInstance(Ljava/lang/String;Ljava/lang/Class;Ljava/lang/String;)Lsun/security/jca/GetInstance$Instance;+56 java.base@17.0.10
j  javax.net.ssl.SSLContext.getInstance(Ljava/lang/String;)Ljavax/net/ssl/SSLContext;+12 java.base@17.0.10
j  externalApp.ExternalAppUtil.sendIdeRequest(Ljava/lang/String;ILjava/lang/String;Ljava/lang/String;)LexternalApp/ExternalAppUtil$Result;+34
j  git4idea.http.GitAskPassApp.main([Ljava/lang/String;)V+37
v  ~StubRoutines::call_stub
new  187 new  [0x000001554caab560, 0x000001554caab780]  544 bytes
[MachCode]
  0x000001554caab560: 4883 ec08 | c5fa 1104 | 24eb 1f48 | 83ec 10c5 | fb11 0424 | eb14 4883 | ec10 4889 | 0424 48c7 
  0x000001554caab580: 4424 0800 | 0000 00eb | 0150 410f | b755 010f | cac1 ea10 | 488b 4de8 | 488b 4908 | 488b 4908 
  0x000001554caab5a0: 488b 4108 | 807c 1004 | 070f 85df | 0000 0066 | 8b54 d148 | 488b 4928 | 488b 4cd1 | 0851 80b9 
  0x000001554caab5c0: 5b01 0000 | 040f 85c2 | 0000 008b | 5108 f7c2 | 0100 0000 | 0f85 b300 | 0000 498b | 8708 0100 
  0x000001554caab5e0: 0048 8d1c | 1049 3b9f | 1801 0000 | 0f87 9b00 | 0000 4989 | 9f08 0100 | 00e9 0000 | 0000 4883 
  0x000001554caab600: ea10 0f84 | 0f00 0000 | 33c9 c1ea | 0348 894c | d008 48ff | ca75 f648 | c700 0100 | 0000 5933 
  0x000001554caab620: f689 700c | 49ba 0000 | 0000 0800 | 0000 492b | ca89 4808 | 49ba 8939 | 91a7 fa7f | 0000 4180 
  0x000001554caab640: 3a00 0f84 | 4000 0000 | 5048 8bc8 | 4883 ec20 | f7c4 0f00 | 0000 0f84 | 1a00 0000 | 4883 ec08 
  0x000001554caab660: 49ba d0f3 | 46a7 fa7f | 0000 41ff | d248 83c4 | 08e9 0d00 | 0000 49ba | d0f3 46a7 | fa7f 0000 
  0x000001554caab680: 41ff d248 | 83c4 2058 | e9cd 0000 | 0059 488b | 55e8 488b | 5208 488b | 5208 450f | b745 0141 
  0x000001554caab6a0: 0fc8 41c1 | e810 e805 | 0000 00e9 | aa00 0000 | 488d 4424 | 084c 896d | c049 8bcf | c5f8 7749 
  0x000001554caab6c0: 89af a802 | 0000 4989 | 8798 0200 | 0048 83ec | 20f7 c40f | 0000 000f | 841a 0000 | 0048 83ec 
  0x000001554caab6e0: 0849 ba40 | 7e10 a7fa | 7f00 0041 | ffd2 4883 | c408 e90d | 0000 0049 | ba40 7e10 | a7fa 7f00 
  0x000001554caab700: 0041 ffd2 | 4883 c420 | 49c7 8798 | 0200 0000 | 0000 0049 | c787 a802 | 0000 0000 | 0000 49c7 
  0x000001554caab720: 87a0 0200 | 0000 0000 | 00c5 f877 | 4981 7f08 | 0000 0000 | 0f84 0500 | 0000 e9c1 | 57fe ff49 
  0x000001554caab740: 8b87 f002 | 0000 49c7 | 87f0 0200 | 0000 0000 | 004c 8b6d | c04c 8b75 | c8c3 410f | b65d 0349 
  0x000001554caab760: 83c5 0349 | ba80 a693 | a7fa 7f00 | 0041 ff24 | da0f 1f80 | 0000 0000 | 0000 0000 | 0000 0000 
[/MachCode]

---------------  P R O C E S S  ---------------

Threads class SMR info:
_java_thread_list=0x00000155632b9a20, length=12, elements={
0x00000155420becb0, 0x00000155630db900, 0x00000155630dc5e0, 0x000001556314e010,
0x000001556314e8e0, 0x000001556314f300, 0x0000015563153d30, 0x00000155631286d0,
0x000001556312bd60, 0x0000015563139b90, 0x00000155632a7a60, 0x00000155632a7550
}

Java Threads: ( => current thread )
=>0x00000155420becb0 JavaThread "main" [_thread_in_vm, id=22440, stack(0x00000047e8400000,0x00000047e8500000)]
  0x00000155630db900 JavaThread "Reference Handler" daemon [_thread_blocked, id=15376, stack(0x00000047e8b00000,0x00000047e8c00000)]
  0x00000155630dc5e0 JavaThread "Finalizer" daemon [_thread_blocked, id=4816, stack(0x00000047e8c00000,0x00000047e8d00000)]
  0x000001556314e010 JavaThread "Signal Dispatcher" daemon [_thread_blocked, id=3136, stack(0x00000047e8d00000,0x00000047e8e00000)]
  0x000001556314e8e0 JavaThread "Attach Listener" daemon [_thread_blocked, id=16968, stack(0x00000047e8e00000,0x00000047e8f00000)]
  0x000001556314f300 JavaThread "Service Thread" daemon [_thread_blocked, id=8728, stack(0x00000047e8f00000,0x00000047e9000000)]
  0x0000015563153d30 JavaThread "Monitor Deflation Thread" daemon [_thread_blocked, id=19928, stack(0x00000047e9000000,0x00000047e9100000)]
  0x00000155631286d0 JavaThread "C2 CompilerThread0" daemon [_thread_blocked, id=19888, stack(0x00000047e9100000,0x00000047e9200000)]
  0x000001556312bd60 JavaThread "C1 CompilerThread0" daemon [_thread_in_vm, id=21376, stack(0x00000047e9200000,0x00000047e9300000)]
  0x0000015563139b90 JavaThread "Sweeper thread" daemon [_thread_blocked, id=12748, stack(0x00000047e9300000,0x00000047e9400000)]
  0x00000155632a7a60 JavaThread "Notification Thread" daemon [_thread_blocked, id=22804, stack(0x00000047e9400000,0x00000047e9500000)]
  0x00000155632a7550 JavaThread "Common-Cleaner" daemon [_thread_blocked, id=12052, stack(0x00000047e9600000,0x00000047e9700000)]

Other Threads:
  0x00000155624abd10 VMThread "VM Thread" [stack: 0x00000047e8a00000,0x00000047e8b00000] [id=13724]
  0x00000155632ad990 WatcherThread [stack: 0x00000047e9500000,0x00000047e9600000] [id=18300]
  0x00000155421317d0 GCTaskThread "GC Thread#0" [stack: 0x00000047e8500000,0x00000047e8600000] [id=16160]
  0x000001554213c120 ConcurrentGCThread "G1 Main Marker" [stack: 0x00000047e8600000,0x00000047e8700000] [id=1460]
  0x000001554213cb90 ConcurrentGCThread "G1 Conc#0" [stack: 0x00000047e8700000,0x00000047e8800000] [id=24152]
  0x000001556235dc80 ConcurrentGCThread "G1 Refine#0" [stack: 0x00000047e8800000,0x00000047e8900000] [id=18312]
  0x000001556235e5b0 ConcurrentGCThread "G1 Service" [stack: 0x00000047e8900000,0x00000047e8a00000] [id=14860]

Threads with active compile tasks:
C1 CompilerThread0      213  227       3       java.util.Collections::emptyIterator (4 bytes)

VM state: not at safepoint (normal execution)

VM Mutex/Monitor currently owned by a thread:  ([mutex/lock_event])
[0x00000155420b9d90] Metaspace_lock - owner thread: 0x00000155420becb0
[0x00000155420b9400] MethodData_lock - owner thread: 0x000001556312bd60

Heap address: 0x00000006ca000000, size: 4960 MB, Compressed Oops mode: Zero based, Oop shift amount: 3

CDS archive(s) not mapped
Compressed class space mapped at: 0x0000000800000000-0x0000000840000000, reserved size: 1073741824
Narrow klass base: 0x0000000800000000, Narrow klass shift: 0, Narrow klass range: 0x40000000

GC Precious Log:
 CPUs: 12 total, 12 available
 Memory: 19837M
 Large Page Support: Disabled
 NUMA Support: Disabled
 Compressed Oops: Enabled (Zero based)
 Heap Region Size: 4M
 Heap Min Capacity: 8M
 Heap Initial Capacity: 312M
 Heap Max Capacity: 4960M
 Pre-touch: Disabled
 Parallel Workers: 10
 Concurrent Workers: 3
 Concurrent Refinement Workers: 10
 Periodic GC: Disabled

Heap:
 garbage-first heap   total 319488K, used 0K [0x00000006ca000000, 0x0000000800000000)
  region size 4096K, 1 young (4096K), 0 survivors (0K)
 Metaspace       used 8111K, committed 8256K, reserved 1114112K
  class space    used 711K, committed 768K, reserved 1048576K

Heap Regions: E=young(eden), S=young(survivor), O=old, HS=humongous(starts), HC=humongous(continues), CS=collection set, F=free, OA=open archive, CA=closed archive, TAMS=top-at-mark-start (previous, next)
|   0|0x00000006ca000000, 0x00000006ca000000, 0x00000006ca400000|  0%| F|  |TAMS 0x00000006ca000000, 0x00000006ca000000| Untracked 
|   1|0x00000006ca400000, 0x00000006ca400000, 0x00000006ca800000|  0%| F|  |TAMS 0x00000006ca400000, 0x00000006ca400000| Untracked 
|   2|0x00000006ca800000, 0x00000006ca800000, 0x00000006cac00000|  0%| F|  |TAMS 0x00000006ca800000, 0x00000006ca800000| Untracked 
|   3|0x00000006cac00000, 0x00000006cac00000, 0x00000006cb000000|  0%| F|  |TAMS 0x00000006cac00000, 0x00000006cac00000| Untracked 
|   4|0x00000006cb000000, 0x00000006cb000000, 0x00000006cb400000|  0%| F|  |TAMS 0x00000006cb000000, 0x00000006cb000000| Untracked 
|   5|0x00000006cb400000, 0x00000006cb400000, 0x00000006cb800000|  0%| F|  |TAMS 0x00000006cb400000, 0x00000006cb400000| Untracked 
|   6|0x00000006cb800000, 0x00000006cb800000, 0x00000006cbc00000|  0%| F|  |TAMS 0x00000006cb800000, 0x00000006cb800000| Untracked 
|   7|0x00000006cbc00000, 0x00000006cbc00000, 0x00000006cc000000|  0%| F|  |TAMS 0x00000006cbc00000, 0x00000006cbc00000| Untracked 
|   8|0x00000006cc000000, 0x00000006cc000000, 0x00000006cc400000|  0%| F|  |TAMS 0x00000006cc000000, 0x00000006cc000000| Untracked 
|   9|0x00000006cc400000, 0x00000006cc400000, 0x00000006cc800000|  0%| F|  |TAMS 0x00000006cc400000, 0x00000006cc400000| Untracked 
|  10|0x00000006cc800000, 0x00000006cc800000, 0x00000006ccc00000|  0%| F|  |TAMS 0x00000006cc800000, 0x00000006cc800000| Untracked 
|  11|0x00000006ccc00000, 0x00000006ccc00000, 0x00000006cd000000|  0%| F|  |TAMS 0x00000006ccc00000, 0x00000006ccc00000| Untracked 
|  12|0x00000006cd000000, 0x00000006cd000000, 0x00000006cd400000|  0%| F|  |TAMS 0x00000006cd000000, 0x00000006cd000000| Untracked 
|  13|0x00000006cd400000, 0x00000006cd400000, 0x00000006cd800000|  0%| F|  |TAMS 0x00000006cd400000, 0x00000006cd400000| Untracked 
|  14|0x00000006cd800000, 0x00000006cd800000, 0x00000006cdc00000|  0%| F|  |TAMS 0x00000006cd800000, 0x00000006cd800000| Untracked 
|  15|0x00000006cdc00000, 0x00000006cdc00000, 0x00000006ce000000|  0%| F|  |TAMS 0x00000006cdc00000, 0x00000006cdc00000| Untracked 
|  16|0x00000006ce000000, 0x00000006ce000000, 0x00000006ce400000|  0%| F|  |TAMS 0x00000006ce000000, 0x00000006ce000000| Untracked 
|  17|0x00000006ce400000, 0x00000006ce400000, 0x00000006ce800000|  0%| F|  |TAMS 0x00000006ce400000, 0x00000006ce400000| Untracked 
|  18|0x00000006ce800000, 0x00000006ce800000, 0x00000006cec00000|  0%| F|  |TAMS 0x00000006ce800000, 0x00000006ce800000| Untracked 
|  19|0x00000006cec00000, 0x00000006cec00000, 0x00000006cf000000|  0%| F|  |TAMS 0x00000006cec00000, 0x00000006cec00000| Untracked 
|  20|0x00000006cf000000, 0x00000006cf000000, 0x00000006cf400000|  0%| F|  |TAMS 0x00000006cf000000, 0x00000006cf000000| Untracked 
|  21|0x00000006cf400000, 0x00000006cf400000, 0x00000006cf800000|  0%| F|  |TAMS 0x00000006cf400000, 0x00000006cf400000| Untracked 
|  22|0x00000006cf800000, 0x00000006cf800000, 0x00000006cfc00000|  0%| F|  |TAMS 0x00000006cf800000, 0x00000006cf800000| Untracked 
|  23|0x00000006cfc00000, 0x00000006cfc00000, 0x00000006d0000000|  0%| F|  |TAMS 0x00000006cfc00000, 0x00000006cfc00000| Untracked 
|  24|0x00000006d0000000, 0x00000006d0000000, 0x00000006d0400000|  0%| F|  |TAMS 0x00000006d0000000, 0x00000006d0000000| Untracked 
|  25|0x00000006d0400000, 0x00000006d0400000, 0x00000006d0800000|  0%| F|  |TAMS 0x00000006d0400000, 0x00000006d0400000| Untracked 
|  26|0x00000006d0800000, 0x00000006d0800000, 0x00000006d0c00000|  0%| F|  |TAMS 0x00000006d0800000, 0x00000006d0800000| Untracked 
|  27|0x00000006d0c00000, 0x00000006d0c00000, 0x00000006d1000000|  0%| F|  |TAMS 0x00000006d0c00000, 0x00000006d0c00000| Untracked 
|  28|0x00000006d1000000, 0x00000006d1000000, 0x00000006d1400000|  0%| F|  |TAMS 0x00000006d1000000, 0x00000006d1000000| Untracked 
|  29|0x00000006d1400000, 0x00000006d1400000, 0x00000006d1800000|  0%| F|  |TAMS 0x00000006d1400000, 0x00000006d1400000| Untracked 
|  30|0x00000006d1800000, 0x00000006d1800000, 0x00000006d1c00000|  0%| F|  |TAMS 0x00000006d1800000, 0x00000006d1800000| Untracked 
|  31|0x00000006d1c00000, 0x00000006d1c00000, 0x00000006d2000000|  0%| F|  |TAMS 0x00000006d1c00000, 0x00000006d1c00000| Untracked 
|  32|0x00000006d2000000, 0x00000006d2000000, 0x00000006d2400000|  0%| F|  |TAMS 0x00000006d2000000, 0x00000006d2000000| Untracked 
|  33|0x00000006d2400000, 0x00000006d2400000, 0x00000006d2800000|  0%| F|  |TAMS 0x00000006d2400000, 0x00000006d2400000| Untracked 
|  34|0x00000006d2800000, 0x00000006d2800000, 0x00000006d2c00000|  0%| F|  |TAMS 0x00000006d2800000, 0x00000006d2800000| Untracked 
|  35|0x00000006d2c00000, 0x00000006d2c00000, 0x00000006d3000000|  0%| F|  |TAMS 0x00000006d2c00000, 0x00000006d2c00000| Untracked 
|  36|0x00000006d3000000, 0x00000006d3000000, 0x00000006d3400000|  0%| F|  |TAMS 0x00000006d3000000, 0x00000006d3000000| Untracked 
|  37|0x00000006d3400000, 0x00000006d3400000, 0x00000006d3800000|  0%| F|  |TAMS 0x00000006d3400000, 0x00000006d3400000| Untracked 
|  38|0x00000006d3800000, 0x00000006d3800000, 0x00000006d3c00000|  0%| F|  |TAMS 0x00000006d3800000, 0x00000006d3800000| Untracked 
|  39|0x00000006d3c00000, 0x00000006d3c00000, 0x00000006d4000000|  0%| F|  |TAMS 0x00000006d3c00000, 0x00000006d3c00000| Untracked 
|  40|0x00000006d4000000, 0x00000006d4000000, 0x00000006d4400000|  0%| F|  |TAMS 0x00000006d4000000, 0x00000006d4000000| Untracked 
|  41|0x00000006d4400000, 0x00000006d4400000, 0x00000006d4800000|  0%| F|  |TAMS 0x00000006d4400000, 0x00000006d4400000| Untracked 
|  42|0x00000006d4800000, 0x00000006d4800000, 0x00000006d4c00000|  0%| F|  |TAMS 0x00000006d4800000, 0x00000006d4800000| Untracked 
|  43|0x00000006d4c00000, 0x00000006d4c00000, 0x00000006d5000000|  0%| F|  |TAMS 0x00000006d4c00000, 0x00000006d4c00000| Untracked 
|  44|0x00000006d5000000, 0x00000006d5000000, 0x00000006d5400000|  0%| F|  |TAMS 0x00000006d5000000, 0x00000006d5000000| Untracked 
|  45|0x00000006d5400000, 0x00000006d5400000, 0x00000006d5800000|  0%| F|  |TAMS 0x00000006d5400000, 0x00000006d5400000| Untracked 
|  46|0x00000006d5800000, 0x00000006d5800000, 0x00000006d5c00000|  0%| F|  |TAMS 0x00000006d5800000, 0x00000006d5800000| Untracked 
|  47|0x00000006d5c00000, 0x00000006d5c00000, 0x00000006d6000000|  0%| F|  |TAMS 0x00000006d5c00000, 0x00000006d5c00000| Untracked 
|  48|0x00000006d6000000, 0x00000006d6000000, 0x00000006d6400000|  0%| F|  |TAMS 0x00000006d6000000, 0x00000006d6000000| Untracked 
|  49|0x00000006d6400000, 0x00000006d6400000, 0x00000006d6800000|  0%| F|  |TAMS 0x00000006d6400000, 0x00000006d6400000| Untracked 
|  50|0x00000006d6800000, 0x00000006d6800000, 0x00000006d6c00000|  0%| F|  |TAMS 0x00000006d6800000, 0x00000006d6800000| Untracked 
|  51|0x00000006d6c00000, 0x00000006d6c00000, 0x00000006d7000000|  0%| F|  |TAMS 0x00000006d6c00000, 0x00000006d6c00000| Untracked 
|  52|0x00000006d7000000, 0x00000006d7000000, 0x00000006d7400000|  0%| F|  |TAMS 0x00000006d7000000, 0x00000006d7000000| Untracked 
|  53|0x00000006d7400000, 0x00000006d7400000, 0x00000006d7800000|  0%| F|  |TAMS 0x00000006d7400000, 0x00000006d7400000| Untracked 
|  54|0x00000006d7800000, 0x00000006d7800000, 0x00000006d7c00000|  0%| F|  |TAMS 0x00000006d7800000, 0x00000006d7800000| Untracked 
|  55|0x00000006d7c00000, 0x00000006d7c00000, 0x00000006d8000000|  0%| F|  |TAMS 0x00000006d7c00000, 0x00000006d7c00000| Untracked 
|  56|0x00000006d8000000, 0x00000006d8000000, 0x00000006d8400000|  0%| F|  |TAMS 0x00000006d8000000, 0x00000006d8000000| Untracked 
|  57|0x00000006d8400000, 0x00000006d8400000, 0x00000006d8800000|  0%| F|  |TAMS 0x00000006d8400000, 0x00000006d8400000| Untracked 
|  58|0x00000006d8800000, 0x00000006d8800000, 0x00000006d8c00000|  0%| F|  |TAMS 0x00000006d8800000, 0x00000006d8800000| Untracked 
|  59|0x00000006d8c00000, 0x00000006d8c00000, 0x00000006d9000000|  0%| F|  |TAMS 0x00000006d8c00000, 0x00000006d8c00000| Untracked 
|  60|0x00000006d9000000, 0x00000006d9000000, 0x00000006d9400000|  0%| F|  |TAMS 0x00000006d9000000, 0x00000006d9000000| Untracked 
|  61|0x00000006d9400000, 0x00000006d9400000, 0x00000006d9800000|  0%| F|  |TAMS 0x00000006d9400000, 0x00000006d9400000| Untracked 
|  62|0x00000006d9800000, 0x00000006d9800000, 0x00000006d9c00000|  0%| F|  |TAMS 0x00000006d9800000, 0x00000006d9800000| Untracked 
|  63|0x00000006d9c00000, 0x00000006d9c00000, 0x00000006da000000|  0%| F|  |TAMS 0x00000006d9c00000, 0x00000006d9c00000| Untracked 
|  64|0x00000006da000000, 0x00000006da000000, 0x00000006da400000|  0%| F|  |TAMS 0x00000006da000000, 0x00000006da000000| Untracked 
|  65|0x00000006da400000, 0x00000006da400000, 0x00000006da800000|  0%| F|  |TAMS 0x00000006da400000, 0x00000006da400000| Untracked 
|  66|0x00000006da800000, 0x00000006da800000, 0x00000006dac00000|  0%| F|  |TAMS 0x00000006da800000, 0x00000006da800000| Untracked 
|  67|0x00000006dac00000, 0x00000006dac00000, 0x00000006db000000|  0%| F|  |TAMS 0x00000006dac00000, 0x00000006dac00000| Untracked 
|  68|0x00000006db000000, 0x00000006db000000, 0x00000006db400000|  0%| F|  |TAMS 0x00000006db000000, 0x00000006db000000| Untracked 
|  69|0x00000006db400000, 0x00000006db400000, 0x00000006db800000|  0%| F|  |TAMS 0x00000006db400000, 0x00000006db400000| Untracked 
|  70|0x00000006db800000, 0x00000006db800000, 0x00000006dbc00000|  0%| F|  |TAMS 0x00000006db800000, 0x00000006db800000| Untracked 
|  71|0x00000006dbc00000, 0x00000006dbc00000, 0x00000006dc000000|  0%| F|  |TAMS 0x00000006dbc00000, 0x00000006dbc00000| Untracked 
|  72|0x00000006dc000000, 0x00000006dc000000, 0x00000006dc400000|  0%| F|  |TAMS 0x00000006dc000000, 0x00000006dc000000| Untracked 
|  73|0x00000006dc400000, 0x00000006dc400000, 0x00000006dc800000|  0%| F|  |TAMS 0x00000006dc400000, 0x00000006dc400000| Untracked 
|  74|0x00000006dc800000, 0x00000006dc800000, 0x00000006dcc00000|  0%| F|  |TAMS 0x00000006dc800000, 0x00000006dc800000| Untracked 
|  75|0x00000006dcc00000, 0x00000006dcc00000, 0x00000006dd000000|  0%| F|  |TAMS 0x00000006dcc00000, 0x00000006dcc00000| Untracked 
|  76|0x00000006dd000000, 0x00000006dd000000, 0x00000006dd400000|  0%| F|  |TAMS 0x00000006dd000000, 0x00000006dd000000| Untracked 
|  77|0x00000006dd400000, 0x00000006dd73cbe8, 0x00000006dd800000| 80%| E|  |TAMS 0x00000006dd400000, 0x00000006dd400000| Complete 

Card table byte_map: [0x0000015555460000,0x0000015555e10000] _byte_map_base: 0x0000015551e10000

Marking Bits (Prev, Next): (CMBitMap*) 0x0000015542131cf0, (CMBitMap*) 0x0000015542131d30
 Prev Bits: [0x00000155567c0000, 0x000001555b540000)
 Next Bits: [0x000001555b540000, 0x00000155602c0000)

Polling page: 0x0000015541840000

Metaspace:

Usage:
  Non-class:      7.23 MB used.
      Class:    711.48 KB used.
       Both:      7.92 MB used.

Virtual space:
  Non-class space:       64.00 MB reserved,       7.31 MB ( 11%) committed,  1 nodes.
      Class space:        1.00 GB reserved,     768.00 KB ( <1%) committed,  1 nodes.
             Both:        1.06 GB reserved,       8.06 MB ( <1%) committed. 

Chunk freelists:
   Non-Class:  8.48 MB
       Class:  15.24 MB
        Both:  23.72 MB

MaxMetaspaceSize: unlimited
CompressedClassSpaceSize: 1.00 GB
Initial GC threshold: 21.00 MB
Current GC threshold: 21.00 MB
CDS: off
MetaspaceReclaimPolicy: balanced
 - commit_granule_bytes: 65536.
 - commit_granule_words: 8192.
 - virtual_space_node_default_size: 8388608.
 - enlarge_chunks_in_place: 1.
 - new_chunks_are_fully_committed: 0.
 - uncommit_free_chunks: 1.
 - use_allocation_guard: 0.
 - handle_deallocations: 1.


Internal statistics:

num_allocs_failed_limit: 0.
num_arena_births: 8.
num_arena_deaths: 0.
num_vsnodes_births: 2.
num_vsnodes_deaths: 0.
num_space_committed: 129.
num_space_uncommitted: 0.
num_chunks_returned_to_freelist: 0.
num_chunks_taken_from_freelist: 31.
num_chunk_merges: 0.
num_chunk_splits: 14.
num_chunks_enlarged: 7.
num_inconsistent_stats: 0.

CodeHeap 'non-profiled nmethods': size=120000Kb used=65Kb max_used=65Kb free=119934Kb
 bounds [0x000001554d030000, 0x000001554d2a0000, 0x0000015554560000]
CodeHeap 'profiled nmethods': size=120000Kb used=271Kb max_used=271Kb free=119729Kb
 bounds [0x0000015545560000, 0x00000155457d0000, 0x000001554ca90000]
CodeHeap 'non-nmethods': size=5760Kb used=1126Kb max_used=1140Kb free=4633Kb
 bounds [0x000001554ca90000, 0x000001554cd00000, 0x000001554d030000]
 total_blobs=635 nmethods=225 adapters=323
 compilation: enabled
              stopped_count=0, restarted_count=0
 full_count=0

Compilation events (20 events):
Event: 0.177 Thread 0x000001556312bd60  214       3       java.util.AbstractMap::<init> (5 bytes)
Event: 0.177 Thread 0x000001556312bd60 nmethod 214 0x000001554559f210 code [0x000001554559f3a0, 0x000001554559f4f8]
Event: 0.177 Thread 0x000001556312bd60  215       3       java.util.AbstractList::<init> (10 bytes)
Event: 0.178 Thread 0x000001556312bd60 nmethod 215 0x000001554559f590 code [0x000001554559f740, 0x000001554559f918]
Event: 0.178 Thread 0x000001556312bd60  217       3       java.security.Provider$ServiceKey::hashCode (19 bytes)
Event: 0.178 Thread 0x000001556312bd60 nmethod 217 0x000001554559fa10 code [0x000001554559fbc0, 0x000001554559fd78]
Event: 0.178 Thread 0x000001556312bd60  219       3       java.util.HashMap$HashIterator::<init> (79 bytes)
Event: 0.179 Thread 0x000001556312bd60 nmethod 219 0x000001554559fe90 code [0x00000155455a0040, 0x00000155455a0498]
Event: 0.179 Thread 0x000001556312bd60  218       3       java.security.Provider$ServiceKey::<init> (39 bytes)
Event: 0.179 Thread 0x000001556312bd60 nmethod 218 0x00000155455a0610 code [0x00000155455a0800, 0x00000155455a0d48]
Event: 0.179 Thread 0x000001556312bd60  221       3       java.util.concurrent.ConcurrentHashMap$Node::<init> (14 bytes)
Event: 0.179 Thread 0x000001556312bd60 nmethod 221 0x00000155455a0f10 code [0x00000155455a10c0, 0x00000155455a13b8]
Event: 0.179 Thread 0x000001556312bd60  220       3       java.util.Arrays::copyOf (40 bytes)
Event: 0.179 Thread 0x00000155631286d0  222       4       java.util.concurrent.ConcurrentHashMap::setTabAt (20 bytes)
Event: 0.179 Thread 0x000001556312bd60 nmethod 220 0x00000155455a1490 code [0x00000155455a1680, 0x00000155455a1d68]
Event: 0.179 Thread 0x000001556312bd60  224       3       java.util.HashMap::resize (356 bytes)
Event: 0.180 Thread 0x000001556312bd60 nmethod 224 0x00000155455a1f90 code [0x00000155455a2240, 0x00000155455a3768]
Event: 0.180 Thread 0x000001556312bd60  227       3       java.util.Collections::emptyIterator (4 bytes)
Event: 0.180 Thread 0x00000155631286d0 nmethod 222 0x000001554d03ff90 code [0x000001554d040100, 0x000001554d040218]
Event: 0.180 Thread 0x00000155631286d0  225       4       java.lang.CharacterDataLatin1::toLowerCase (39 bytes)

GC Heap History (0 events):
No events

Dll operation events (1 events):
Event: 0.008 Loaded shared library C:\Users\User\AppData\Local\JetBrains\Toolbox\apps\AndroidStudio\ch-0\233.14808.21.2331.11709847\jbr\bin\java.dll

Deoptimization events (0 events):
No events

Classes unloaded (0 events):
No events

Classes redefined (0 events):
No events

Internal exceptions (0 events):
No events

VM Operations (4 events):
Event: 0.100 Executing VM operation: HandshakeAllThreads
Event: 0.100 Executing VM operation: HandshakeAllThreads done
Event: 0.111 Executing VM operation: HandshakeAllThreads
Event: 0.111 Executing VM operation: HandshakeAllThreads done

Events (20 events):
Event: 0.176 loading class sun/security/ssl/SSLCipher$StreamReadCipherGenerator done
Event: 0.176 loading class sun/security/ssl/SSLCipher$StreamWriteCipherGenerator
Event: 0.176 loading class sun/security/ssl/SSLCipher$StreamWriteCipherGenerator done
Event: 0.176 loading class javax/crypto/Cipher
Event: 0.176 loading class javax/crypto/Cipher done
Event: 0.176 loading class javax/crypto/Cipher$Transform
Event: 0.177 loading class javax/crypto/Cipher$Transform done
Event: 0.177 loading class java/util/Collections$1
Event: 0.177 loading class java/util/Collections$1 done
Event: 0.177 loading class sun/security/jca/ServiceId
Event: 0.177 loading class sun/security/jca/ServiceId done
Event: 0.177 loading class sun/security/jca/ProviderList$ServiceList
Event: 0.177 loading class sun/security/jca/ProviderList$ServiceList done
Event: 0.177 loading class sun/security/jca/ProviderList$ServiceList$1
Event: 0.177 loading class sun/security/jca/ProviderList$ServiceList$1 done
Event: 0.177 loading class com/sun/crypto/provider/SunJCE
Event: 0.177 loading class com/sun/crypto/provider/SunJCE done
Event: 0.180 loading class javax/crypto/JceSecurity
Event: 0.180 loading class javax/crypto/JceSecurity done
Event: 0.180 loading class javax/crypto/JceSecurity$1


Dynamic libraries:
0x00007ff75a5c0000 - 0x00007ff75a5ca000 	C:\Users\User\AppData\Local\JetBrains\Toolbox\apps\AndroidStudio\ch-0\233.14808.21.2331.11709847\jbr\bin\java.exe
0x00007ffb43290000 - 0x00007ffb434a7000 	C:\WINDOWS\SYSTEM32\ntdll.dll
0x00007ffb42980000 - 0x00007ffb42a44000 	C:\WINDOWS\System32\KERNEL32.DLL
0x00007ffb40960000 - 0x00007ffb40d07000 	C:\WINDOWS\System32\KERNELBASE.dll
0x0000000072940000 - 0x0000000072c72000 	C:\Program Files\Norton Security\NortonData\22.20.5.39\Definitions\IPSDefs\20240603.064\IPSEng64.dll
0x00007ffb42110000 - 0x00007ffb421c2000 	C:\WINDOWS\System32\ADVAPI32.dll
0x00007ffb42490000 - 0x00007ffb42537000 	C:\WINDOWS\System32\msvcrt.dll
0x00007ffb418e0000 - 0x00007ffb41988000 	C:\WINDOWS\System32\sechost.dll
0x00007ffb40d80000 - 0x00007ffb40da8000 	C:\WINDOWS\System32\bcrypt.dll
0x00007ffb41b40000 - 0x00007ffb41c55000 	C:\WINDOWS\System32\RPCRT4.dll
0x00007ffb42c20000 - 0x00007ffb42c28000 	C:\WINDOWS\System32\PSAPI.DLL
0x00007ffb40840000 - 0x00007ffb40951000 	C:\WINDOWS\System32\ucrtbase.dll
0x00007ffb0ddf0000 - 0x00007ffb0de07000 	C:\Users\User\AppData\Local\JetBrains\Toolbox\apps\AndroidStudio\ch-0\233.14808.21.2331.11709847\jbr\bin\jli.dll
0x00007ffaed0f0000 - 0x00007ffaed10b000 	C:\Users\User\AppData\Local\JetBrains\Toolbox\apps\AndroidStudio\ch-0\233.14808.21.2331.11709847\jbr\bin\VCRUNTIME140.dll
0x00007ffb422d0000 - 0x00007ffb4247e000 	C:\WINDOWS\System32\USER32.dll
0x00007ffb40db0000 - 0x00007ffb40dd6000 	C:\WINDOWS\System32\win32u.dll
0x00007ffb28ef0000 - 0x00007ffb29183000 	C:\WINDOWS\WinSxS\amd64_microsoft.windows.common-controls_6595b64144ccf1df_6.0.22621.3527_none_270e469b73872a76\COMCTL32.dll
0x00007ffb420e0000 - 0x00007ffb42109000 	C:\WINDOWS\System32\GDI32.dll
0x00007ffb405b0000 - 0x00007ffb406c9000 	C:\WINDOWS\System32\gdi32full.dll
0x00007ffb40f20000 - 0x00007ffb40fba000 	C:\WINDOWS\System32\msvcp_win.dll
0x00007ffb43210000 - 0x00007ffb43241000 	C:\WINDOWS\System32\IMM32.DLL
0x00007ffb05610000 - 0x00007ffb0561c000 	C:\Users\User\AppData\Local\JetBrains\Toolbox\apps\AndroidStudio\ch-0\233.14808.21.2331.11709847\jbr\bin\vcruntime140_1.dll
0x00007ffa9a3f0000 - 0x00007ffa9a47d000 	C:\Users\User\AppData\Local\JetBrains\Toolbox\apps\AndroidStudio\ch-0\233.14808.21.2331.11709847\jbr\bin\msvcp140.dll
0x00007ffaa6d80000 - 0x00007ffaa7a03000 	C:\Users\User\AppData\Local\JetBrains\Toolbox\apps\AndroidStudio\ch-0\233.14808.21.2331.11709847\jbr\bin\server\jvm.dll
0x00007ffb25ca0000 - 0x00007ffb25ca9000 	C:\WINDOWS\SYSTEM32\WSOCK32.dll
0x00007ffb3f250000 - 0x00007ffb3f25a000 	C:\WINDOWS\SYSTEM32\VERSION.dll
0x00007ffb42650000 - 0x00007ffb426c1000 	C:\WINDOWS\System32\WS2_32.dll
0x00007ffb3f3f0000 - 0x00007ffb3f43d000 	C:\WINDOWS\SYSTEM32\POWRPROF.dll
0x00007ffb39590000 - 0x00007ffb395c4000 	C:\WINDOWS\SYSTEM32\WINMM.dll
0x00007ffb3f3d0000 - 0x00007ffb3f3e3000 	C:\WINDOWS\SYSTEM32\UMPDC.dll
0x00007ffb3f620000 - 0x00007ffb3f638000 	C:\WINDOWS\SYSTEM32\kernel.appcore.dll
0x00007ffb39a60000 - 0x00007ffb39a6a000 	C:\Users\User\AppData\Local\JetBrains\Toolbox\apps\AndroidStudio\ch-0\233.14808.21.2331.11709847\jbr\bin\jimage.dll
0x00007ffb3ddc0000 - 0x00007ffb3dff2000 	C:\WINDOWS\SYSTEM32\DBGHELP.DLL
0x00007ffb42e80000 - 0x00007ffb43208000 	C:\WINDOWS\System32\combase.dll
0x00007ffb428a0000 - 0x00007ffb42977000 	C:\WINDOWS\System32\OLEAUT32.dll
0x00007ffb24eb0000 - 0x00007ffb24ee2000 	C:\WINDOWS\SYSTEM32\dbgcore.DLL
0x00007ffb40de0000 - 0x00007ffb40e59000 	C:\WINDOWS\System32\bcryptPrimitives.dll
0x00007ffb13600000 - 0x00007ffb13625000 	C:\Users\User\AppData\Local\JetBrains\Toolbox\apps\AndroidStudio\ch-0\233.14808.21.2331.11709847\jbr\bin\java.dll
0x00007ffb112c0000 - 0x00007ffb112d8000 	C:\Users\User\AppData\Local\JetBrains\Toolbox\apps\AndroidStudio\ch-0\233.14808.21.2331.11709847\jbr\bin\zip.dll
0x00007ffb41020000 - 0x00007ffb4187c000 	C:\WINDOWS\System32\SHELL32.dll
0x00007ffb3e160000 - 0x00007ffb3ea56000 	C:\WINDOWS\SYSTEM32\windows.storage.dll
0x00007ffb3ea80000 - 0x00007ffb3ebbe000 	C:\WINDOWS\SYSTEM32\wintypes.dll
0x00007ffb421d0000 - 0x00007ffb422c5000 	C:\WINDOWS\System32\SHCORE.dll
0x00007ffb40fc0000 - 0x00007ffb4101e000 	C:\WINDOWS\System32\shlwapi.dll
0x00007ffb404e0000 - 0x00007ffb40501000 	C:\WINDOWS\SYSTEM32\profapi.dll
0x00007ffb0f7f0000 - 0x00007ffb0f809000 	C:\Users\User\AppData\Local\JetBrains\Toolbox\apps\AndroidStudio\ch-0\233.14808.21.2331.11709847\jbr\bin\net.dll
0x00007ffb39d30000 - 0x00007ffb39e66000 	C:\WINDOWS\SYSTEM32\WINHTTP.dll
0x00007ffb3faf0000 - 0x00007ffb3fb59000 	C:\WINDOWS\system32\mswsock.dll
0x00007ffb0df80000 - 0x00007ffb0df96000 	C:\Users\User\AppData\Local\JetBrains\Toolbox\apps\AndroidStudio\ch-0\233.14808.21.2331.11709847\jbr\bin\nio.dll

dbghelp: loaded successfully - version: 4.0.5 - missing functions: none
symbol engine: initialized successfully - sym options: 0x614 - pdb path: .;C:\Users\User\AppData\Local\JetBrains\Toolbox\apps\AndroidStudio\ch-0\233.14808.21.2331.11709847\jbr\bin;C:\WINDOWS\SYSTEM32;C:\Program Files\Norton Security\NortonData\22.20.5.39\Definitions\IPSDefs\20240603.064;C:\WINDOWS\WinSxS\amd64_microsoft.windows.common-controls_6595b64144ccf1df_6.0.22621.3527_none_270e469b73872a76;C:\Users\User\AppData\Local\JetBrains\Toolbox\apps\AndroidStudio\ch-0\233.14808.21.2331.11709847\jbr\bin\server

VM Arguments:
java_command: git4idea.http.GitAskPassApp Username for 'https://github.com': 
java_class_path (initial): C:/Users/User/AppData/Local/JetBrains/Toolbox/apps/AndroidStudio/ch-0/233.14808.21.2331.11709847/plugins/vcs-git/lib/git4idea-rt.jar;C:/Users/User/AppData/Local/JetBrains/Toolbox/apps/AndroidStudio/ch-0/233.14808.21.2331.11709847/lib/externalProcess-rt.jar
Launcher Type: SUN_STANDARD

[Global flags]
     intx CICompilerCount                          = 4                                         {product} {ergonomic}
     uint ConcGCThreads                            = 3                                         {product} {ergonomic}
     uint G1ConcRefinementThreads                  = 10                                        {product} {ergonomic}
   size_t G1HeapRegionSize                         = 4194304                                   {product} {ergonomic}
    uintx GCDrainStackTargetSize                   = 64                                        {product} {ergonomic}
   size_t InitialHeapSize                          = 327155712                                 {product} {ergonomic}
   size_t MarkStackSize                            = 4194304                                   {product} {ergonomic}
   size_t MaxHeapSize                              = 5200936960                                {product} {ergonomic}
   size_t MaxNewSize                               = 3120562176                                {product} {ergonomic}
   size_t MinHeapDeltaBytes                        = 4194304                                   {product} {ergonomic}
   size_t MinHeapSize                              = 8388608                                   {product} {ergonomic}
    uintx NonNMethodCodeHeapSize                   = 5839372                                {pd product} {ergonomic}
    uintx NonProfiledCodeHeapSize                  = 122909434                              {pd product} {ergonomic}
    uintx ProfiledCodeHeapSize                     = 122909434                              {pd product} {ergonomic}
    uintx ReservedCodeCacheSize                    = 251658240                              {pd product} {ergonomic}
     bool SegmentedCodeCache                       = true                                      {product} {ergonomic}
   size_t SoftMaxHeapSize                          = 5200936960                             {manageable} {ergonomic}
     bool UseCompressedClassPointers               = true                           {product lp64_product} {ergonomic}
     bool UseCompressedOops                        = true                           {product lp64_product} {ergonomic}
     bool UseG1GC                                  = true                                      {product} {ergonomic}
     bool UseLargePagesIndividualAllocation        = false                                  {pd product} {ergonomic}

Logging:
Log output configuration:
 #0: stdout all=warning uptime,level,tags
 #1: stderr all=off uptime,level,tags

Environment Variables:
JAVA_HOME=C:\Program Files\Java\jdk-20;C:\Program Files\Java\jdk-20;C:\Program Files\Java\jdk-20;%JAVA_HOME%\bin\bin\bin
PATH=C:/Program Files/Git/mingw64/libexec/git-core;C:/Program Files/Git/mingw64/libexec/git-core;C:\Program Files\Git\mingw64\bin;C:\Program Files\Git\usr\bin;C:\Users\User\bin;C:\Program Files\Common Files\Oracle\Java\javapath;C:\Windows\system32;C:\Windows;C:\Windows\System32\Wbem;C:\Windows\System32\WindowsPowerShell\v1.0\;C:\Windows\System32\OpenSSH\;C:\Program Files\NVIDIA Corporation\NVIDIA NvDLISR;C:\Program Files (x86)\NVIDIA Corporation\PhysX\Common;C:\Program Files (x86)\dotnet\;C:\WINDOWS\system32;C:\WINDOWS;C:\WINDOWS\System32\Wbem;C:\WINDOWS\System32\WindowsPowerShell\v1.0\;C:\WINDOWS\System32\OpenSSH\;C:\Program Files\dotnet\;C:\Users\User\Downloads\mingw-w64-v10.0.0\mingw-w64-v10.0.0;C:\Program Files\Git\cmd;C:\Program Files\Go\bin;C:\Program Files\Docker\Docker\resources\bin;C:\Users\User\anaconda3;C:\Users\User\anaconda3\Scripts;C:\Program Files\PuTTY\;C:\Program Files\MATLAB\R2024a\bin;C:\Users\User\AppData\Local\Microsoft\WindowsApps;C:\Users\User\AppData\Local\atom\bin;C:\Users\User\AppData\Local\Programs\Microsoft VS Code\bin;C:\Program Files\CodeBlocks\MinGW\bin;C:\Program Files\CMake\bin;C:\Users\User\AppData\Local\JetBrains\Toolbox\scripts;C:\Users\User\AppData\Local\Microsoft\WindowsApps;C:\Users\User\go\bin;C:\Users\User\AppData\Local\GitHubDesktop\bin;C:\Users\User\AppData\Local\Programs\MiKTeX\miktex\bin\x64\
USERNAME=User
DISPLAY=:0.0
LC_ALL=en_US.UTF-8
TERM=xterm-256color
TMPDIR=C:\Users\User\AppData\Local\Temp
OS=Windows_NT
PROCESSOR_IDENTIFIER=AMD64 Family 23 Model 96 Stepping 1, AuthenticAMD
TMP=C:\Users\User\AppData\Local\Temp
TEMP=C:\Users\User\AppData\Local\Temp



Periodic native trim disabled

JNI global refs:
JNI global refs: 8, weak refs: 0

JNI global refs memory usage: 843, weak refs: 209

OOME stack traces (most recent first):
Classloader memory used:
Loader bootstrap                                                                       : 1002K
Loader jdk.internal.loader.ClassLoaders$PlatformClassLoader                            : 9790B
Loader jdk.internal.loader.ClassLoaders$AppClassLoader                                 : 1808B


---------------  S Y S T E M  ---------------

OS:
 Windows 11 , 64 bit Build 22621 (10.0.22621.3527)
OS uptime: 4 days 4:31 hours
Hyper-V role detected

CPU: total 12 (initial active 12) (12 cores per cpu, 2 threads per core) family 23 model 96 stepping 1 microcode 0x0, cx8, cmov, fxsr, ht, mmx, 3dnowpref, sse, sse2, sse3, ssse3, sse4a, sse4.1, sse4.2, popcnt, lzcnt, tsc, tscinvbit, avx, avx2, aes, clmul, bmi1, bmi2, adx, sha, fma, vzeroupper, clflush, clflushopt, hv
Processor Information for all 12 processors :
  Max Mhz: 3000, Current Mhz: 3000, Mhz Limit: 3000

Memory: 4k page, system-wide physical 19837M (5399M free)
TotalPageFile size 19837M (AvailPageFile size 6M)
current process WorkingSet (physical memory assigned to process): 41M, peak: 41M
current process commit charge ("private bytes"): 404M, peak: 405M

vm_info: OpenJDK 64-Bit Server VM (17.0.10+0--11572160) for windows-amd64 JRE (17.0.10+0--11572160), built on Mar 13 2024 23:56:38 by "androidbuild" with MS VC++ 16.10 / 16.11 (VS2019)

END.
