#
# There is insufficient memory for the Java Runtime Environment to continue.
# Native memory allocation (mmap) failed to map 5111808 bytes for G1 virtual space
# Possible reasons:
#   The system is out of physical RAM or swap space
#   The process is running with CompressedOops enabled, and the Java Heap may be blocking the growth of the native heap
# Possible solutions:
#   Reduce memory load on the system
#   Increase physical memory or swap space
#   Check if swap backing store is full
#   Decrease Java heap size (-Xmx/-Xms)
#   Decrease number of Java threads
#   Decrease Java thread stack sizes (-Xss)
#   Set larger code cache with -XX:ReservedCodeCacheSize=
#   JVM is running with Zero Based Compressed Oops mode in which the Java heap is
#     placed in the first 32GB address space. The Java Heap base address is the
#     maximum limit for the native heap growth. Please use -XX:HeapBaseMinAddress
#     to set the Java Heap base and to place the Java Heap above 32GB virtual address.
# This output file may be truncated or incomplete.
#
#  Out of Memory Error (os_windows.cpp:3825), pid=20972, tid=18112
#
# JRE version:  (17.0.10) (build )
# Java VM: OpenJDK 64-Bit Server VM (17.0.10+0--11572160, mixed mode, sharing, tiered, compressed oops, compressed class ptrs, g1 gc, windows-amd64)
# No core dump will be written. Minidumps are not enabled by default on client versions of Windows
#

---------------  S U M M A R Y ------------

Command Line: git4idea.http.GitAskPassApp Username for 'https://github.com': 

Host: AMD Ryzen 5 4600H with Radeon Graphics         , 12 cores, 19G,  Windows 11 , 64 bit Build 22621 (10.0.22621.3527)
Time: Tue May 21 17:49:17 2024 W. Europe Daylight Time elapsed time: 0.015103 seconds (0d 0h 0m 0s)

---------------  T H R E A D  ---------------

Current thread (0x000002098ad99820):  JavaThread "Unknown thread" [_thread_in_vm, id=18112, stack(0x00000022c7a00000,0x00000022c7b00000)]

Stack: [0x00000022c7a00000,0x00000022c7b00000]
Native frames: (J=compiled Java code, j=interpreted, Vv=VM code, C=native code)
V  [jvm.dll+0x688e89]
V  [jvm.dll+0x84247a]
V  [jvm.dll+0x8440be]
V  [jvm.dll+0x844723]
V  [jvm.dll+0x24be0f]
V  [jvm.dll+0x685c59]
V  [jvm.dll+0x67a50a]
V  [jvm.dll+0x30cbab]
V  [jvm.dll+0x314056]
V  [jvm.dll+0x363df8]
V  [jvm.dll+0x363fff]
V  [jvm.dll+0x2e2978]
V  [jvm.dll+0x2e38e4]
V  [jvm.dll+0x813011]
V  [jvm.dll+0x371c81]
V  [jvm.dll+0x7f1b66]
V  [jvm.dll+0x3f58df]
V  [jvm.dll+0x3f7511]
C  [jli.dll+0x528f]
C  [ucrtbase.dll+0x29333]
C  [KERNEL32.DLL+0x1257d]
C  [ntdll.dll+0x5aa48]


---------------  P R O C E S S  ---------------

Threads class SMR info:
_java_thread_list=0x00007ff8e334ef58, length=0, elements={
}

Java Threads: ( => current thread )

Other Threads:
  0x000002098ae0db90 GCTaskThread "GC Thread#0" [stack: 0x00000022c7b00000,0x00000022c7c00000] [id=20484]
  0x000002098ae0eab0 ConcurrentGCThread "G1 Main Marker" [stack: 0x00000022c7c00000,0x00000022c7d00000] [id=18488]
  0x00000209a8faa250 ConcurrentGCThread "G1 Conc#0" [stack: 0x00000022c7d00000,0x00000022c7e00000] [id=13588]

[error occurred during error reporting (printing all threads), id 0xc0000005, EXCEPTION_ACCESS_VIOLATION (0xc0000005) at pc=0x00007ff8e2b03547]

VM state: not at safepoint (not fully initialized)

VM Mutex/Monitor currently owned by a thread:  ([mutex/lock_event])
[0x000002098ad937e0] Heap_lock - owner thread: 0x000002098ad99820

Heap address: 0x00000006ca000000, size: 4960 MB, Compressed Oops mode: Zero based, Oop shift amount: 3

CDS archive(s) mapped at: [0x0000000000000000-0x0000000000000000-0x0000000000000000), size 0, SharedBaseAddress: 0x0000000800000000, ArchiveRelocationMode: 1.
Narrow klass base: 0x0000000000000000, Narrow klass shift: 0, Narrow klass range: 0x0

GC Precious Log:
<Empty>

Heap:
 garbage-first heap   total 0K, used 0K [0x00000006ca000000, 0x0000000800000000)
  region size 4096K, 0 young (0K), 0 survivors (0K)
 Metaspace       used 0K, committed 0K, reserved 0K
  class space    used 0K, committed 0K, reserved 0K

Heap Regions: E=young(eden), S=young(survivor), O=old, HS=humongous(starts), HC=humongous(continues), CS=collection set, F=free, OA=open archive, CA=closed archive, TAMS=top-at-mark-start (previous, next)

Card table byte_map: [0x000002099e140000,0x000002099eaf0000] _byte_map_base: 0x000002099aaf0000

Marking Bits (Prev, Next): (CMBitMap*) 0x000002098ae0e1b0, (CMBitMap*) 0x000002098ae0e1f0
 Prev Bits: [0x000002099f4a0000, 0x00000209a4220000)
 Next Bits: [0x00000209a4220000, 0x00000209a8fa0000)

GC Heap History (0 events):
No events

Dll operation events (1 events):
Event: 0.009 Loaded shared library C:\Users\User\AppData\Local\JetBrains\Toolbox\apps\AndroidStudio\ch-0\233.14808.21.2331.11709847\jbr\bin\java.dll

Deoptimization events (0 events):
No events

Classes unloaded (0 events):
No events

Classes redefined (0 events):
No events

Internal exceptions (0 events):
No events

VM Operations (0 events):
No events

Events (0 events):
No events


Dynamic libraries:
0x00007ff7e8a90000 - 0x00007ff7e8a9a000 	C:\Users\User\AppData\Local\JetBrains\Toolbox\apps\AndroidStudio\ch-0\233.14808.21.2331.11709847\jbr\bin\java.exe
0x00007ff950b10000 - 0x00007ff950d27000 	C:\WINDOWS\SYSTEM32\ntdll.dll
0x00007ff950570000 - 0x00007ff950634000 	C:\WINDOWS\System32\KERNEL32.DLL
0x00007ff94dfd0000 - 0x00007ff94e377000 	C:\WINDOWS\System32\KERNELBASE.dll
0x00007ff94ac00000 - 0x00007ff94ac97000 	C:\WINDOWS\SYSTEM32\apphelp.dll
0x000000005bca0000 - 0x000000005bfd2000 	C:\Program Files\Norton Security\NortonData\22.20.5.39\Definitions\IPSDefs\20240520.064\IPSEng64.dll
0x00007ff9504b0000 - 0x00007ff950562000 	C:\WINDOWS\System32\ADVAPI32.dll
0x00007ff950130000 - 0x00007ff9501d7000 	C:\WINDOWS\System32\msvcrt.dll
0x00007ff950700000 - 0x00007ff9507a8000 	C:\WINDOWS\System32\sechost.dll
0x00007ff94de30000 - 0x00007ff94de58000 	C:\WINDOWS\System32\bcrypt.dll
0x00007ff94fee0000 - 0x00007ff94fff5000 	C:\WINDOWS\System32\RPCRT4.dll
0x00007ff94fc50000 - 0x00007ff94fc58000 	C:\WINDOWS\System32\PSAPI.DLL
0x00007ff94e540000 - 0x00007ff94e651000 	C:\WINDOWS\System32\ucrtbase.dll
0x00007ff9457f0000 - 0x00007ff94580b000 	C:\Users\User\AppData\Local\JetBrains\Toolbox\apps\AndroidStudio\ch-0\233.14808.21.2331.11709847\jbr\bin\VCRUNTIME140.dll
0x00007ff924310000 - 0x00007ff924327000 	C:\Users\User\AppData\Local\JetBrains\Toolbox\apps\AndroidStudio\ch-0\233.14808.21.2331.11709847\jbr\bin\jli.dll
0x00007ff950300000 - 0x00007ff9504ae000 	C:\WINDOWS\System32\USER32.dll
0x00007ff939ff0000 - 0x00007ff93a283000 	C:\WINDOWS\WinSxS\amd64_microsoft.windows.common-controls_6595b64144ccf1df_6.0.22621.3527_none_270e469b73872a76\COMCTL32.dll
0x00007ff94e380000 - 0x00007ff94e3a6000 	C:\WINDOWS\System32\win32u.dll
0x00007ff94ebe0000 - 0x00007ff94ec09000 	C:\WINDOWS\System32\GDI32.dll
0x00007ff94e420000 - 0x00007ff94e539000 	C:\WINDOWS\System32\gdi32full.dll
0x00007ff94e720000 - 0x00007ff94e7ba000 	C:\WINDOWS\System32\msvcp_win.dll
0x00007ff9502c0000 - 0x00007ff9502f1000 	C:\WINDOWS\System32\IMM32.DLL
0x00007ff93d5d0000 - 0x00007ff93d5dc000 	C:\Users\User\AppData\Local\JetBrains\Toolbox\apps\AndroidStudio\ch-0\233.14808.21.2331.11709847\jbr\bin\vcruntime140_1.dll
0x00007ff8fbb30000 - 0x00007ff8fbbbd000 	C:\Users\User\AppData\Local\JetBrains\Toolbox\apps\AndroidStudio\ch-0\233.14808.21.2331.11709847\jbr\bin\msvcp140.dll
0x00007ff8e2810000 - 0x00007ff8e3493000 	C:\Users\User\AppData\Local\JetBrains\Toolbox\apps\AndroidStudio\ch-0\233.14808.21.2331.11709847\jbr\bin\server\jvm.dll
0x00007ff94db40000 - 0x00007ff94db8d000 	C:\WINDOWS\SYSTEM32\POWRPROF.dll
0x00007ff946a80000 - 0x00007ff946ab4000 	C:\WINDOWS\SYSTEM32\WINMM.dll
0x00007ff94ca70000 - 0x00007ff94ca7a000 	C:\WINDOWS\SYSTEM32\VERSION.dll
0x00007ff937990000 - 0x00007ff937999000 	C:\WINDOWS\SYSTEM32\WSOCK32.dll
0x00007ff9500b0000 - 0x00007ff950121000 	C:\WINDOWS\System32\WS2_32.dll
0x00007ff94db20000 - 0x00007ff94db33000 	C:\WINDOWS\SYSTEM32\UMPDC.dll
0x00007ff94ce10000 - 0x00007ff94ce28000 	C:\WINDOWS\SYSTEM32\kernel.appcore.dll
0x00007ff93d8a0000 - 0x00007ff93d8aa000 	C:\Users\User\AppData\Local\JetBrains\Toolbox\apps\AndroidStudio\ch-0\233.14808.21.2331.11709847\jbr\bin\jimage.dll
0x00007ff94b7a0000 - 0x00007ff94b9d2000 	C:\WINDOWS\SYSTEM32\DBGHELP.DLL
0x00007ff94e850000 - 0x00007ff94ebd8000 	C:\WINDOWS\System32\combase.dll
0x00007ff9501e0000 - 0x00007ff9502b7000 	C:\WINDOWS\System32\OLEAUT32.dll
0x00007ff937950000 - 0x00007ff937982000 	C:\WINDOWS\SYSTEM32\dbgcore.DLL
0x00007ff94e7c0000 - 0x00007ff94e839000 	C:\WINDOWS\System32\bcryptPrimitives.dll
0x00007ff93d870000 - 0x00007ff93d895000 	C:\Users\User\AppData\Local\JetBrains\Toolbox\apps\AndroidStudio\ch-0\233.14808.21.2331.11709847\jbr\bin\java.dll

dbghelp: loaded successfully - version: 4.0.5 - missing functions: none
symbol engine: initialized successfully - sym options: 0x614 - pdb path: .;C:\Users\User\AppData\Local\JetBrains\Toolbox\apps\AndroidStudio\ch-0\233.14808.21.2331.11709847\jbr\bin;C:\WINDOWS\SYSTEM32;C:\Program Files\Norton Security\NortonData\22.20.5.39\Definitions\IPSDefs\20240520.064;C:\WINDOWS\WinSxS\amd64_microsoft.windows.common-controls_6595b64144ccf1df_6.0.22621.3527_none_270e469b73872a76;C:\Users\User\AppData\Local\JetBrains\Toolbox\apps\AndroidStudio\ch-0\233.14808.21.2331.11709847\jbr\bin\server

VM Arguments:
java_command: git4idea.http.GitAskPassApp Username for 'https://github.com': 
java_class_path (initial): C:/Users/User/AppData/Local/JetBrains/Toolbox/apps/AndroidStudio/ch-0/233.14808.21.2331.11709847/plugins/vcs-git/lib/git4idea-rt.jar;C:/Users/User/AppData/Local/JetBrains/Toolbox/apps/AndroidStudio/ch-0/233.14808.21.2331.11709847/lib/externalProcess-rt.jar
Launcher Type: SUN_STANDARD

[Global flags]
     intx CICompilerCount                          = 4                                         {product} {ergonomic}
     uint ConcGCThreads                            = 3                                         {product} {ergonomic}
     uint G1ConcRefinementThreads                  = 10                                        {product} {ergonomic}
   size_t G1HeapRegionSize                         = 4194304                                   {product} {ergonomic}
    uintx GCDrainStackTargetSize                   = 64                                        {product} {ergonomic}
   size_t InitialHeapSize                          = 327155712                                 {product} {ergonomic}
   size_t MarkStackSize                            = 4194304                                   {product} {ergonomic}
   size_t MaxHeapSize                              = 5200936960                                {product} {ergonomic}
   size_t MinHeapDeltaBytes                        = 4194304                                   {product} {ergonomic}
   size_t MinHeapSize                              = 8388608                                   {product} {ergonomic}
    uintx NonNMethodCodeHeapSize                   = 5839372                                {pd product} {ergonomic}
    uintx NonProfiledCodeHeapSize                  = 122909434                              {pd product} {ergonomic}
    uintx ProfiledCodeHeapSize                     = 122909434                              {pd product} {ergonomic}
    uintx ReservedCodeCacheSize                    = 251658240                              {pd product} {ergonomic}
     bool SegmentedCodeCache                       = true                                      {product} {ergonomic}
   size_t SoftMaxHeapSize                          = 5200936960                             {manageable} {ergonomic}
     bool UseCompressedClassPointers               = true                           {product lp64_product} {ergonomic}
     bool UseCompressedOops                        = true                           {product lp64_product} {ergonomic}
     bool UseG1GC                                  = true                                      {product} {ergonomic}
     bool UseLargePagesIndividualAllocation        = false                                  {pd product} {ergonomic}

Logging:
Log output configuration:
 #0: stdout all=warning uptime,level,tags
 #1: stderr all=off uptime,level,tags

Environment Variables:
JAVA_HOME=C:\Program Files\Java\jdk-20;%JAVA_HOME%\bin
PATH=C:/Program Files/Git/mingw64/libexec/git-core;C:/Program Files/Git/mingw64/libexec/git-core;C:\Program Files\Git\mingw64\bin;C:\Program Files\Git\usr\bin;C:\Users\User\bin;C:\Program Files\Common Files\Oracle\Java\javapath;C:\Windows\system32;C:\Windows;C:\Windows\System32\Wbem;C:\Windows\System32\WindowsPowerShell\v1.0\;C:\Windows\System32\OpenSSH\;C:\Program Files\NVIDIA Corporation\NVIDIA NvDLISR;C:\Program Files (x86)\NVIDIA Corporation\PhysX\Common;C:\Program Files (x86)\dotnet\;C:\WINDOWS\system32;C:\WINDOWS;C:\WINDOWS\System32\Wbem;C:\WINDOWS\System32\WindowsPowerShell\v1.0\;C:\WINDOWS\System32\OpenSSH\;C:\Program Files\dotnet\;C:\Users\User\Downloads\mingw-w64-v10.0.0\mingw-w64-v10.0.0;C:\Program Files\Git\cmd;C:\Program Files\Go\bin;C:\Program Files\Docker\Docker\resources\bin;C:\Users\User\anaconda3;C:\Users\User\anaconda3\Scripts;C:\Program Files\PuTTY\;C:\Program Files\MATLAB\R2024a\bin;C:\Users\User\AppData\Local\Microsoft\WindowsApps;C:\Users\User\AppData\Local\atom\bin;C:\Users\User\AppData\Local\Programs\Microsoft VS Code\bin;C:\Program Files\CodeBlocks\MinGW\bin;C:\Program Files\CMake\bin;C:\Users\User\AppData\Local\JetBrains\Toolbox\scripts;C:\Users\User\AppData\Local\Microsoft\WindowsApps;C:\Users\User\go\bin;C:\Users\User\AppData\Local\GitHubDesktop\bin;C:\Users\User\AppData\Local\Programs\MiKTeX\miktex\bin\x64\
USERNAME=User
DISPLAY=:0.0
LC_ALL=en_US.UTF-8
TERM=xterm-256color
TMPDIR=C:\Users\User\AppData\Local\Temp
OS=Windows_NT
PROCESSOR_IDENTIFIER=AMD64 Family 23 Model 96 Stepping 1, AuthenticAMD
TMP=C:\Users\User\AppData\Local\Temp
TEMP=C:\Users\User\AppData\Local\Temp



Periodic native trim disabled

JNI global refs:
JNI global refs: 0, weak refs: 0

JNI global refs memory usage: 0, weak refs: 0

OOME stack traces (most recent first):
Classloader memory used:


---------------  S Y S T E M  ---------------

OS:
 Windows 11 , 64 bit Build 22621 (10.0.22621.3527)
OS uptime: 0 days 23:57 hours
Hyper-V role detected

CPU: total 12 (initial active 12) (12 cores per cpu, 2 threads per core) family 23 model 96 stepping 1 microcode 0x0, cx8, cmov, fxsr, ht, mmx, 3dnowpref, sse, sse2, sse3, ssse3, sse4a, sse4.1, sse4.2, popcnt, lzcnt, tsc, tscinvbit, avx, avx2, aes, clmul, bmi1, bmi2, adx, sha, fma, vzeroupper, clflush, clflushopt, hv
Processor Information for all 12 processors :
  Max Mhz: 3000, Current Mhz: 3000, Mhz Limit: 3000

Memory: 4k page, system-wide physical 19837M (4127M free)
TotalPageFile size 19837M (AvailPageFile size 5M)
current process WorkingSet (physical memory assigned to process): 13M, peak: 13M
current process commit charge ("private bytes"): 382M, peak: 387M

vm_info: OpenJDK 64-Bit Server VM (17.0.10+0--11572160) for windows-amd64 JRE (17.0.10+0--11572160), built on Mar 13 2024 23:56:38 by "androidbuild" with MS VC++ 16.10 / 16.11 (VS2019)

END.
