#
# There is insufficient memory for the Java Runtime Environment to continue.
# Native memory allocation (mmap) failed to map 218103808 bytes for G1 virtual space
# Possible reasons:
#   The system is out of physical RAM or swap space
#   The process is running with CompressedOops enabled, and the Java Heap may be blocking the growth of the native heap
# Possible solutions:
#   Reduce memory load on the system
#   Increase physical memory or swap space
#   Check if swap backing store is full
#   Decrease Java heap size (-Xmx/-Xms)
#   Decrease number of Java threads
#   Decrease Java thread stack sizes (-Xss)
#   Set larger code cache with -XX:ReservedCodeCacheSize=
#   JVM is running with Zero Based Compressed Oops mode in which the Java heap is
#     placed in the first 32GB address space. The Java Heap base address is the
#     maximum limit for the native heap growth. Please use -XX:HeapBaseMinAddress
#     to set the Java Heap base and to place the Java Heap above 32GB virtual address.
# This output file may be truncated or incomplete.
#
#  Out of Memory Error (os_windows.cpp:3825), pid=21560, tid=26252
#
# JRE version: OpenJDK Runtime Environment (17.0.10) (build 17.0.10+0--11572160)
# Java VM: OpenJDK 64-Bit Server VM (17.0.10+0--11572160, mixed mode, tiered, compressed oops, compressed class ptrs, g1 gc, windows-amd64)
# No core dump will be written. Minidumps are not enabled by default on client versions of Windows
#

---------------  S U M M A R Y ------------

Command Line: org.jetbrains.kotlin.cli.jvm.K2JVMCompiler @C:\Users\User\AndroidStudioProjects\My_Free_Health_Tracker\app\build\20240611_18444447015984143566.compiler.options

Host: AMD Ryzen 5 4600H with Radeon Graphics         , 12 cores, 19G,  Windows 11 , 64 bit Build 22621 (10.0.22621.3527)
Time: Tue Jun 11 14:19:25 2024 W. Europe Daylight Time elapsed time: 32.077798 seconds (0d 0h 0m 32s)

---------------  T H R E A D  ---------------

Current thread (0x000001a531b7a9b0):  VMThread "VM Thread" [stack: 0x0000002d3fa00000,0x0000002d3fb00000] [id=26252]

Stack: [0x0000002d3fa00000,0x0000002d3fb00000]
Native frames: (J=compiled Java code, j=interpreted, Vv=VM code, C=native code)
V  [jvm.dll+0x688e89]
V  [jvm.dll+0x84247a]
V  [jvm.dll+0x8440be]
V  [jvm.dll+0x844723]
V  [jvm.dll+0x24be0f]
V  [jvm.dll+0x685c59]
V  [jvm.dll+0x67a50a]
V  [jvm.dll+0x30cbab]
V  [jvm.dll+0x314056]
V  [jvm.dll+0x363dce]
V  [jvm.dll+0x363fff]
V  [jvm.dll+0x2e2978]
V  [jvm.dll+0x2e0b54]
V  [jvm.dll+0x2e015c]
V  [jvm.dll+0x32502b]
V  [jvm.dll+0x848e1b]
V  [jvm.dll+0x849b61]
V  [jvm.dll+0x84a07d]
V  [jvm.dll+0x84a454]
V  [jvm.dll+0x84a520]
V  [jvm.dll+0x7f0d1a]
V  [jvm.dll+0x687d05]
C  [ucrtbase.dll+0x29333]
C  [KERNEL32.DLL+0x1257d]
C  [ntdll.dll+0x5aa48]

VM_Operation (0x0000002d3f4fc1a0): G1CollectForAllocation, mode: safepoint, requested by thread 0x000001a511677810


---------------  P R O C E S S  ---------------

Threads class SMR info:
_java_thread_list=0x000001a53a9e2710, length=14, elements={
0x000001a511677810, 0x000001a531b8e940, 0x000001a5326985b0, 0x000001a5326f4550,
0x000001a5326f4e20, 0x000001a5326f56f0, 0x000001a5326fafe0, 0x000001a5326fbc90,
0x000001a5326fd660, 0x000001a5326fe370, 0x000001a5328693c0, 0x000001a53287ceb0,
0x000001a532885940, 0x000001a53ba3d070
}

Java Threads: ( => current thread )
  0x000001a511677810 JavaThread "main" [_thread_blocked, id=19328, stack(0x0000002d3f400000,0x0000002d3f500000)]
  0x000001a531b8e940 JavaThread "Reference Handler" daemon [_thread_blocked, id=23660, stack(0x0000002d3fb00000,0x0000002d3fc00000)]
  0x000001a5326985b0 JavaThread "Finalizer" daemon [_thread_blocked, id=18924, stack(0x0000002d3fc00000,0x0000002d3fd00000)]
  0x000001a5326f4550 JavaThread "Signal Dispatcher" daemon [_thread_blocked, id=16260, stack(0x0000002d3fd00000,0x0000002d3fe00000)]
  0x000001a5326f4e20 JavaThread "Attach Listener" daemon [_thread_blocked, id=28368, stack(0x0000002d3fe00000,0x0000002d3ff00000)]
  0x000001a5326f56f0 JavaThread "Service Thread" daemon [_thread_blocked, id=22668, stack(0x0000002d3ff00000,0x0000002d40000000)]
  0x000001a5326fafe0 JavaThread "Monitor Deflation Thread" daemon [_thread_blocked, id=6076, stack(0x0000002d40000000,0x0000002d40100000)]
  0x000001a5326fbc90 JavaThread "C2 CompilerThread0" daemon [_thread_blocked, id=24548, stack(0x0000002d40100000,0x0000002d40200000)]
  0x000001a5326fd660 JavaThread "C1 CompilerThread0" daemon [_thread_blocked, id=21052, stack(0x0000002d40200000,0x0000002d40300000)]
  0x000001a5326fe370 JavaThread "Sweeper thread" daemon [_thread_blocked, id=3700, stack(0x0000002d40300000,0x0000002d40400000)]
  0x000001a5328693c0 JavaThread "Notification Thread" daemon [_thread_blocked, id=11276, stack(0x0000002d40400000,0x0000002d40500000)]
  0x000001a53287ceb0 JavaThread "Common-Cleaner" daemon [_thread_blocked, id=24616, stack(0x0000002d40600000,0x0000002d40700000)]
  0x000001a532885940 JavaThread "C2 CompilerThread1" daemon [_thread_blocked, id=26848, stack(0x0000002d40700000,0x0000002d40800000)]
  0x000001a53ba3d070 JavaThread "C2 CompilerThread2" daemon [_thread_blocked, id=25096, stack(0x0000002d41200000,0x0000002d41300000)]

Other Threads:
=>0x000001a531b7a9b0 VMThread "VM Thread" [stack: 0x0000002d3fa00000,0x0000002d3fb00000] [id=26252]
  0x000001a5328698a0 WatcherThread [stack: 0x0000002d40500000,0x0000002d40600000] [id=19096]
  0x000001a5116ed1a0 GCTaskThread "GC Thread#0" [stack: 0x0000002d3f500000,0x0000002d3f600000] [id=21956]
  0x000001a53738ed20 GCTaskThread "GC Thread#1" [stack: 0x0000002d40800000,0x0000002d40900000] [id=13340]
  0x000001a53738efe0 GCTaskThread "GC Thread#2" [stack: 0x0000002d40900000,0x0000002d40a00000] [id=17716]
  0x000001a53738f2a0 GCTaskThread "GC Thread#3" [stack: 0x0000002d40a00000,0x0000002d40b00000] [id=16400]
  0x000001a53738f560 GCTaskThread "GC Thread#4" [stack: 0x0000002d40b00000,0x0000002d40c00000] [id=15532]
  0x000001a537390040 GCTaskThread "GC Thread#5" [stack: 0x0000002d40c00000,0x0000002d40d00000] [id=20552]
  0x000001a537390300 GCTaskThread "GC Thread#6" [stack: 0x0000002d40d00000,0x0000002d40e00000] [id=27104]
  0x000001a5375dd660 GCTaskThread "GC Thread#7" [stack: 0x0000002d40e00000,0x0000002d40f00000] [id=28212]
  0x000001a5377c5ce0 GCTaskThread "GC Thread#8" [stack: 0x0000002d40f00000,0x0000002d41000000] [id=19964]
  0x000001a537dc3f30 GCTaskThread "GC Thread#9" [stack: 0x0000002d41300000,0x0000002d41400000] [id=12216]
  0x000001a5116f7bf0 ConcurrentGCThread "G1 Main Marker" [stack: 0x0000002d3f600000,0x0000002d3f700000] [id=11720]
  0x000001a5116fab80 ConcurrentGCThread "G1 Conc#0" [stack: 0x0000002d3f700000,0x0000002d3f800000] [id=17596]
  0x000001a5379d1200 ConcurrentGCThread "G1 Conc#1" [stack: 0x0000002d41000000,0x0000002d41100000] [id=26116]
  0x000001a5379cfa30 ConcurrentGCThread "G1 Conc#2" [stack: 0x0000002d41100000,0x0000002d41200000] [id=2064]
  0x000001a531a2b2a0 ConcurrentGCThread "G1 Refine#0" [stack: 0x0000002d3f800000,0x0000002d3f900000] [id=14436]
  0x000001a5375ce780 ConcurrentGCThread "G1 Refine#1" [stack: 0x0000002d41400000,0x0000002d41500000] [id=26320]
  0x000001a531a2bcd0 ConcurrentGCThread "G1 Service" [stack: 0x0000002d3f900000,0x0000002d3fa00000] [id=27992]

Threads with active compile tasks:
C2 CompilerThread0    32094 24066       4       org.jetbrains.kotlin.backend.jvm.lower.SyntheticAccessorLowering$Companion::isAccessible (500 bytes)
C1 CompilerThread0    32094 24126       3       org.jetbrains.kotlin.backend.jvm.JvmIrTypeSystemContext::getClassFqNameUnsafe (6 bytes)
C2 CompilerThread1    32094 24090       4       org.jetbrains.kotlin.backend.jvm.ir.IrInlineReferenceLocator::visitGetField (13 bytes)
C2 CompilerThread2    32094 23962       4       org.jetbrains.kotlin.backend.jvm.lower.InlineCallableReferenceToLambdaVisitor::visitFunctionAccess (117 bytes)

VM state: at safepoint (normal execution)

VM Mutex/Monitor currently owned by a thread:  ([mutex/lock_event])
[0x000001a511673560] Threads_lock - owner thread: 0x000001a531b7a9b0
[0x000001a511671d30] Heap_lock - owner thread: 0x000001a511677810

Heap address: 0x00000006ca000000, size: 4960 MB, Compressed Oops mode: Zero based, Oop shift amount: 3

CDS archive(s) not mapped
Compressed class space mapped at: 0x0000000800000000-0x0000000840000000, reserved size: 1073741824
Narrow klass base: 0x0000000800000000, Narrow klass shift: 0, Narrow klass range: 0x40000000

GC Precious Log:
 CPUs: 12 total, 12 available
 Memory: 19837M
 Large Page Support: Disabled
 NUMA Support: Disabled
 Compressed Oops: Enabled (Zero based)
 Heap Region Size: 4M
 Heap Min Capacity: 8M
 Heap Initial Capacity: 312M
 Heap Max Capacity: 4960M
 Pre-touch: Disabled
 Parallel Workers: 10
 Concurrent Workers: 3
 Concurrent Refinement Workers: 10
 Periodic GC: Disabled

Heap:
 garbage-first heap   total 319488K, used 151647K [0x00000006ca000000, 0x0000000800000000)
  region size 4096K, 1 young (4096K), 1 survivors (4096K)
 Metaspace       used 90036K, committed 90432K, reserved 1179648K
  class space    used 9354K, committed 9536K, reserved 1048576K

Heap Regions: E=young(eden), S=young(survivor), O=old, HS=humongous(starts), HC=humongous(continues), CS=collection set, F=free, OA=open archive, CA=closed archive, TAMS=top-at-mark-start (previous, next)
|   0|0x00000006ca000000, 0x00000006ca400000, 0x00000006ca400000|100%|HS|  |TAMS 0x00000006ca400000, 0x00000006ca000000| Complete 
|   1|0x00000006ca400000, 0x00000006ca800000, 0x00000006ca800000|100%| O|  |TAMS 0x00000006ca400000, 0x00000006ca400000| Untracked 
|   2|0x00000006ca800000, 0x00000006cac00000, 0x00000006cac00000|100%| O|  |TAMS 0x00000006cac00000, 0x00000006ca800000| Untracked 
|   3|0x00000006cac00000, 0x00000006cb000000, 0x00000006cb000000|100%| O|  |TAMS 0x00000006cb000000, 0x00000006cac00000| Untracked 
|   4|0x00000006cb000000, 0x00000006cb400000, 0x00000006cb400000|100%| O|  |TAMS 0x00000006cb400000, 0x00000006cb000000| Untracked 
|   5|0x00000006cb400000, 0x00000006cb800000, 0x00000006cb800000|100%| O|  |TAMS 0x00000006cb800000, 0x00000006cb400000| Untracked 
|   6|0x00000006cb800000, 0x00000006cbc00000, 0x00000006cbc00000|100%| O|  |TAMS 0x00000006cbc00000, 0x00000006cb800000| Untracked 
|   7|0x00000006cbc00000, 0x00000006cc000000, 0x00000006cc000000|100%| O|  |TAMS 0x00000006cc000000, 0x00000006cbc00000| Untracked 
|   8|0x00000006cc000000, 0x00000006cc400000, 0x00000006cc400000|100%| O|  |TAMS 0x00000006cc400000, 0x00000006cc000000| Untracked 
|   9|0x00000006cc400000, 0x00000006cc800000, 0x00000006cc800000|100%| O|  |TAMS 0x00000006cc800000, 0x00000006cc400000| Untracked 
|  10|0x00000006cc800000, 0x00000006ccc00000, 0x00000006ccc00000|100%| O|  |TAMS 0x00000006ccc00000, 0x00000006cc800000| Untracked 
|  11|0x00000006ccc00000, 0x00000006cd000000, 0x00000006cd000000|100%| O|  |TAMS 0x00000006cd000000, 0x00000006ccc00000| Untracked 
|  12|0x00000006cd000000, 0x00000006cd400000, 0x00000006cd400000|100%| O|  |TAMS 0x00000006cd400000, 0x00000006cd000000| Untracked 
|  13|0x00000006cd400000, 0x00000006cd77f000, 0x00000006cd800000| 87%| O|  |TAMS 0x00000006cd400000, 0x00000006cd400000| Untracked 
|  14|0x00000006cd800000, 0x00000006cdc00000, 0x00000006cdc00000|100%| O|  |TAMS 0x00000006cdc00000, 0x00000006cd800000| Untracked 
|  15|0x00000006cdc00000, 0x00000006ce000000, 0x00000006ce000000|100%| O|  |TAMS 0x00000006ce000000, 0x00000006cdc00000| Untracked 
|  16|0x00000006ce000000, 0x00000006ce000000, 0x00000006ce400000|  0%| F|  |TAMS 0x00000006ce000000, 0x00000006ce000000| Untracked 
|  17|0x00000006ce400000, 0x00000006ce800000, 0x00000006ce800000|100%| O|  |TAMS 0x00000006ce800000, 0x00000006ce400000| Untracked 
|  18|0x00000006ce800000, 0x00000006ce800000, 0x00000006cec00000|  0%| F|  |TAMS 0x00000006ce800000, 0x00000006ce800000| Untracked 
|  19|0x00000006cec00000, 0x00000006cf000000, 0x00000006cf000000|100%| O|  |TAMS 0x00000006cf000000, 0x00000006cec00000| Untracked 
|  20|0x00000006cf000000, 0x00000006cf000000, 0x00000006cf400000|  0%| F|  |TAMS 0x00000006cf000000, 0x00000006cf000000| Untracked 
|  21|0x00000006cf400000, 0x00000006cf400000, 0x00000006cf800000|  0%| F|  |TAMS 0x00000006cf400000, 0x00000006cf400000| Untracked 
|  22|0x00000006cf800000, 0x00000006cfc00000, 0x00000006cfc00000|100%| O|  |TAMS 0x00000006cfc00000, 0x00000006cf800000| Untracked 
|  23|0x00000006cfc00000, 0x00000006cfc00000, 0x00000006d0000000|  0%| F|  |TAMS 0x00000006cfc00000, 0x00000006cfc00000| Untracked 
|  24|0x00000006d0000000, 0x00000006d0000000, 0x00000006d0400000|  0%| F|  |TAMS 0x00000006d0000000, 0x00000006d0000000| Untracked 
|  25|0x00000006d0400000, 0x00000006d0400000, 0x00000006d0800000|  0%| F|  |TAMS 0x00000006d0400000, 0x00000006d0400000| Untracked 
|  26|0x00000006d0800000, 0x00000006d0800000, 0x00000006d0c00000|  0%| F|  |TAMS 0x00000006d0800000, 0x00000006d0800000| Untracked 
|  27|0x00000006d0c00000, 0x00000006d0c00000, 0x00000006d1000000|  0%| F|  |TAMS 0x00000006d0c00000, 0x00000006d0c00000| Untracked 
|  28|0x00000006d1000000, 0x00000006d1400000, 0x00000006d1400000|100%| O|  |TAMS 0x00000006d1400000, 0x00000006d1000000| Untracked 
|  29|0x00000006d1400000, 0x00000006d1800000, 0x00000006d1800000|100%| O|  |TAMS 0x00000006d1800000, 0x00000006d1400000| Untracked 
|  30|0x00000006d1800000, 0x00000006d1c00000, 0x00000006d1c00000|100%| O|  |TAMS 0x00000006d1c00000, 0x00000006d1800000| Untracked 
|  31|0x00000006d1c00000, 0x00000006d2000000, 0x00000006d2000000|100%| O|  |TAMS 0x00000006d2000000, 0x00000006d1c00000| Untracked 
|  32|0x00000006d2000000, 0x00000006d2400000, 0x00000006d2400000|100%| O|  |TAMS 0x00000006d2400000, 0x00000006d2000000| Untracked 
|  33|0x00000006d2400000, 0x00000006d2800000, 0x00000006d2800000|100%| O|  |TAMS 0x00000006d2800000, 0x00000006d2400000| Untracked 
|  34|0x00000006d2800000, 0x00000006d2c00000, 0x00000006d2c00000|100%| O|  |TAMS 0x00000006d2c00000, 0x00000006d2800000| Untracked 
|  35|0x00000006d2c00000, 0x00000006d3000000, 0x00000006d3000000|100%| O|  |TAMS 0x00000006d3000000, 0x00000006d2c00000| Untracked 
|  36|0x00000006d3000000, 0x00000006d3400000, 0x00000006d3400000|100%| O|  |TAMS 0x00000006d3400000, 0x00000006d3000000| Untracked 
|  37|0x00000006d3400000, 0x00000006d3800000, 0x00000006d3800000|100%| O|  |TAMS 0x00000006d3800000, 0x00000006d3400000| Untracked 
|  38|0x00000006d3800000, 0x00000006d3c00000, 0x00000006d3c00000|100%| O|  |TAMS 0x00000006d3c00000, 0x00000006d3800000| Untracked 
|  39|0x00000006d3c00000, 0x00000006d4000000, 0x00000006d4000000|100%| O|  |TAMS 0x00000006d4000000, 0x00000006d3c00000| Untracked 
|  40|0x00000006d4000000, 0x00000006d4400000, 0x00000006d4400000|100%| O|  |TAMS 0x00000006d4400000, 0x00000006d4000000| Untracked 
|  41|0x00000006d4400000, 0x00000006d4800000, 0x00000006d4800000|100%| O|  |TAMS 0x00000006d44f8800, 0x00000006d4400000| Untracked 
|  42|0x00000006d4800000, 0x00000006d4c00000, 0x00000006d4c00000|100%| O|  |TAMS 0x00000006d4800000, 0x00000006d4800000| Untracked 
|  43|0x00000006d4c00000, 0x00000006d5000000, 0x00000006d5000000|100%| O|  |TAMS 0x00000006d4c00000, 0x00000006d4c00000| Untracked 
|  44|0x00000006d5000000, 0x00000006d5400000, 0x00000006d5400000|100%| O|  |TAMS 0x00000006d5000000, 0x00000006d5000000| Untracked 
|  45|0x00000006d5400000, 0x00000006d5800000, 0x00000006d5800000|100%| O|  |TAMS 0x00000006d5400000, 0x00000006d5400000| Untracked 
|  46|0x00000006d5800000, 0x00000006d5800000, 0x00000006d5c00000|  0%| F|  |TAMS 0x00000006d5800000, 0x00000006d5800000| Untracked 
|  47|0x00000006d5c00000, 0x00000006d5c00000, 0x00000006d6000000|  0%| F|  |TAMS 0x00000006d5c00000, 0x00000006d5c00000| Untracked 
|  48|0x00000006d6000000, 0x00000006d6000000, 0x00000006d6400000|  0%| F|  |TAMS 0x00000006d6000000, 0x00000006d6000000| Untracked 
|  49|0x00000006d6400000, 0x00000006d6400000, 0x00000006d6800000|  0%| F|  |TAMS 0x00000006d6400000, 0x00000006d6400000| Untracked 
|  50|0x00000006d6800000, 0x00000006d6800000, 0x00000006d6c00000|  0%| F|  |TAMS 0x00000006d6800000, 0x00000006d6800000| Untracked 
|  51|0x00000006d6c00000, 0x00000006d6c00000, 0x00000006d7000000|  0%| F|  |TAMS 0x00000006d6c00000, 0x00000006d6c00000| Untracked 
|  52|0x00000006d7000000, 0x00000006d7000000, 0x00000006d7400000|  0%| F|  |TAMS 0x00000006d7000000, 0x00000006d7000000| Untracked 
|  53|0x00000006d7400000, 0x00000006d7400000, 0x00000006d7800000|  0%| F|  |TAMS 0x00000006d7400000, 0x00000006d7400000| Untracked 
|  54|0x00000006d7800000, 0x00000006d7800000, 0x00000006d7c00000|  0%| F|  |TAMS 0x00000006d7800000, 0x00000006d7800000| Untracked 
|  55|0x00000006d7c00000, 0x00000006d7c00000, 0x00000006d8000000|  0%| F|  |TAMS 0x00000006d7c00000, 0x00000006d7c00000| Untracked 
|  56|0x00000006d8000000, 0x00000006d8000000, 0x00000006d8400000|  0%| F|  |TAMS 0x00000006d8000000, 0x00000006d8000000| Untracked 
|  57|0x00000006d8400000, 0x00000006d8400000, 0x00000006d8800000|  0%| F|  |TAMS 0x00000006d8400000, 0x00000006d8400000| Untracked 
|  58|0x00000006d8800000, 0x00000006d8800000, 0x00000006d8c00000|  0%| F|  |TAMS 0x00000006d8800000, 0x00000006d8800000| Untracked 
|  59|0x00000006d8c00000, 0x00000006d8c00000, 0x00000006d9000000|  0%| F|  |TAMS 0x00000006d8c00000, 0x00000006d8c00000| Untracked 
|  60|0x00000006d9000000, 0x00000006d9000000, 0x00000006d9400000|  0%| F|  |TAMS 0x00000006d9000000, 0x00000006d9000000| Untracked 
|  61|0x00000006d9400000, 0x00000006d9400000, 0x00000006d9800000|  0%| F|  |TAMS 0x00000006d9400000, 0x00000006d9400000| Untracked 
|  62|0x00000006d9800000, 0x00000006d9800000, 0x00000006d9c00000|  0%| F|  |TAMS 0x00000006d9800000, 0x00000006d9800000| Untracked 
|  63|0x00000006d9c00000, 0x00000006d9c00000, 0x00000006da000000|  0%| F|  |TAMS 0x00000006d9c00000, 0x00000006d9c00000| Untracked 
|  64|0x00000006da000000, 0x00000006da000000, 0x00000006da400000|  0%| F|  |TAMS 0x00000006da000000, 0x00000006da000000| Untracked 
|  65|0x00000006da400000, 0x00000006da400000, 0x00000006da800000|  0%| F|  |TAMS 0x00000006da400000, 0x00000006da400000| Untracked 
|  66|0x00000006da800000, 0x00000006da800000, 0x00000006dac00000|  0%| F|  |TAMS 0x00000006da800000, 0x00000006da800000| Untracked 
|  67|0x00000006dac00000, 0x00000006dac00000, 0x00000006db000000|  0%| F|  |TAMS 0x00000006dac00000, 0x00000006dac00000| Untracked 
|  68|0x00000006db000000, 0x00000006db098d90, 0x00000006db400000| 14%| S|CS|TAMS 0x00000006db000000, 0x00000006db000000| Complete 
|  69|0x00000006db400000, 0x00000006db400000, 0x00000006db800000|  0%| F|  |TAMS 0x00000006db400000, 0x00000006db400000| Untracked 
|  70|0x00000006db800000, 0x00000006db800000, 0x00000006dbc00000|  0%| F|  |TAMS 0x00000006db800000, 0x00000006db800000| Untracked 
|  71|0x00000006dbc00000, 0x00000006dbc00000, 0x00000006dc000000|  0%| F|  |TAMS 0x00000006dbc00000, 0x00000006dbc00000| Untracked 
|  72|0x00000006dc000000, 0x00000006dc000000, 0x00000006dc400000|  0%| F|  |TAMS 0x00000006dc000000, 0x00000006dc000000| Untracked 
|  73|0x00000006dc400000, 0x00000006dc400000, 0x00000006dc800000|  0%| F|  |TAMS 0x00000006dc400000, 0x00000006dc400000| Untracked 
|  74|0x00000006dc800000, 0x00000006dc800000, 0x00000006dcc00000|  0%| F|  |TAMS 0x00000006dc800000, 0x00000006dc800000| Untracked 
|  75|0x00000006dcc00000, 0x00000006dcc00000, 0x00000006dd000000|  0%| F|  |TAMS 0x00000006dcc00000, 0x00000006dcc00000| Untracked 
|  76|0x00000006dd000000, 0x00000006dd000000, 0x00000006dd400000|  0%| F|  |TAMS 0x00000006dd000000, 0x00000006dd000000| Untracked 
|  77|0x00000006dd400000, 0x00000006dd400000, 0x00000006dd800000|  0%| F|  |TAMS 0x00000006dd400000, 0x00000006dd400000| Untracked 

Card table byte_map: [0x000001a524a20000,0x000001a5253d0000] _byte_map_base: 0x000001a5213d0000

Marking Bits (Prev, Next): (CMBitMap*) 0x000001a5116ed7c0, (CMBitMap*) 0x000001a5116ed800
 Prev Bits: [0x000001a525d80000, 0x000001a52ab00000)
 Next Bits: [0x000001a52ab00000, 0x000001a52f880000)

Polling page: 0x000001a510e00000

Metaspace:

Usage:
  Non-class:     78.79 MB used.
      Class:      9.14 MB used.
       Both:     87.93 MB used.

Virtual space:
  Non-class space:      128.00 MB reserved,      79.00 MB ( 62%) committed,  2 nodes.
      Class space:        1.00 GB reserved,       9.31 MB ( <1%) committed,  1 nodes.
             Both:        1.12 GB reserved,      88.31 MB (  8%) committed. 

Chunk freelists:
   Non-Class:  464.00 KB
       Class:  6.71 MB
        Both:  7.16 MB

MaxMetaspaceSize: unlimited
CompressedClassSpaceSize: 1.00 GB
Initial GC threshold: 21.00 MB
Current GC threshold: 142.62 MB
CDS: off
MetaspaceReclaimPolicy: balanced
 - commit_granule_bytes: 65536.
 - commit_granule_words: 8192.
 - virtual_space_node_default_size: 8388608.
 - enlarge_chunks_in_place: 1.
 - new_chunks_are_fully_committed: 0.
 - uncommit_free_chunks: 1.
 - use_allocation_guard: 0.
 - handle_deallocations: 1.


Internal statistics:

num_allocs_failed_limit: 6.
num_arena_births: 508.
num_arena_deaths: 0.
num_vsnodes_births: 3.
num_vsnodes_deaths: 0.
num_space_committed: 1411.
num_space_uncommitted: 0.
num_chunks_returned_to_freelist: 6.
num_chunks_taken_from_freelist: 3664.
num_chunk_merges: 6.
num_chunk_splits: 2843.
num_chunks_enlarged: 2360.
num_inconsistent_stats: 0.

CodeHeap 'non-profiled nmethods': size=120000Kb used=12336Kb max_used=12336Kb free=107663Kb
 bounds [0x000001a51c5f0000, 0x000001a51d200000, 0x000001a523b20000]
CodeHeap 'profiled nmethods': size=120000Kb used=57187Kb max_used=57187Kb free=62812Kb
 bounds [0x000001a514b20000, 0x000001a518300000, 0x000001a51c050000]
CodeHeap 'non-nmethods': size=5760Kb used=1432Kb max_used=1537Kb free=4328Kb
 bounds [0x000001a51c050000, 0x000001a51c2c0000, 0x000001a51c5f0000]
 total_blobs=19401 nmethods=18648 adapters=660
 compilation: enabled
              stopped_count=0, restarted_count=0
 full_count=0

Compilation events (20 events):
Event: 32.032 Thread 0x000001a5326fd660 nmethod 24135 0x000001a5182f6d10 code [0x000001a5182f7000, 0x000001a5182f7e28]
Event: 32.032 Thread 0x000001a5326fd660 24136       3       org.jetbrains.kotlin.backend.jvm.lower.ReplaceNumberToCharCallSitesLowering::visitField (6 bytes)
Event: 32.032 Thread 0x000001a532885940 nmethod 24138 0x000001a51d1fb890 code [0x000001a51d1fba20, 0x000001a51d1fbb18]
Event: 32.032 Thread 0x000001a532885940 24123       4       org.jetbrains.kotlin.ir.visitors.IrElementTransformerVoid::visitInstanceInitializerCall (16 bytes)
Event: 32.032 Thread 0x000001a5326fd660 nmethod 24136 0x000001a5182f8390 code [0x000001a5182f86a0, 0x000001a5182f9648]
Event: 32.032 Thread 0x000001a5326fd660 24122       3       org.jetbrains.kotlin.backend.jvm.lower.TailCallOptimizationLowering$lower$1::visitExpressionBody (10 bytes)
Event: 32.033 Thread 0x000001a532885940 nmethod 24123 0x000001a51d1fbc10 code [0x000001a51d1fbd80, 0x000001a51d1fbe38]
Event: 32.033 Thread 0x000001a532885940 24085       4       org.jetbrains.kotlin.backend.jvm.lower.JvmArgumentNullabilityAssertionsLowering::visitDeclaration (21 bytes)
Event: 32.033 Thread 0x000001a5326fd660 nmethod 24122 0x000001a5182f9b90 code [0x000001a5182f9e00, 0x000001a5182fa858]
Event: 32.033 Thread 0x000001a5326fd660 24141       3       org.jetbrains.kotlin.backend.jvm.lower.JvmPropertiesLowering$visitClassNew$1::invoke (36 bytes)
Event: 32.034 Thread 0x000001a5326fd660 nmethod 24141 0x000001a5182fac10 code [0x000001a5182fae60, 0x000001a5182fb838]
Event: 32.034 Thread 0x000001a5326fd660 24140       3       org.jetbrains.kotlin.backend.jvm.lower.JvmPropertiesLowering$visitClassNew$1::invoke (9 bytes)
Event: 32.034 Thread 0x000001a532885940 nmethod 24085 0x000001a51d1fbf10 code [0x000001a51d1fc0a0, 0x000001a51d1fc178]
Event: 32.034 Thread 0x000001a532885940 24090       4       org.jetbrains.kotlin.backend.jvm.ir.IrInlineReferenceLocator::visitGetField (13 bytes)
Event: 32.034 Thread 0x000001a5326fd660 nmethod 24140 0x000001a5182fbb10 code [0x000001a5182fbcc0, 0x000001a5182fbf08]
Event: 32.034 Thread 0x000001a5326fd660 24139       3       org.jetbrains.kotlin.backend.jvm.lower.MoveOrCopyCompanionObjectFieldsLowering::lower (148 bytes)
Event: 32.035 Thread 0x000001a5326fd660 nmethod 24139 0x000001a5182fc010 code [0x000001a5182fc420, 0x000001a5182fe3a8]
Event: 32.035 Thread 0x000001a5326fd660 24125       3       org.jetbrains.kotlin.backend.jvm.mapping.IrTypeCheckerContextForTypeMapping::getClassFqNameUnsafe (18 bytes)
Event: 32.036 Thread 0x000001a5326fd660 nmethod 24125 0x000001a5182fec10 code [0x000001a5182fee20, 0x000001a5182ff4a8]
Event: 32.036 Thread 0x000001a5326fd660 24126       3       org.jetbrains.kotlin.backend.jvm.JvmIrTypeSystemContext::getClassFqNameUnsafe (6 bytes)

GC Heap History (20 events):
Event: 23.803 GC heap after
{Heap after GC invocations=37 (full 0):
 garbage-first heap   total 241664K, used 120199K [0x00000006ca000000, 0x0000000800000000)
  region size 4096K, 3 young (12288K), 3 survivors (12288K)
 Metaspace       used 65363K, committed 65664K, reserved 1114112K
  class space    used 7154K, committed 7296K, reserved 1048576K
}
Event: 25.282 GC heap before
{Heap before GC invocations=38 (full 0):
 garbage-first heap   total 241664K, used 193927K [0x00000006ca000000, 0x0000000800000000)
  region size 4096K, 21 young (86016K), 3 survivors (12288K)
 Metaspace       used 72309K, committed 72640K, reserved 1114112K
  class space    used 7822K, committed 8000K, reserved 1048576K
}
Event: 25.294 GC heap after
{Heap after GC invocations=39 (full 0):
 garbage-first heap   total 241664K, used 124112K [0x00000006ca000000, 0x0000000800000000)
  region size 4096K, 3 young (12288K), 3 survivors (12288K)
 Metaspace       used 72309K, committed 72640K, reserved 1114112K
  class space    used 7822K, committed 8000K, reserved 1048576K
}
Event: 26.847 GC heap before
{Heap before GC invocations=39 (full 0):
 garbage-first heap   total 241664K, used 193744K [0x00000006ca000000, 0x0000000800000000)
  region size 4096K, 20 young (81920K), 3 survivors (12288K)
 Metaspace       used 74497K, committed 74816K, reserved 1179648K
  class space    used 8035K, committed 8192K, reserved 1048576K
}
Event: 26.865 GC heap after
{Heap after GC invocations=40 (full 0):
 garbage-first heap   total 241664K, used 132708K [0x00000006ca000000, 0x0000000800000000)
  region size 4096K, 3 young (12288K), 3 survivors (12288K)
 Metaspace       used 74497K, committed 74816K, reserved 1179648K
  class space    used 8035K, committed 8192K, reserved 1048576K
}
Event: 27.671 GC heap before
{Heap before GC invocations=41 (full 0):
 garbage-first heap   total 253952K, used 190052K [0x00000006ca000000, 0x0000000800000000)
  region size 4096K, 17 young (69632K), 3 survivors (12288K)
 Metaspace       used 75862K, committed 76224K, reserved 1179648K
  class space    used 8150K, committed 8320K, reserved 1048576K
}
Event: 27.690 GC heap after
{Heap after GC invocations=42 (full 0):
 garbage-first heap   total 253952K, used 145017K [0x00000006ca000000, 0x0000000800000000)
  region size 4096K, 3 young (12288K), 3 survivors (12288K)
 Metaspace       used 75862K, committed 76224K, reserved 1179648K
  class space    used 8150K, committed 8320K, reserved 1048576K
}
Event: 28.440 GC heap before
{Heap before GC invocations=42 (full 0):
 garbage-first heap   total 253952K, used 198265K [0x00000006ca000000, 0x0000000800000000)
  region size 4096K, 16 young (65536K), 3 survivors (12288K)
 Metaspace       used 76768K, committed 77120K, reserved 1179648K
  class space    used 8208K, committed 8384K, reserved 1048576K
}
Event: 28.459 GC heap after
{Heap after GC invocations=43 (full 0):
 garbage-first heap   total 253952K, used 159080K [0x00000006ca000000, 0x0000000800000000)
  region size 4096K, 2 young (8192K), 2 survivors (8192K)
 Metaspace       used 76768K, committed 77120K, reserved 1179648K
  class space    used 8208K, committed 8384K, reserved 1048576K
}
Event: 29.189 GC heap before
{Heap before GC invocations=44 (full 0):
 garbage-first heap   total 286720K, used 195944K [0x00000006ca000000, 0x0000000800000000)
  region size 4096K, 11 young (45056K), 2 survivors (8192K)
 Metaspace       used 78717K, committed 79104K, reserved 1179648K
  class space    used 8411K, committed 8576K, reserved 1048576K
}
Event: 29.199 GC heap after
{Heap after GC invocations=45 (full 0):
 garbage-first heap   total 286720K, used 165263K [0x00000006ca000000, 0x0000000800000000)
  region size 4096K, 2 young (8192K), 2 survivors (8192K)
 Metaspace       used 78717K, committed 79104K, reserved 1179648K
  class space    used 8411K, committed 8576K, reserved 1048576K
}
Event: 29.256 GC heap before
{Heap before GC invocations=45 (full 0):
 garbage-first heap   total 286720K, used 169359K [0x00000006ca000000, 0x0000000800000000)
  region size 4096K, 3 young (12288K), 2 survivors (8192K)
 Metaspace       used 79675K, committed 80064K, reserved 1179648K
  class space    used 8513K, committed 8704K, reserved 1048576K
}
Event: 29.260 GC heap after
{Heap after GC invocations=46 (full 0):
 garbage-first heap   total 286720K, used 165865K [0x00000006ca000000, 0x0000000800000000)
  region size 4096K, 1 young (4096K), 1 survivors (4096K)
 Metaspace       used 79675K, committed 80064K, reserved 1179648K
  class space    used 8513K, committed 8704K, reserved 1048576K
}
Event: 30.258 GC heap before
{Heap before GC invocations=46 (full 0):
 garbage-first heap   total 286720K, used 219113K [0x00000006ca000000, 0x0000000800000000)
  region size 4096K, 14 young (57344K), 1 survivors (4096K)
 Metaspace       used 86423K, committed 86784K, reserved 1179648K
  class space    used 9118K, committed 9280K, reserved 1048576K
}
Event: 30.263 GC heap after
{Heap after GC invocations=47 (full 0):
 garbage-first heap   total 286720K, used 166843K [0x00000006ca000000, 0x0000000800000000)
  region size 4096K, 1 young (4096K), 1 survivors (4096K)
 Metaspace       used 86423K, committed 86784K, reserved 1179648K
  class space    used 9118K, committed 9280K, reserved 1048576K
}
Event: 31.794 GC heap before
{Heap before GC invocations=48 (full 0):
 garbage-first heap   total 294912K, used 224187K [0x00000006ca000000, 0x0000000800000000)
  region size 4096K, 15 young (61440K), 1 survivors (4096K)
 Metaspace       used 89891K, committed 90304K, reserved 1179648K
  class space    used 9348K, committed 9536K, reserved 1048576K
}
Event: 31.800 GC heap after
{Heap after GC invocations=49 (full 0):
 garbage-first heap   total 294912K, used 170106K [0x00000006ca000000, 0x0000000800000000)
  region size 4096K, 2 young (8192K), 2 survivors (8192K)
 Metaspace       used 89891K, committed 90304K, reserved 1179648K
  class space    used 9348K, committed 9536K, reserved 1048576K
}
Event: 31.876 GC heap before
{Heap before GC invocations=49 (full 0):
 garbage-first heap   total 294912K, used 174202K [0x00000006ca000000, 0x0000000800000000)
  region size 4096K, 3 young (12288K), 2 survivors (8192K)
 Metaspace       used 89934K, committed 90368K, reserved 1179648K
  class space    used 9350K, committed 9536K, reserved 1048576K
}
Event: 31.892 GC heap after
{Heap after GC invocations=50 (full 0):
 garbage-first heap   total 294912K, used 153600K [0x00000006ca000000, 0x0000000800000000)
  region size 4096K, 1 young (4096K), 1 survivors (4096K)
 Metaspace       used 89934K, committed 90368K, reserved 1179648K
  class space    used 9350K, committed 9536K, reserved 1048576K
}
Event: 32.036 GC heap before
{Heap before GC invocations=50 (full 0):
 garbage-first heap   total 294912K, used 161792K [0x00000006ca000000, 0x0000000800000000)
  region size 4096K, 3 young (12288K), 1 survivors (4096K)
 Metaspace       used 90036K, committed 90432K, reserved 1179648K
  class space    used 9354K, committed 9536K, reserved 1048576K
}

Dll operation events (2 events):
Event: 0.012 Loaded shared library C:\Users\User\AppData\Local\JetBrains\Toolbox\apps\AndroidStudio\ch-0\233.14808.21.2331.11709847\jbr\bin\java.dll
Event: 1.007 Loaded shared library C:\Users\User\AppData\Local\JetBrains\Toolbox\apps\AndroidStudio\ch-0\233.14808.21.2331.11709847\jbr\bin\verify.dll

Deoptimization events (20 events):
Event: 31.925 Thread 0x000001a511677810 DEOPT PACKING pc=0x000001a51c8a7af4 sp=0x0000002d3f4fd5e0
Event: 31.925 Thread 0x000001a511677810 DEOPT UNPACKING pc=0x000001a51c0a69a3 sp=0x0000002d3f4fd590 mode 2
Event: 31.968 Thread 0x000001a511677810 Uncommon trap: trap_request=0xffffffc6 fr.pc=0x000001a51cc31948 relative=0x0000000000001bc8
Event: 31.968 Thread 0x000001a511677810 Uncommon trap: reason=bimorphic_or_optimized_type_check action=maybe_recompile pc=0x000001a51cc31948 method=org.jetbrains.kotlin.ir.util.IrFakeOverrideUtilsKt.resolveFakeOverrideOrNull(Lorg/jetbrains/kotlin/ir/declarations/IrOverridableDeclaration;ZLkotli
Event: 31.968 Thread 0x000001a511677810 DEOPT PACKING pc=0x000001a51cc31948 sp=0x0000002d3f4fd4b0
Event: 31.968 Thread 0x000001a511677810 DEOPT UNPACKING pc=0x000001a51c0a69a3 sp=0x0000002d3f4fd3d8 mode 2
Event: 31.968 Thread 0x000001a511677810 DEOPT PACKING pc=0x000001a517e71b9c sp=0x0000002d3f4fd330
Event: 31.968 Thread 0x000001a511677810 DEOPT UNPACKING pc=0x000001a51c0a7143 sp=0x0000002d3f4fc7c0 mode 0
Event: 31.975 Thread 0x000001a511677810 Uncommon trap: trap_request=0xffffffc6 fr.pc=0x000001a51cc31948 relative=0x0000000000001bc8
Event: 31.975 Thread 0x000001a511677810 Uncommon trap: reason=bimorphic_or_optimized_type_check action=maybe_recompile pc=0x000001a51cc31948 method=org.jetbrains.kotlin.ir.util.IrFakeOverrideUtilsKt.resolveFakeOverrideOrNull(Lorg/jetbrains/kotlin/ir/declarations/IrOverridableDeclaration;ZLkotli
Event: 31.975 Thread 0x000001a511677810 DEOPT PACKING pc=0x000001a51cc31948 sp=0x0000002d3f4fdbe0
Event: 31.975 Thread 0x000001a511677810 DEOPT UNPACKING pc=0x000001a51c0a69a3 sp=0x0000002d3f4fdb08 mode 2
Event: 32.017 Thread 0x000001a511677810 Uncommon trap: trap_request=0xffffff45 fr.pc=0x000001a51cc3163c relative=0x00000000000018bc
Event: 32.017 Thread 0x000001a511677810 Uncommon trap: reason=unstable_if action=reinterpret pc=0x000001a51cc3163c method=org.jetbrains.kotlin.ir.util.IrFakeOverrideUtilsKt.resolveFakeOverrideOrNull(Lorg/jetbrains/kotlin/ir/declarations/IrOverridableDeclaration;ZLkotlin/jvm/functions/Function1;
Event: 32.017 Thread 0x000001a511677810 DEOPT PACKING pc=0x000001a51cc3163c sp=0x0000002d3f4fd4b0
Event: 32.017 Thread 0x000001a511677810 DEOPT UNPACKING pc=0x000001a51c0a69a3 sp=0x0000002d3f4fd3d0 mode 2
Event: 32.026 Thread 0x000001a511677810 Uncommon trap: trap_request=0xffffffc6 fr.pc=0x000001a51d1cd150 relative=0x0000000000000690
Event: 32.026 Thread 0x000001a511677810 Uncommon trap: reason=bimorphic_or_optimized_type_check action=maybe_recompile pc=0x000001a51d1cd150 method=org.jetbrains.kotlin.ir.types.IrTypeUtilsKt.isNullable(Lorg/jetbrains/kotlin/ir/types/IrType;)Z @ 137 c2
Event: 32.026 Thread 0x000001a511677810 DEOPT PACKING pc=0x000001a51d1cd150 sp=0x0000002d3f4fcd20
Event: 32.026 Thread 0x000001a511677810 DEOPT UNPACKING pc=0x000001a51c0a69a3 sp=0x0000002d3f4fccb0 mode 2

Classes unloaded (0 events):
No events

Classes redefined (0 events):
No events

Internal exceptions (20 events):
Event: 11.374 Thread 0x000001a511677810 Implicit null exception at 0x000001a51c62260f to 0x000001a51c622689
Event: 12.525 Thread 0x000001a511677810 Implicit null exception at 0x000001a51c866364 to 0x000001a51c8665c8
Event: 12.843 Thread 0x000001a511677810 Implicit null exception at 0x000001a51cc0b82c to 0x000001a51cc0b8f4
Event: 13.413 Thread 0x000001a511677810 Implicit null exception at 0x000001a51c8714a1 to 0x000001a51c871d2c
Event: 18.278 Thread 0x000001a511677810 Implicit null exception at 0x000001a51cca9d6f to 0x000001a51cca9f28
Event: 19.178 Thread 0x000001a511677810 Implicit null exception at 0x000001a51ce40533 to 0x000001a51ce40cfc
Event: 23.335 Thread 0x000001a511677810 Implicit null exception at 0x000001a51c9e87b4 to 0x000001a51c9e8841
Event: 23.720 Thread 0x000001a511677810 Implicit null exception at 0x000001a51cafd1b7 to 0x000001a51cafdb04
Event: 24.438 Thread 0x000001a511677810 Exception <a 'java/lang/NoSuchMethodError'{0x00000006d627fd58}: 'java.lang.Object java.lang.invoke.DirectMethodHandle$Holder.invokeStaticInit(java.lang.Object, java.lang.Object, java.lang.Object, java.lang.Object)'> (0x00000006d627fd58) 
thrown [s\src\hotspot\share\interpreter\linkResolver.cpp, line 771]
Event: 24.730 Thread 0x000001a511677810 Exception <a 'java/lang/NoSuchMethodError'{0x00000006d50f5cf8}: 'java.lang.Object java.lang.invoke.DirectMethodHandle$Holder.newInvokeSpecial(java.lang.Object, java.lang.Object, java.lang.Object, int, int, java.lang.Object)'> (0x00000006d50f5cf8) 
thrown [s\src\hotspot\share\interpreter\linkResolver.cpp, line 771]
Event: 24.792 Thread 0x000001a511677810 Exception <a 'java/lang/NoSuchMethodError'{0x00000006d53bfee0}: 'java.lang.Object java.lang.invoke.DirectMethodHandle$Holder.newInvokeSpecial(java.lang.Object, java.lang.Object, java.lang.Object, int, int, java.lang.Object, java.lang.Object, java.lang.Object, java.lang.Object)'> (0x00000006d53bfee0) 
thrown [s\src\hotspot\share\interpreter\linkResolver.cpp, line 771]
Event: 24.797 Thread 0x000001a511677810 Implicit null exception at 0x000001a51c6d9d13 to 0x000001a51c6da128
Event: 24.836 Thread 0x000001a511677810 Exception <a 'java/lang/NoSuchMethodError'{0x00000006d4cc9020}: 'java.lang.Object java.lang.invoke.DirectMethodHandle$Holder.invokeSpecial(java.lang.Object, java.lang.Object, int, int, java.lang.Object, java.lang.Object, java.lang.Object, java.lang.Object, java.lang.Object)'> (0x00000006d4cc9020) 
thrown [s\src\hotspot\share\interpreter\linkResolver.cpp, line 771]
Event: 25.015 Thread 0x000001a511677810 Exception <a 'java/lang/NoSuchMethodError'{0x00000006d4988e70}: 'java.lang.Object java.lang.invoke.DirectMethodHandle$Holder.newInvokeSpecial(java.lang.Object, java.lang.Object, int, int, java.lang.Object, java.lang.Object, java.lang.Object)'> (0x00000006d4988e70) 
thrown [s\src\hotspot\share\interpreter\linkResolver.cpp, line 771]
Event: 25.029 Thread 0x000001a511677810 Exception <a 'java/lang/NoSuchMethodError'{0x00000006d49d2748}: 'java.lang.Object java.lang.invoke.DirectMethodHandle$Holder.invokeStatic(java.lang.Object, java.lang.Object, java.lang.Object, int, int, java.lang.Object, java.lang.Object, java.lang.Object)'> (0x00000006d49d2748) 
thrown [s\src\hotspot\share\interpreter\linkResolver.cpp, line 771]
Event: 25.031 Thread 0x000001a511677810 Exception <a 'java/lang/NoSuchMethodError'{0x00000006d49db3c8}: 'java.lang.Object java.lang.invoke.DirectMethodHandle$Holder.newInvokeSpecial(java.lang.Object, java.lang.Object, java.lang.Object, int, int)'> (0x00000006d49db3c8) 
thrown [s\src\hotspot\share\interpreter\linkResolver.cpp, line 771]
Event: 25.032 Thread 0x000001a511677810 Exception <a 'java/lang/NoSuchMethodError'{0x00000006d49df208}: 'java.lang.Object java.lang.invoke.DirectMethodHandle$Holder.invokeSpecial(java.lang.Object, java.lang.Object, java.lang.Object, java.lang.Object, int, int)'> (0x00000006d49df208) 
thrown [s\src\hotspot\share\interpreter\linkResolver.cpp, line 771]
Event: 25.032 Thread 0x000001a511677810 Exception <a 'java/lang/NoSuchMethodError'{0x00000006d49e2c48}: 'java.lang.Object java.lang.invoke.Invokers$Holder.linkToTargetMethod(java.lang.Object, java.lang.Object, int, int, java.lang.Object)'> (0x00000006d49e2c48) 
thrown [s\src\hotspot\share\interpreter\linkResolver.cpp, line 771]
Event: 29.504 Thread 0x000001a511677810 Implicit null exception at 0x000001a51d13aca8 to 0x000001a51d13c434
Event: 29.938 Thread 0x000001a511677810 Implicit null exception at 0x000001a51d11d435 to 0x000001a51d11d62a

VM Operations (20 events):
Event: 30.857 Executing VM operation: HandshakeAllThreads done
Event: 31.010 Executing VM operation: ICBufferFull
Event: 31.010 Executing VM operation: ICBufferFull done
Event: 31.156 Executing VM operation: ICBufferFull
Event: 31.156 Executing VM operation: ICBufferFull done
Event: 31.341 Executing VM operation: ICBufferFull
Event: 31.342 Executing VM operation: ICBufferFull done
Event: 31.530 Executing VM operation: ICBufferFull
Event: 31.530 Executing VM operation: ICBufferFull done
Event: 31.717 Executing VM operation: ICBufferFull
Event: 31.717 Executing VM operation: ICBufferFull done
Event: 31.794 Executing VM operation: G1CollectForAllocation
Event: 31.800 Executing VM operation: G1CollectForAllocation done
Event: 31.876 Executing VM operation: G1CollectForAllocation
Event: 31.893 Executing VM operation: G1CollectForAllocation done
Event: 31.973 Executing VM operation: HandshakeAllThreads
Event: 31.973 Executing VM operation: HandshakeAllThreads done
Event: 32.021 Executing VM operation: ICBufferFull
Event: 32.021 Executing VM operation: ICBufferFull done
Event: 32.036 Executing VM operation: G1CollectForAllocation

Events (20 events):
Event: 30.908 Thread 0x000001a5326fe370 flushing nmethod 0x000001a5179bcd90
Event: 30.908 Thread 0x000001a5326fe370 flushing nmethod 0x000001a5179bdd10
Event: 30.908 Thread 0x000001a5326fe370 flushing nmethod 0x000001a5179c0710
Event: 30.908 Thread 0x000001a5326fe370 flushing nmethod 0x000001a5179c1510
Event: 30.908 Thread 0x000001a5326fe370 flushing nmethod 0x000001a5179c3f90
Event: 30.908 Thread 0x000001a5326fe370 flushing nmethod 0x000001a5179c5990
Event: 30.908 Thread 0x000001a5326fe370 flushing nmethod 0x000001a5179c8d90
Event: 30.908 Thread 0x000001a5326fe370 flushing nmethod 0x000001a5179ed890
Event: 30.908 Thread 0x000001a5326fe370 flushing nmethod 0x000001a517a2c990
Event: 30.908 Thread 0x000001a5326fe370 flushing nmethod 0x000001a517a41110
Event: 30.909 Thread 0x000001a5326fe370 flushing nmethod 0x000001a517b2a090
Event: 30.909 Thread 0x000001a5326fe370 flushing nmethod 0x000001a517b2ae10
Event: 30.909 Thread 0x000001a5326fe370 flushing nmethod 0x000001a517b2b990
Event: 30.909 Thread 0x000001a5326fe370 flushing nmethod 0x000001a517b4ed10
Event: 30.909 Thread 0x000001a5326fe370 flushing nmethod 0x000001a517b50010
Event: 30.910 Thread 0x000001a5326fe370 flushing nmethod 0x000001a517c2ab10
Event: 30.910 Thread 0x000001a5326fe370 flushing nmethod 0x000001a517c2b010
Event: 30.910 Thread 0x000001a5326fe370 flushing nmethod 0x000001a517c7c790
Event: 30.911 Thread 0x000001a5326fe370 flushing nmethod 0x000001a517d08a90
Event: 30.911 Thread 0x000001a5326fe370 flushing nmethod 0x000001a517d2cd90


Dynamic libraries:
0x00007ff6ca750000 - 0x00007ff6ca75a000 	C:\Users\User\AppData\Local\JetBrains\Toolbox\apps\AndroidStudio\ch-0\233.14808.21.2331.11709847\jbr\bin\java.exe
0x00007fffb7210000 - 0x00007fffb7427000 	C:\WINDOWS\SYSTEM32\ntdll.dll
0x00007fffb6310000 - 0x00007fffb63d4000 	C:\WINDOWS\System32\KERNEL32.DLL
0x00007fffb4530000 - 0x00007fffb48d7000 	C:\WINDOWS\System32\KERNELBASE.dll
0x0000000054460000 - 0x0000000054792000 	C:\Program Files\Norton Security\NortonData\22.20.5.39\Definitions\IPSDefs\20240610.064\IPSEng64.dll
0x00007fffb5630000 - 0x00007fffb56e2000 	C:\WINDOWS\System32\ADVAPI32.dll
0x00007fffb6490000 - 0x00007fffb6537000 	C:\WINDOWS\System32\msvcrt.dll
0x00007fffb5580000 - 0x00007fffb5628000 	C:\WINDOWS\System32\sechost.dll
0x00007fffb4dd0000 - 0x00007fffb4df8000 	C:\WINDOWS\System32\bcrypt.dll
0x00007fffb6b20000 - 0x00007fffb6c35000 	C:\WINDOWS\System32\RPCRT4.dll
0x00007fffb6480000 - 0x00007fffb6488000 	C:\WINDOWS\System32\PSAPI.DLL
0x00007fffb48e0000 - 0x00007fffb49f1000 	C:\WINDOWS\System32\ucrtbase.dll
0x00007fff9d460000 - 0x00007fff9d477000 	C:\Users\User\AppData\Local\JetBrains\Toolbox\apps\AndroidStudio\ch-0\233.14808.21.2331.11709847\jbr\bin\jli.dll
0x00007fff7afd0000 - 0x00007fff7afeb000 	C:\Users\User\AppData\Local\JetBrains\Toolbox\apps\AndroidStudio\ch-0\233.14808.21.2331.11709847\jbr\bin\VCRUNTIME140.dll
0x00007fffb6c40000 - 0x00007fffb6dee000 	C:\WINDOWS\System32\USER32.dll
0x00007fffb4a00000 - 0x00007fffb4a26000 	C:\WINDOWS\System32\win32u.dll
0x00007fffb6450000 - 0x00007fffb6479000 	C:\WINDOWS\System32\GDI32.dll
0x00007fff9ac00000 - 0x00007fff9ae93000 	C:\WINDOWS\WinSxS\amd64_microsoft.windows.common-controls_6595b64144ccf1df_6.0.22621.3527_none_270e469b73872a76\COMCTL32.dll
0x00007fffb4a30000 - 0x00007fffb4b49000 	C:\WINDOWS\System32\gdi32full.dll
0x00007fffb4b50000 - 0x00007fffb4bea000 	C:\WINDOWS\System32\msvcp_win.dll
0x00007fffb4f40000 - 0x00007fffb4f71000 	C:\WINDOWS\System32\IMM32.DLL
0x00007fff89d90000 - 0x00007fff89d9c000 	C:\Users\User\AppData\Local\JetBrains\Toolbox\apps\AndroidStudio\ch-0\233.14808.21.2331.11709847\jbr\bin\vcruntime140_1.dll
0x00007fff63d30000 - 0x00007fff63dbd000 	C:\Users\User\AppData\Local\JetBrains\Toolbox\apps\AndroidStudio\ch-0\233.14808.21.2331.11709847\jbr\bin\msvcp140.dll
0x00007fff19840000 - 0x00007fff1a4c3000 	C:\Users\User\AppData\Local\JetBrains\Toolbox\apps\AndroidStudio\ch-0\233.14808.21.2331.11709847\jbr\bin\server\jvm.dll
0x00007fffad380000 - 0x00007fffad3b4000 	C:\WINDOWS\SYSTEM32\WINMM.dll
0x00007fffb31c0000 - 0x00007fffb31ca000 	C:\WINDOWS\SYSTEM32\VERSION.dll
0x00007fffb3370000 - 0x00007fffb33bd000 	C:\WINDOWS\SYSTEM32\POWRPROF.dll
0x00007fff96140000 - 0x00007fff96149000 	C:\WINDOWS\SYSTEM32\WSOCK32.dll
0x00007fffb5140000 - 0x00007fffb51b1000 	C:\WINDOWS\System32\WS2_32.dll
0x00007fffb3350000 - 0x00007fffb3363000 	C:\WINDOWS\SYSTEM32\UMPDC.dll
0x00007fffb3600000 - 0x00007fffb3618000 	C:\WINDOWS\SYSTEM32\kernel.appcore.dll
0x00007fffaf490000 - 0x00007fffaf49a000 	C:\Users\User\AppData\Local\JetBrains\Toolbox\apps\AndroidStudio\ch-0\233.14808.21.2331.11709847\jbr\bin\jimage.dll
0x00007fffb1ea0000 - 0x00007fffb20d2000 	C:\WINDOWS\SYSTEM32\DBGHELP.DLL
0x00007fffb6df0000 - 0x00007fffb7178000 	C:\WINDOWS\System32\combase.dll
0x00007fffb51c0000 - 0x00007fffb5297000 	C:\WINDOWS\System32\OLEAUT32.dll
0x00007fff9b310000 - 0x00007fff9b342000 	C:\WINDOWS\SYSTEM32\dbgcore.DLL
0x00007fffb4e00000 - 0x00007fffb4e79000 	C:\WINDOWS\System32\bcryptPrimitives.dll
0x00007fff910b0000 - 0x00007fff910d5000 	C:\Users\User\AppData\Local\JetBrains\Toolbox\apps\AndroidStudio\ch-0\233.14808.21.2331.11709847\jbr\bin\java.dll
0x00007fffaf470000 - 0x00007fffaf488000 	C:\Users\User\AppData\Local\JetBrains\Toolbox\apps\AndroidStudio\ch-0\233.14808.21.2331.11709847\jbr\bin\zip.dll
0x00007fffb57a0000 - 0x00007fffb5ffc000 	C:\WINDOWS\System32\SHELL32.dll
0x00007fffb2240000 - 0x00007fffb2b36000 	C:\WINDOWS\SYSTEM32\windows.storage.dll
0x00007fffb20f0000 - 0x00007fffb222e000 	C:\WINDOWS\SYSTEM32\wintypes.dll
0x00007fffb5410000 - 0x00007fffb5505000 	C:\WINDOWS\System32\SHCORE.dll
0x00007fffb63f0000 - 0x00007fffb644e000 	C:\WINDOWS\System32\shlwapi.dll
0x00007fffb4460000 - 0x00007fffb4481000 	C:\WINDOWS\SYSTEM32\profapi.dll
0x00007fffabbe0000 - 0x00007fffabbf9000 	C:\Users\User\AppData\Local\JetBrains\Toolbox\apps\AndroidStudio\ch-0\233.14808.21.2331.11709847\jbr\bin\net.dll
0x00007fffadb00000 - 0x00007fffadc36000 	C:\WINDOWS\SYSTEM32\WINHTTP.dll
0x00007fffb3a70000 - 0x00007fffb3ad9000 	C:\WINDOWS\system32\mswsock.dll
0x00007fffa3f50000 - 0x00007fffa3f66000 	C:\Users\User\AppData\Local\JetBrains\Toolbox\apps\AndroidStudio\ch-0\233.14808.21.2331.11709847\jbr\bin\nio.dll
0x00007fffaf2f0000 - 0x00007fffaf300000 	C:\Users\User\AppData\Local\JetBrains\Toolbox\apps\AndroidStudio\ch-0\233.14808.21.2331.11709847\jbr\bin\verify.dll

dbghelp: loaded successfully - version: 4.0.5 - missing functions: none
symbol engine: initialized successfully - sym options: 0x614 - pdb path: .;C:\Users\User\AppData\Local\JetBrains\Toolbox\apps\AndroidStudio\ch-0\233.14808.21.2331.11709847\jbr\bin;C:\WINDOWS\SYSTEM32;C:\Program Files\Norton Security\NortonData\22.20.5.39\Definitions\IPSDefs\20240610.064;C:\WINDOWS\WinSxS\amd64_microsoft.windows.common-controls_6595b64144ccf1df_6.0.22621.3527_none_270e469b73872a76;C:\Users\User\AppData\Local\JetBrains\Toolbox\apps\AndroidStudio\ch-0\233.14808.21.2331.11709847\jbr\bin\server

VM Arguments:
java_command: org.jetbrains.kotlin.cli.jvm.K2JVMCompiler @C:\Users\User\AndroidStudioProjects\My_Free_Health_Tracker\app\build\20240611_18444447015984143566.compiler.options
java_class_path (initial): C:\Users\User\.gradle\caches\modules-2\files-2.1\org.jetbrains.kotlin\kotlin-compiler-embeddable\1.9.24\78dab849090e6c5e2eadb6e59a11cdc28fb67a08\kotlin-compiler-embeddable-1.9.24.jar;C:\Users\User\.gradle\caches\modules-2\files-2.1\org.jetbrains.kotlin\kotlin-stdlib\1.9.24\9928532f12c66ad816a625b3f9984f8368ca6d2b\kotlin-stdlib-1.9.24.jar;C:\Users\User\.gradle\caches\modules-2\files-2.1\org.jetbrains.kotlin\kotlin-script-runtime\1.9.24\96771497da90fbc5af1c90fce148db2595a62502\kotlin-script-runtime-1.9.24.jar;C:\Users\User\.gradle\caches\modules-2\files-2.1\org.jetbrains.kotlin\kotlin-reflect\1.6.10\1cbe9c92c12a94eea200d23c2bbaedaf3daf5132\kotlin-reflect-1.6.10.jar;C:\Users\User\.gradle\caches\modules-2\files-2.1\org.jetbrains.kotlin\kotlin-daemon-embeddable\1.9.24\86685b9c5e8d170925bd9ddbdc263374a6a73281\kotlin-daemon-embeddable-1.9.24.jar;C:\Users\User\.gradle\caches\modules-2\files-2.1\org.jetbrains.intellij.deps\trove4j\1.0.20200330\3afb14d5f9ceb459d724e907a21145e8ff394f02\trove4j-1.0.20200330.jar;C:\Users\User\.gradle\caches\modules-2\files-2.1\org.jetbrains\annotations\13.0\919f0dfe192fb4e063e7dacadee7f8bb9a2672a9\annotations-13.0.jar
Launcher Type: SUN_STANDARD

[Global flags]
     intx CICompilerCount                          = 4                                         {product} {ergonomic}
     uint ConcGCThreads                            = 3                                         {product} {ergonomic}
     uint G1ConcRefinementThreads                  = 10                                        {product} {ergonomic}
   size_t G1HeapRegionSize                         = 4194304                                   {product} {ergonomic}
    uintx GCDrainStackTargetSize                   = 64                                        {product} {ergonomic}
   size_t InitialHeapSize                          = 327155712                                 {product} {ergonomic}
   size_t MarkStackSize                            = 4194304                                   {product} {ergonomic}
   size_t MaxHeapSize                              = 5200936960                                {product} {ergonomic}
   size_t MaxNewSize                               = 3120562176                                {product} {ergonomic}
   size_t MinHeapDeltaBytes                        = 4194304                                   {product} {ergonomic}
   size_t MinHeapSize                              = 8388608                                   {product} {ergonomic}
    uintx NonNMethodCodeHeapSize                   = 5839372                                {pd product} {ergonomic}
    uintx NonProfiledCodeHeapSize                  = 122909434                              {pd product} {ergonomic}
    uintx ProfiledCodeHeapSize                     = 122909434                              {pd product} {ergonomic}
    uintx ReservedCodeCacheSize                    = 251658240                              {pd product} {ergonomic}
     bool SegmentedCodeCache                       = true                                      {product} {ergonomic}
   size_t SoftMaxHeapSize                          = 5200936960                             {manageable} {ergonomic}
     bool UseCompressedClassPointers               = true                           {product lp64_product} {ergonomic}
     bool UseCompressedOops                        = true                           {product lp64_product} {ergonomic}
     bool UseG1GC                                  = true                                      {product} {ergonomic}
     bool UseLargePagesIndividualAllocation        = false                                  {pd product} {ergonomic}

Logging:
Log output configuration:
 #0: stdout all=warning uptime,level,tags
 #1: stderr all=off uptime,level,tags

Environment Variables:
JAVA_HOME=C:\Program Files\Java\jdk-20;C:\Program Files\Java\jdk-20;C:\Program Files\Java\jdk-20;%JAVA_HOME%\bin\bin\bin
PATH=C:\Program Files\Common Files\Oracle\Java\javapath;C:\Windows\system32;C:\Windows;C:\Windows\System32\Wbem;C:\Windows\System32\WindowsPowerShell\v1.0\;C:\Windows\System32\OpenSSH\;C:\Program Files\NVIDIA Corporation\NVIDIA NvDLISR;C:\Program Files (x86)\NVIDIA Corporation\PhysX\Common;C:\Program Files (x86)\dotnet\;C:\WINDOWS\system32;C:\WINDOWS;C:\WINDOWS\System32\Wbem;C:\WINDOWS\System32\WindowsPowerShell\v1.0\;C:\WINDOWS\System32\OpenSSH\;C:\Program Files\dotnet\;C:\Users\User\Downloads\mingw-w64-v10.0.0\mingw-w64-v10.0.0;C:\Program Files\Git\cmd;C:\Program Files\Go\bin;C:\Program Files\Docker\Docker\resources\bin;C:\Users\User\anaconda3;C:\Users\User\anaconda3\Scripts;C:\Program Files\PuTTY\;C:\Program Files\MATLAB\R2024a\bin;C:\Users\User\AppData\Local\Microsoft\WindowsApps;C:\Users\User\AppData\Local\atom\bin;C:\Users\User\AppData\Local\Programs\Microsoft VS Code\bin;C:\Program Files\CodeBlocks\MinGW\bin;C:\Program Files\CMake\bin;C:\Users\User\AppData\Local\JetBrains\Toolbox\scripts;C:\Users\User\AppData\Local\Microsoft\WindowsApps;C:\Users\User\go\bin;C:\Users\User\AppData\Local\GitHubDesktop\bin;C:\Users\User\AppData\Local\Programs\MiKTeX\miktex\bin\x64\
USERNAME=User
OS=Windows_NT
PROCESSOR_IDENTIFIER=AMD64 Family 23 Model 96 Stepping 1, AuthenticAMD
TMP=C:\Users\User\AppData\Local\Temp
TEMP=C:\Users\User\AppData\Local\Temp



Periodic native trim disabled

JNI global refs:
JNI global refs: 13, weak refs: 6

JNI global refs memory usage: 843, weak refs: 841

OOME stack traces (most recent first):
Classloader memory used:
Loader jdk.internal.loader.ClassLoaders$AppClassLoader                                 : 9184K
Loader bootstrap                                                                       : 1508K
Loader java.net.URLClassLoader                                                         : 534K
Loader jdk.internal.reflect.DelegatingClassLoader                                      : 26331B
Loader jdk.internal.loader.ClassLoaders$PlatformClassLoader                            : 2276B


---------------  S Y S T E M  ---------------

OS:
 Windows 11 , 64 bit Build 22621 (10.0.22621.3527)
OS uptime: 3 days 20:27 hours
Hyper-V role detected

CPU: total 12 (initial active 12) (12 cores per cpu, 2 threads per core) family 23 model 96 stepping 1 microcode 0x0, cx8, cmov, fxsr, ht, mmx, 3dnowpref, sse, sse2, sse3, ssse3, sse4a, sse4.1, sse4.2, popcnt, lzcnt, tsc, tscinvbit, avx, avx2, aes, clmul, bmi1, bmi2, adx, sha, fma, vzeroupper, clflush, clflushopt, hv
Processor Information for all 12 processors :
  Max Mhz: 3000, Current Mhz: 3000, Mhz Limit: 3000

Memory: 4k page, system-wide physical 19837M (3593M free)
TotalPageFile size 19837M (AvailPageFile size 102M)
current process WorkingSet (physical memory assigned to process): 585M, peak: 596M
current process commit charge ("private bytes"): 648M, peak: 857M

vm_info: OpenJDK 64-Bit Server VM (17.0.10+0--11572160) for windows-amd64 JRE (17.0.10+0--11572160), built on Mar 13 2024 23:56:38 by "androidbuild" with MS VC++ 16.10 / 16.11 (VS2019)

END.
