#
# There is insufficient memory for the Java Runtime Environment to continue.
# Native memory allocation (mmap) failed to map 276824064 bytes for G1 virtual space
# Possible reasons:
#   The system is out of physical RAM or swap space
#   The process is running with CompressedOops enabled, and the Java Heap may be blocking the growth of the native heap
# Possible solutions:
#   Reduce memory load on the system
#   Increase physical memory or swap space
#   Check if swap backing store is full
#   Decrease Java heap size (-Xmx/-Xms)
#   Decrease number of Java threads
#   Decrease Java thread stack sizes (-Xss)
#   Set larger code cache with -XX:ReservedCodeCacheSize=
#   JVM is running with Zero Based Compressed Oops mode in which the Java heap is
#     placed in the first 32GB address space. The Java Heap base address is the
#     maximum limit for the native heap growth. Please use -XX:HeapBaseMinAddress
#     to set the Java Heap base and to place the Java Heap above 32GB virtual address.
# This output file may be truncated or incomplete.
#
#  Out of Memory Error (os_windows.cpp:3825), pid=26872, tid=26700
#
# JRE version: OpenJDK Runtime Environment (17.0.10) (build 17.0.10+0--11572160)
# Java VM: OpenJDK 64-Bit Server VM (17.0.10+0--11572160, mixed mode, tiered, compressed oops, compressed class ptrs, g1 gc, windows-amd64)
# No core dump will be written. Minidumps are not enabled by default on client versions of Windows
#

---------------  S U M M A R Y ------------

Command Line: org.jetbrains.kotlin.cli.jvm.K2JVMCompiler @C:\Users\User\AndroidStudioProjects\My_Free_Health_Tracker\app\build\20240611_12825373726085824651.compiler.options

Host: AMD Ryzen 5 4600H with Radeon Graphics         , 12 cores, 19G,  Windows 11 , 64 bit Build 22621 (10.0.22621.3527)
Time: Tue Jun 11 14:17:57 2024 W. Europe Daylight Time elapsed time: 33.294631 seconds (0d 0h 0m 33s)

---------------  T H R E A D  ---------------

Current thread (0x00000182ff1e4460):  VMThread "VM Thread" [stack: 0x000000333ad00000,0x000000333ae00000] [id=26700]

Stack: [0x000000333ad00000,0x000000333ae00000]
Native frames: (J=compiled Java code, j=interpreted, Vv=VM code, C=native code)
V  [jvm.dll+0x688e89]
V  [jvm.dll+0x84247a]
V  [jvm.dll+0x8440be]
V  [jvm.dll+0x844723]
V  [jvm.dll+0x24be0f]
V  [jvm.dll+0x685c59]
V  [jvm.dll+0x67a50a]
V  [jvm.dll+0x30cbab]
V  [jvm.dll+0x314056]
V  [jvm.dll+0x363dce]
V  [jvm.dll+0x363fff]
V  [jvm.dll+0x2e2978]
V  [jvm.dll+0x2e0b54]
V  [jvm.dll+0x2e015c]
V  [jvm.dll+0x32502b]
V  [jvm.dll+0x848e1b]
V  [jvm.dll+0x849b61]
V  [jvm.dll+0x84a07d]
V  [jvm.dll+0x84a454]
V  [jvm.dll+0x84a520]
V  [jvm.dll+0x7f0d1a]
V  [jvm.dll+0x687d05]
C  [ucrtbase.dll+0x29333]
C  [KERNEL32.DLL+0x1257d]
C  [ntdll.dll+0x5aa48]

VM_Operation (0x000000333a7f8b60): G1CollectForAllocation, mode: safepoint, requested by thread 0x00000182e3a58220


---------------  P R O C E S S  ---------------

Threads class SMR info:
_java_thread_list=0x000001828bb689c0, length=14, elements={
0x00000182e3a58220, 0x0000018289047cf0, 0x000001828904a030, 0x000001828909b680,
0x000001828909bf50, 0x000001828909ce30, 0x000001828909eeb0, 0x00000182890a0250,
0x00000182890a3320, 0x00000182890e1870, 0x0000018289251810, 0x00000182892563b0,
0x0000018289263f60, 0x000001828b1d8760
}

Java Threads: ( => current thread )
  0x00000182e3a58220 JavaThread "main" [_thread_blocked, id=12224, stack(0x000000333a700000,0x000000333a800000)]
  0x0000018289047cf0 JavaThread "Reference Handler" daemon [_thread_blocked, id=24052, stack(0x000000333ae00000,0x000000333af00000)]
  0x000001828904a030 JavaThread "Finalizer" daemon [_thread_blocked, id=15044, stack(0x000000333af00000,0x000000333b000000)]
  0x000001828909b680 JavaThread "Signal Dispatcher" daemon [_thread_blocked, id=22144, stack(0x000000333b000000,0x000000333b100000)]
  0x000001828909bf50 JavaThread "Attach Listener" daemon [_thread_blocked, id=26368, stack(0x000000333b100000,0x000000333b200000)]
  0x000001828909ce30 JavaThread "Service Thread" daemon [_thread_blocked, id=22076, stack(0x000000333b200000,0x000000333b300000)]
  0x000001828909eeb0 JavaThread "Monitor Deflation Thread" daemon [_thread_blocked, id=19376, stack(0x000000333b300000,0x000000333b400000)]
  0x00000182890a0250 JavaThread "C2 CompilerThread0" daemon [_thread_blocked, id=16812, stack(0x000000333b400000,0x000000333b500000)]
  0x00000182890a3320 JavaThread "C1 CompilerThread0" daemon [_thread_blocked, id=19908, stack(0x000000333b500000,0x000000333b600000)]
  0x00000182890e1870 JavaThread "Sweeper thread" daemon [_thread_blocked, id=27852, stack(0x000000333b600000,0x000000333b700000)]
  0x0000018289251810 JavaThread "Notification Thread" daemon [_thread_blocked, id=25768, stack(0x000000333b700000,0x000000333b800000)]
  0x00000182892563b0 JavaThread "Common-Cleaner" daemon [_thread_blocked, id=11464, stack(0x000000333b900000,0x000000333ba00000)]
  0x0000018289263f60 JavaThread "C2 CompilerThread1" daemon [_thread_blocked, id=28452, stack(0x000000333ba00000,0x000000333bb00000)]
  0x000001828b1d8760 JavaThread "C2 CompilerThread2" daemon [_thread_blocked, id=23556, stack(0x000000333c500000,0x000000333c600000)]

Other Threads:
=>0x00000182ff1e4460 VMThread "VM Thread" [stack: 0x000000333ad00000,0x000000333ae00000] [id=26700]
  0x0000018289251cf0 WatcherThread [stack: 0x000000333b800000,0x000000333b900000] [id=24220]
  0x00000182e3acb750 GCTaskThread "GC Thread#0" [stack: 0x000000333a800000,0x000000333a900000] [id=5900]
  0x0000018289745e90 GCTaskThread "GC Thread#1" [stack: 0x000000333bb00000,0x000000333bc00000] [id=28420]
  0x000001828977d630 GCTaskThread "GC Thread#2" [stack: 0x000000333bc00000,0x000000333bd00000] [id=27372]
  0x00000182897a48c0 GCTaskThread "GC Thread#3" [stack: 0x000000333bd00000,0x000000333be00000] [id=4392]
  0x00000182897af0f0 GCTaskThread "GC Thread#4" [stack: 0x000000333be00000,0x000000333bf00000] [id=4860]
  0x00000182897b01d0 GCTaskThread "GC Thread#5" [stack: 0x000000333bf00000,0x000000333c000000] [id=18428]
  0x00000182897b0aa0 GCTaskThread "GC Thread#6" [stack: 0x000000333c000000,0x000000333c100000] [id=20872]
  0x0000018289c32770 GCTaskThread "GC Thread#7" [stack: 0x000000333c100000,0x000000333c200000] [id=26716]
  0x0000018289b9e050 GCTaskThread "GC Thread#8" [stack: 0x000000333c200000,0x000000333c300000] [id=25160]
  0x0000018289eaa3f0 GCTaskThread "GC Thread#9" [stack: 0x000000333c600000,0x000000333c700000] [id=15352]
  0x00000182e3ad62f0 ConcurrentGCThread "G1 Main Marker" [stack: 0x000000333a900000,0x000000333aa00000] [id=23100]
  0x00000182e3ad8d30 ConcurrentGCThread "G1 Conc#0" [stack: 0x000000333aa00000,0x000000333ab00000] [id=5772]
  0x0000018289c97cb0 ConcurrentGCThread "G1 Conc#1" [stack: 0x000000333c300000,0x000000333c400000] [id=7240]
  0x0000018289bf8820 ConcurrentGCThread "G1 Conc#2" [stack: 0x000000333c400000,0x000000333c500000] [id=26976]
  0x00000182ff092a40 ConcurrentGCThread "G1 Refine#0" [stack: 0x000000333ab00000,0x000000333ac00000] [id=15032]
  0x000001828abb0520 ConcurrentGCThread "G1 Refine#1" [stack: 0x000000333c700000,0x000000333c800000] [id=16928]
  0x000001828dfbbc20 ConcurrentGCThread "G1 Refine#2" [stack: 0x000000333c800000,0x000000333c900000] [id=22428]
  0x000001828bb8d8d0 ConcurrentGCThread "G1 Refine#3" [stack: 0x000000333c900000,0x000000333ca00000] [id=2516]
  0x00000182ff095380 ConcurrentGCThread "G1 Service" [stack: 0x000000333ac00000,0x000000333ad00000] [id=26632]

Threads with active compile tasks:
C2 CompilerThread0    33310 26264       4       org.jetbrains.kotlin.codegen.optimization.temporaryVals.TemporaryValsAnalyzer::analyze (1263 bytes)
C2 CompilerThread1    33310 26378 %     4       org.jetbrains.kotlin.codegen.optimization.common.FastMethodAnalyzer$Companion::findMergeNodes @ 24 (347 bytes)
C2 CompilerThread2    33311 26374       4       org.jetbrains.org.objectweb.asm.commons.Remapper::mapType (123 bytes)

VM state: at safepoint (normal execution)

VM Mutex/Monitor currently owned by a thread:  ([mutex/lock_event])
[0x00000182e3a53570] Threads_lock - owner thread: 0x00000182ff1e4460
[0x00000182e3a53b10] Heap_lock - owner thread: 0x00000182e3a58220

Heap address: 0x00000006ca000000, size: 4960 MB, Compressed Oops mode: Zero based, Oop shift amount: 3

CDS archive(s) not mapped
Compressed class space mapped at: 0x0000000800000000-0x0000000840000000, reserved size: 1073741824
Narrow klass base: 0x0000000800000000, Narrow klass shift: 0, Narrow klass range: 0x40000000

GC Precious Log:
 CPUs: 12 total, 12 available
 Memory: 19837M
 Large Page Support: Disabled
 NUMA Support: Disabled
 Compressed Oops: Enabled (Zero based)
 Heap Region Size: 4M
 Heap Min Capacity: 8M
 Heap Initial Capacity: 312M
 Heap Max Capacity: 4960M
 Pre-touch: Disabled
 Parallel Workers: 10
 Concurrent Workers: 3
 Concurrent Refinement Workers: 10
 Periodic GC: Disabled

Heap:
 garbage-first heap   total 319488K, used 164462K [0x00000006ca000000, 0x0000000800000000)
  region size 4096K, 2 young (8192K), 2 survivors (8192K)
 Metaspace       used 95899K, committed 96256K, reserved 1179648K
  class space    used 9756K, committed 9920K, reserved 1048576K

Heap Regions: E=young(eden), S=young(survivor), O=old, HS=humongous(starts), HC=humongous(continues), CS=collection set, F=free, OA=open archive, CA=closed archive, TAMS=top-at-mark-start (previous, next)
|   0|0x00000006ca000000, 0x00000006ca400000, 0x00000006ca400000|100%|HS|  |TAMS 0x00000006ca400000, 0x00000006ca000000| Complete 
|   1|0x00000006ca400000, 0x00000006ca800000, 0x00000006ca800000|100%| O|  |TAMS 0x00000006ca800000, 0x00000006ca400000| Untracked 
|   2|0x00000006ca800000, 0x00000006cac00000, 0x00000006cac00000|100%| O|  |TAMS 0x00000006cac00000, 0x00000006ca800000| Untracked 
|   3|0x00000006cac00000, 0x00000006cb000000, 0x00000006cb000000|100%| O|  |TAMS 0x00000006cb000000, 0x00000006cac00000| Untracked 
|   4|0x00000006cb000000, 0x00000006cb400000, 0x00000006cb400000|100%| O|  |TAMS 0x00000006cb000000, 0x00000006cb000000| Untracked 
|   5|0x00000006cb400000, 0x00000006cb800000, 0x00000006cb800000|100%| O|  |TAMS 0x00000006cb800000, 0x00000006cb400000| Untracked 
|   6|0x00000006cb800000, 0x00000006cbc00000, 0x00000006cbc00000|100%| O|  |TAMS 0x00000006cbc00000, 0x00000006cb800000| Untracked 
|   7|0x00000006cbc00000, 0x00000006cbfc6e00, 0x00000006cc000000| 94%| O|  |TAMS 0x00000006cbfc6e00, 0x00000006cbc00000| Untracked 
|   8|0x00000006cc000000, 0x00000006cc400000, 0x00000006cc400000|100%| O|  |TAMS 0x00000006cc400000, 0x00000006cc000000| Untracked 
|   9|0x00000006cc400000, 0x00000006cc800000, 0x00000006cc800000|100%| O|  |TAMS 0x00000006cc800000, 0x00000006cc400000| Untracked 
|  10|0x00000006cc800000, 0x00000006ccc00000, 0x00000006ccc00000|100%| O|  |TAMS 0x00000006ccc00000, 0x00000006cc800000| Untracked 
|  11|0x00000006ccc00000, 0x00000006cd000000, 0x00000006cd000000|100%| O|  |TAMS 0x00000006cd000000, 0x00000006ccc00000| Untracked 
|  12|0x00000006cd000000, 0x00000006cd400000, 0x00000006cd400000|100%| O|  |TAMS 0x00000006cd400000, 0x00000006cd000000| Untracked 
|  13|0x00000006cd400000, 0x00000006cd800000, 0x00000006cd800000|100%| O|  |TAMS 0x00000006cd800000, 0x00000006cd400000| Untracked 
|  14|0x00000006cd800000, 0x00000006cdc00000, 0x00000006cdc00000|100%| O|  |TAMS 0x00000006cdc00000, 0x00000006cd800000| Untracked 
|  15|0x00000006cdc00000, 0x00000006ce000000, 0x00000006ce000000|100%| O|  |TAMS 0x00000006ce000000, 0x00000006cdc00000| Untracked 
|  16|0x00000006ce000000, 0x00000006ce400000, 0x00000006ce400000|100%| O|  |TAMS 0x00000006ce400000, 0x00000006ce000000| Untracked 
|  17|0x00000006ce400000, 0x00000006ce800000, 0x00000006ce800000|100%| O|  |TAMS 0x00000006ce800000, 0x00000006ce400000| Untracked 
|  18|0x00000006ce800000, 0x00000006cec00000, 0x00000006cec00000|100%| O|  |TAMS 0x00000006cec00000, 0x00000006ce800000| Untracked 
|  19|0x00000006cec00000, 0x00000006cf000000, 0x00000006cf000000|100%| O|  |TAMS 0x00000006cf000000, 0x00000006cec00000| Untracked 
|  20|0x00000006cf000000, 0x00000006cf400000, 0x00000006cf400000|100%| O|  |TAMS 0x00000006cf000000, 0x00000006cf000000| Untracked 
|  21|0x00000006cf400000, 0x00000006cf800000, 0x00000006cf800000|100%| O|  |TAMS 0x00000006cf800000, 0x00000006cf400000| Untracked 
|  22|0x00000006cf800000, 0x00000006cfa2b400, 0x00000006cfc00000| 54%| O|  |TAMS 0x00000006cf800000, 0x00000006cf800000| Untracked 
|  23|0x00000006cfc00000, 0x00000006cfc00000, 0x00000006d0000000|  0%| F|  |TAMS 0x00000006cfc00000, 0x00000006cfc00000| Untracked 
|  24|0x00000006d0000000, 0x00000006d0000000, 0x00000006d0400000|  0%| F|  |TAMS 0x00000006d0000000, 0x00000006d0000000| Untracked 
|  25|0x00000006d0400000, 0x00000006d0400000, 0x00000006d0800000|  0%| F|  |TAMS 0x00000006d0400000, 0x00000006d0400000| Untracked 
|  26|0x00000006d0800000, 0x00000006d0800000, 0x00000006d0c00000|  0%| F|  |TAMS 0x00000006d0800000, 0x00000006d0800000| Untracked 
|  27|0x00000006d0c00000, 0x00000006d1000000, 0x00000006d1000000|100%| O|  |TAMS 0x00000006d1000000, 0x00000006d0c00000| Untracked 
|  28|0x00000006d1000000, 0x00000006d1000000, 0x00000006d1400000|  0%| F|  |TAMS 0x00000006d1000000, 0x00000006d1000000| Untracked 
|  29|0x00000006d1400000, 0x00000006d1800000, 0x00000006d1800000|100%| O|  |TAMS 0x00000006d1800000, 0x00000006d1400000| Untracked 
|  30|0x00000006d1800000, 0x00000006d1c00000, 0x00000006d1c00000|100%| O|  |TAMS 0x00000006d1c00000, 0x00000006d1800000| Untracked 
|  31|0x00000006d1c00000, 0x00000006d2000000, 0x00000006d2000000|100%| O|  |TAMS 0x00000006d2000000, 0x00000006d1c00000| Untracked 
|  32|0x00000006d2000000, 0x00000006d2400000, 0x00000006d2400000|100%| O|  |TAMS 0x00000006d2400000, 0x00000006d2000000| Untracked 
|  33|0x00000006d2400000, 0x00000006d2800000, 0x00000006d2800000|100%| O|  |TAMS 0x00000006d2800000, 0x00000006d2400000| Untracked 
|  34|0x00000006d2800000, 0x00000006d2c00000, 0x00000006d2c00000|100%| O|  |TAMS 0x00000006d2c00000, 0x00000006d2800000| Untracked 
|  35|0x00000006d2c00000, 0x00000006d3000000, 0x00000006d3000000|100%| O|  |TAMS 0x00000006d3000000, 0x00000006d2c00000| Untracked 
|  36|0x00000006d3000000, 0x00000006d3000000, 0x00000006d3400000|  0%| F|  |TAMS 0x00000006d3000000, 0x00000006d3000000| Untracked 
|  37|0x00000006d3400000, 0x00000006d3400000, 0x00000006d3800000|  0%| F|  |TAMS 0x00000006d3400000, 0x00000006d3400000| Untracked 
|  38|0x00000006d3800000, 0x00000006d3c00000, 0x00000006d3c00000|100%| O|  |TAMS 0x00000006d3c00000, 0x00000006d3800000| Untracked 
|  39|0x00000006d3c00000, 0x00000006d4000000, 0x00000006d4000000|100%| O|  |TAMS 0x00000006d4000000, 0x00000006d3c00000| Untracked 
|  40|0x00000006d4000000, 0x00000006d4400000, 0x00000006d4400000|100%| O|  |TAMS 0x00000006d4400000, 0x00000006d4000000| Untracked 
|  41|0x00000006d4400000, 0x00000006d4800000, 0x00000006d4800000|100%| O|  |TAMS 0x00000006d4800000, 0x00000006d4400000| Untracked 
|  42|0x00000006d4800000, 0x00000006d4c00000, 0x00000006d4c00000|100%| O|  |TAMS 0x00000006d4c00000, 0x00000006d4800000| Untracked 
|  43|0x00000006d4c00000, 0x00000006d5000000, 0x00000006d5000000|100%| O|  |TAMS 0x00000006d5000000, 0x00000006d4c00000| Untracked 
|  44|0x00000006d5000000, 0x00000006d5400000, 0x00000006d5400000|100%| O|  |TAMS 0x00000006d5400000, 0x00000006d5000000| Untracked 
|  45|0x00000006d5400000, 0x00000006d5800000, 0x00000006d5800000|100%| O|  |TAMS 0x00000006d5462200, 0x00000006d5400000| Untracked 
|  46|0x00000006d5800000, 0x00000006d5800000, 0x00000006d5c00000|  0%| F|  |TAMS 0x00000006d5800000, 0x00000006d5800000| Untracked 
|  47|0x00000006d5c00000, 0x00000006d5c00000, 0x00000006d6000000|  0%| F|  |TAMS 0x00000006d5c00000, 0x00000006d5c00000| Untracked 
|  48|0x00000006d6000000, 0x00000006d6000000, 0x00000006d6400000|  0%| F|  |TAMS 0x00000006d6000000, 0x00000006d6000000| Untracked 
|  49|0x00000006d6400000, 0x00000006d6400000, 0x00000006d6800000|  0%| F|  |TAMS 0x00000006d6400000, 0x00000006d6400000| Untracked 
|  50|0x00000006d6800000, 0x00000006d6800000, 0x00000006d6c00000|  0%| F|  |TAMS 0x00000006d6800000, 0x00000006d6800000| Untracked 
|  51|0x00000006d6c00000, 0x00000006d6ea9730, 0x00000006d7000000| 66%| S|CS|TAMS 0x00000006d6c00000, 0x00000006d6c00000| Complete 
|  52|0x00000006d7000000, 0x00000006d7400000, 0x00000006d7400000|100%| S|CS|TAMS 0x00000006d7000000, 0x00000006d7000000| Complete 
|  53|0x00000006d7400000, 0x00000006d7400000, 0x00000006d7800000|  0%| F|  |TAMS 0x00000006d7400000, 0x00000006d7400000| Untracked 
|  54|0x00000006d7800000, 0x00000006d7800000, 0x00000006d7c00000|  0%| F|  |TAMS 0x00000006d7800000, 0x00000006d7800000| Untracked 
|  55|0x00000006d7c00000, 0x00000006d7c00000, 0x00000006d8000000|  0%| F|  |TAMS 0x00000006d7c00000, 0x00000006d7c00000| Untracked 
|  56|0x00000006d8000000, 0x00000006d8000000, 0x00000006d8400000|  0%| F|  |TAMS 0x00000006d8000000, 0x00000006d8000000| Untracked 
|  57|0x00000006d8400000, 0x00000006d8400000, 0x00000006d8800000|  0%| F|  |TAMS 0x00000006d8400000, 0x00000006d8400000| Untracked 
|  58|0x00000006d8800000, 0x00000006d8800000, 0x00000006d8c00000|  0%| F|  |TAMS 0x00000006d8800000, 0x00000006d8800000| Untracked 
|  59|0x00000006d8c00000, 0x00000006d8c00000, 0x00000006d9000000|  0%| F|  |TAMS 0x00000006d8c00000, 0x00000006d8c00000| Untracked 
|  60|0x00000006d9000000, 0x00000006d9000000, 0x00000006d9400000|  0%| F|  |TAMS 0x00000006d9000000, 0x00000006d9000000| Untracked 
|  61|0x00000006d9400000, 0x00000006d9400000, 0x00000006d9800000|  0%| F|  |TAMS 0x00000006d9400000, 0x00000006d9400000| Untracked 
|  62|0x00000006d9800000, 0x00000006d9800000, 0x00000006d9c00000|  0%| F|  |TAMS 0x00000006d9800000, 0x00000006d9800000| Untracked 
|  63|0x00000006d9c00000, 0x00000006d9c00000, 0x00000006da000000|  0%| F|  |TAMS 0x00000006d9c00000, 0x00000006d9c00000| Untracked 
|  64|0x00000006da000000, 0x00000006da000000, 0x00000006da400000|  0%| F|  |TAMS 0x00000006da000000, 0x00000006da000000| Untracked 
|  65|0x00000006da400000, 0x00000006da400000, 0x00000006da800000|  0%| F|  |TAMS 0x00000006da400000, 0x00000006da400000| Untracked 
|  66|0x00000006da800000, 0x00000006da800000, 0x00000006dac00000|  0%| F|  |TAMS 0x00000006da800000, 0x00000006da800000| Untracked 
|  67|0x00000006dac00000, 0x00000006dac00000, 0x00000006db000000|  0%| F|  |TAMS 0x00000006dac00000, 0x00000006dac00000| Untracked 
|  68|0x00000006db000000, 0x00000006db000000, 0x00000006db400000|  0%| F|  |TAMS 0x00000006db000000, 0x00000006db000000| Untracked 
|  69|0x00000006db400000, 0x00000006db400000, 0x00000006db800000|  0%| F|  |TAMS 0x00000006db400000, 0x00000006db400000| Untracked 
|  70|0x00000006db800000, 0x00000006db800000, 0x00000006dbc00000|  0%| F|  |TAMS 0x00000006db800000, 0x00000006db800000| Untracked 
|  71|0x00000006dbc00000, 0x00000006dbc00000, 0x00000006dc000000|  0%| F|  |TAMS 0x00000006dbc00000, 0x00000006dbc00000| Untracked 
|  72|0x00000006dc000000, 0x00000006dc000000, 0x00000006dc400000|  0%| F|  |TAMS 0x00000006dc000000, 0x00000006dc000000| Untracked 
|  73|0x00000006dc400000, 0x00000006dc400000, 0x00000006dc800000|  0%| F|  |TAMS 0x00000006dc400000, 0x00000006dc400000| Untracked 
|  74|0x00000006dc800000, 0x00000006dc800000, 0x00000006dcc00000|  0%| F|  |TAMS 0x00000006dc800000, 0x00000006dc800000| Untracked 
|  75|0x00000006dcc00000, 0x00000006dcc00000, 0x00000006dd000000|  0%| F|  |TAMS 0x00000006dcc00000, 0x00000006dcc00000| Untracked 
|  76|0x00000006dd000000, 0x00000006dd000000, 0x00000006dd400000|  0%| F|  |TAMS 0x00000006dd000000, 0x00000006dd000000| Untracked 
|  77|0x00000006dd400000, 0x00000006dd400000, 0x00000006dd800000|  0%| F|  |TAMS 0x00000006dd400000, 0x00000006dd400000| Untracked 

Card table byte_map: [0x00000182f6e10000,0x00000182f77c0000] _byte_map_base: 0x00000182f37c0000

Marking Bits (Prev, Next): (CMBitMap*) 0x00000182e3acbdb0, (CMBitMap*) 0x00000182e3acbd70
 Prev Bits: [0x0000018280000000, 0x0000018284d80000)
 Next Bits: [0x00000182f8170000, 0x00000182fcef0000)

Polling page: 0x00000182e1980000

Metaspace:

Usage:
  Non-class:     84.12 MB used.
      Class:      9.53 MB used.
       Both:     93.65 MB used.

Virtual space:
  Non-class space:      128.00 MB reserved,      84.31 MB ( 66%) committed,  2 nodes.
      Class space:        1.00 GB reserved,       9.69 MB ( <1%) committed,  1 nodes.
             Both:        1.12 GB reserved,      94.00 MB (  8%) committed. 

Chunk freelists:
   Non-Class:  11.12 MB
       Class:  6.31 MB
        Both:  17.44 MB

MaxMetaspaceSize: unlimited
CompressedClassSpaceSize: 1.00 GB
Initial GC threshold: 21.00 MB
Current GC threshold: 147.81 MB
CDS: off
MetaspaceReclaimPolicy: balanced
 - commit_granule_bytes: 65536.
 - commit_granule_words: 8192.
 - virtual_space_node_default_size: 8388608.
 - enlarge_chunks_in_place: 1.
 - new_chunks_are_fully_committed: 0.
 - uncommit_free_chunks: 1.
 - use_allocation_guard: 0.
 - handle_deallocations: 1.


Internal statistics:

num_allocs_failed_limit: 9.
num_arena_births: 508.
num_arena_deaths: 0.
num_vsnodes_births: 3.
num_vsnodes_deaths: 0.
num_space_committed: 1502.
num_space_uncommitted: 0.
num_chunks_returned_to_freelist: 9.
num_chunks_taken_from_freelist: 3846.
num_chunk_merges: 9.
num_chunk_splits: 3021.
num_chunks_enlarged: 2541.
num_inconsistent_stats: 0.

CodeHeap 'non-profiled nmethods': size=120000Kb used=14374Kb max_used=14374Kb free=105625Kb
 bounds [0x00000182ee9d0000, 0x00000182ef7e0000, 0x00000182f5f00000]
CodeHeap 'profiled nmethods': size=120000Kb used=62673Kb max_used=62673Kb free=57326Kb
 bounds [0x00000182e6f00000, 0x00000182eac60000, 0x00000182ee430000]
CodeHeap 'non-nmethods': size=5760Kb used=1443Kb max_used=1518Kb free=4316Kb
 bounds [0x00000182ee430000, 0x00000182ee6a0000, 0x00000182ee9d0000]
 total_blobs=21203 nmethods=20435 adapters=674
 compilation: enabled
              stopped_count=0, restarted_count=0
 full_count=0

Compilation events (20 events):
Event: 33.277 Thread 0x00000182890a3320 26359       3       gnu.trove.TPrimitiveHash::capacity (17 bytes)
Event: 33.278 Thread 0x00000182890a3320 nmethod 26359 0x00000182ea32a990 code [0x00000182ea32ab20, 0x00000182ea32acb8]
Event: 33.278 Thread 0x00000182890a3320 26357       3       java.util.LinkedList::<init> (11 bytes)
Event: 33.278 Thread 0x00000182890a3320 nmethod 26357 0x00000182ea8b9410 code [0x00000182ea8b95e0, 0x00000182ea8b9988]
Event: 33.278 Thread 0x00000182890a3320 26358       3       java.util.LinkedList::addAll (10 bytes)
Event: 33.278 Thread 0x00000182890a3320 nmethod 26358 0x00000182e94aaf10 code [0x00000182e94ab0a0, 0x00000182e94ab1e8]
Event: 33.278 Thread 0x00000182890a3320 26380       3       org.jetbrains.kotlin.codegen.optimization.temporaryVals.FastStoreLoadAnalyzer::checkAssertions (100 bytes)
Event: 33.279 Thread 0x00000182890a3320 nmethod 26380 0x00000182e9d76910 code [0x00000182e9d76ae0, 0x00000182e9d77038]
Event: 33.279 Thread 0x00000182890a3320 26381       3       org.jetbrains.kotlin.codegen.optimization.temporaryVals.FastStoreLoadAnalyzer::initMergeNodes (374 bytes)
Event: 33.281 Thread 0x00000182890a3320 nmethod 26381 0x00000182eac50710 code [0x00000182eac50d60, 0x00000182eac54498]
Event: 33.281 Thread 0x00000182890a3320 26383 %     3       org.jetbrains.kotlin.codegen.inline.MethodInliner::removeFakeVariablesInitializationIfPresent @ 224 (351 bytes)
Event: 33.283 Thread 0x00000182890a3320 nmethod 26383% 0x00000182eac55a10 code [0x00000182eac55ea0, 0x00000182eac588e8]
Event: 33.283 Thread 0x00000182890a3320 26382   !   3       org.jetbrains.kotlin.codegen.optimization.temporaryVals.FastStoreLoadAnalyzer::analyze (562 bytes)
Event: 33.284 Thread 0x0000018289263f60 nmethod 26365 0x00000182eee3a010 code [0x00000182eee3a200, 0x00000182eee3b7b8]
Event: 33.284 Thread 0x0000018289263f60 26378 %     4       org.jetbrains.kotlin.codegen.optimization.common.FastMethodAnalyzer$Companion::findMergeNodes @ 24 (347 bytes)
Event: 33.285 Thread 0x000001828b1d8760 nmethod 26376 0x00000182eee38790 code [0x00000182eee38980, 0x00000182eee39938]
Event: 33.285 Thread 0x000001828b1d8760 26374       4       org.jetbrains.org.objectweb.asm.commons.Remapper::mapType (123 bytes)
Event: 33.286 Thread 0x00000182890a3320 nmethod 26382 0x00000182eac59790 code [0x00000182eac59ea0, 0x00000182eac5d7a8]
Event: 33.286 Thread 0x00000182890a3320 26386       3       org.jetbrains.kotlin.codegen.inline.InlineCodegenUtilsKt::isNumberedFunctionInternalName (47 bytes)
Event: 33.287 Thread 0x00000182890a3320 nmethod 26386 0x00000182ea273910 code [0x00000182ea273ba0, 0x00000182ea2745d8]

GC Heap History (20 events):
Event: 25.961 GC heap after
{Heap after GC invocations=26 (full 0):
 garbage-first heap   total 245760K, used 133059K [0x00000006ca000000, 0x0000000800000000)
  region size 4096K, 3 young (12288K), 3 survivors (12288K)
 Metaspace       used 74539K, committed 74880K, reserved 1179648K
  class space    used 8046K, committed 8192K, reserved 1048576K
}
Event: 26.809 GC heap before
{Heap before GC invocations=27 (full 0):
 garbage-first heap   total 253952K, used 194499K [0x00000006ca000000, 0x0000000800000000)
  region size 4096K, 18 young (73728K), 3 survivors (12288K)
 Metaspace       used 75916K, committed 76224K, reserved 1179648K
  class space    used 8160K, committed 8320K, reserved 1048576K
}
Event: 26.825 GC heap after
{Heap after GC invocations=28 (full 0):
 garbage-first heap   total 253952K, used 146244K [0x00000006ca000000, 0x0000000800000000)
  region size 4096K, 3 young (12288K), 3 survivors (12288K)
 Metaspace       used 75916K, committed 76224K, reserved 1179648K
  class space    used 8160K, committed 8320K, reserved 1048576K
}
Event: 27.423 GC heap before
{Heap before GC invocations=28 (full 0):
 garbage-first heap   total 253952K, used 199492K [0x00000006ca000000, 0x0000000800000000)
  region size 4096K, 16 young (65536K), 3 survivors (12288K)
 Metaspace       used 76974K, committed 77376K, reserved 1179648K
  class space    used 8242K, committed 8448K, reserved 1048576K
}
Event: 27.439 GC heap after
{Heap after GC invocations=29 (full 0):
 garbage-first heap   total 253952K, used 161976K [0x00000006ca000000, 0x0000000800000000)
  region size 4096K, 2 young (8192K), 2 survivors (8192K)
 Metaspace       used 76974K, committed 77376K, reserved 1179648K
  class space    used 8242K, committed 8448K, reserved 1048576K
}
Event: 28.052 GC heap before
{Heap before GC invocations=30 (full 0):
 garbage-first heap   total 294912K, used 198840K [0x00000006ca000000, 0x0000000800000000)
  region size 4096K, 11 young (45056K), 2 survivors (8192K)
 Metaspace       used 79821K, committed 80192K, reserved 1179648K
  class space    used 8536K, committed 8704K, reserved 1048576K
}
Event: 28.061 GC heap after
{Heap after GC invocations=31 (full 0):
 garbage-first heap   total 294912K, used 166991K [0x00000006ca000000, 0x0000000800000000)
  region size 4096K, 1 young (4096K), 1 survivors (4096K)
 Metaspace       used 79821K, committed 80192K, reserved 1179648K
  class space    used 8536K, committed 8704K, reserved 1048576K
}
Event: 29.122 GC heap before
{Heap before GC invocations=31 (full 0):
 garbage-first heap   total 294912K, used 224335K [0x00000006ca000000, 0x0000000800000000)
  region size 4096K, 15 young (61440K), 1 survivors (4096K)
 Metaspace       used 87574K, committed 87936K, reserved 1179648K
  class space    used 9240K, committed 9408K, reserved 1048576K
}
Event: 29.129 GC heap after
{Heap after GC invocations=32 (full 0):
 garbage-first heap   total 294912K, used 168841K [0x00000006ca000000, 0x0000000800000000)
  region size 4096K, 2 young (8192K), 2 survivors (8192K)
 Metaspace       used 87574K, committed 87936K, reserved 1179648K
  class space    used 9240K, committed 9408K, reserved 1048576K
}
Event: 30.593 GC heap before
{Heap before GC invocations=33 (full 0):
 garbage-first heap   total 294912K, used 230281K [0x00000006ca000000, 0x0000000800000000)
  region size 4096K, 17 young (69632K), 2 survivors (8192K)
 Metaspace       used 89917K, committed 90240K, reserved 1179648K
  class space    used 9357K, committed 9536K, reserved 1048576K
}
Event: 30.600 GC heap after
{Heap after GC invocations=34 (full 0):
 garbage-first heap   total 294912K, used 171968K [0x00000006ca000000, 0x0000000800000000)
  region size 4096K, 3 young (12288K), 3 survivors (12288K)
 Metaspace       used 89917K, committed 90240K, reserved 1179648K
  class space    used 9357K, committed 9536K, reserved 1048576K
}
Event: 30.629 GC heap before
{Heap before GC invocations=34 (full 0):
 garbage-first heap   total 294912K, used 176064K [0x00000006ca000000, 0x0000000800000000)
  region size 4096K, 4 young (16384K), 3 survivors (12288K)
 Metaspace       used 89928K, committed 90304K, reserved 1179648K
  class space    used 9357K, committed 9536K, reserved 1048576K
}
Event: 30.643 GC heap after
{Heap after GC invocations=35 (full 0):
 garbage-first heap   total 294912K, used 153274K [0x00000006ca000000, 0x0000000800000000)
  region size 4096K, 1 young (4096K), 1 survivors (4096K)
 Metaspace       used 89928K, committed 90304K, reserved 1179648K
  class space    used 9357K, committed 9536K, reserved 1048576K
}
Event: 31.292 GC heap before
{Heap before GC invocations=35 (full 0):
 garbage-first heap   total 294912K, used 227002K [0x00000006ca000000, 0x0000000800000000)
  region size 4096K, 19 young (77824K), 1 survivors (4096K)
 Metaspace       used 90229K, committed 90624K, reserved 1179648K
  class space    used 9360K, committed 9536K, reserved 1048576K
}
Event: 31.298 GC heap after
{Heap after GC invocations=36 (full 0):
 garbage-first heap   total 294912K, used 157413K [0x00000006ca000000, 0x0000000800000000)
  region size 4096K, 2 young (8192K), 2 survivors (8192K)
 Metaspace       used 90229K, committed 90624K, reserved 1179648K
  class space    used 9360K, committed 9536K, reserved 1048576K
}
Event: 32.524 GC heap before
{Heap before GC invocations=37 (full 0):
 garbage-first heap   total 294912K, used 227045K [0x00000006ca000000, 0x0000000800000000)
  region size 4096K, 19 young (77824K), 2 survivors (8192K)
 Metaspace       used 95012K, committed 95424K, reserved 1179648K
  class space    used 9723K, committed 9920K, reserved 1048576K
}
Event: 32.532 GC heap after
{Heap after GC invocations=38 (full 0):
 garbage-first heap   total 294912K, used 160889K [0x00000006ca000000, 0x0000000800000000)
  region size 4096K, 3 young (12288K), 3 survivors (12288K)
 Metaspace       used 95012K, committed 95424K, reserved 1179648K
  class space    used 9723K, committed 9920K, reserved 1048576K
}
Event: 32.636 GC heap before
{Heap before GC invocations=38 (full 0):
 garbage-first heap   total 294912K, used 160889K [0x00000006ca000000, 0x0000000800000000)
  region size 4096K, 4 young (16384K), 3 survivors (12288K)
 Metaspace       used 95272K, committed 95680K, reserved 1179648K
  class space    used 9732K, committed 9920K, reserved 1048576K
}
Event: 32.646 GC heap after
{Heap after GC invocations=39 (full 0):
 garbage-first heap   total 294912K, used 159151K [0x00000006ca000000, 0x0000000800000000)
  region size 4096K, 1 young (4096K), 1 survivors (4096K)
 Metaspace       used 95272K, committed 95680K, reserved 1179648K
  class space    used 9732K, committed 9920K, reserved 1048576K
}
Event: 33.287 GC heap before
{Heap before GC invocations=39 (full 0):
 garbage-first heap   total 294912K, used 232879K [0x00000006ca000000, 0x0000000800000000)
  region size 4096K, 19 young (77824K), 1 survivors (4096K)
 Metaspace       used 95899K, committed 96256K, reserved 1179648K
  class space    used 9756K, committed 9920K, reserved 1048576K
}

Dll operation events (2 events):
Event: 0.009 Loaded shared library C:\Users\User\AppData\Local\JetBrains\Toolbox\apps\AndroidStudio\ch-0\233.14808.21.2331.11709847\jbr\bin\java.dll
Event: 0.988 Loaded shared library C:\Users\User\AppData\Local\JetBrains\Toolbox\apps\AndroidStudio\ch-0\233.14808.21.2331.11709847\jbr\bin\verify.dll

Deoptimization events (20 events):
Event: 33.214 Thread 0x00000182e3a58220 DEOPT PACKING pc=0x00000182eabb2e32 sp=0x000000333a7f6570
Event: 33.214 Thread 0x00000182e3a58220 DEOPT UNPACKING pc=0x00000182ee487143 sp=0x000000333a7f5aa8 mode 0
Event: 33.215 Thread 0x00000182e3a58220 DEOPT PACKING pc=0x00000182eaa65c79 sp=0x000000333a7f6380
Event: 33.215 Thread 0x00000182e3a58220 DEOPT UNPACKING pc=0x00000182ee487143 sp=0x000000333a7f5a00 mode 0
Event: 33.231 Thread 0x00000182e3a58220 DEOPT PACKING pc=0x00000182eaa65c79 sp=0x000000333a7f4610
Event: 33.231 Thread 0x00000182e3a58220 DEOPT UNPACKING pc=0x00000182ee487143 sp=0x000000333a7f3c78 mode 0
Event: 33.238 Thread 0x00000182e3a58220 DEOPT PACKING pc=0x00000182eaa65c79 sp=0x000000333a7f5080
Event: 33.238 Thread 0x00000182e3a58220 DEOPT UNPACKING pc=0x00000182ee487143 sp=0x000000333a7f46e8 mode 0
Event: 33.246 Thread 0x00000182e3a58220 DEOPT PACKING pc=0x00000182eabcaef3 sp=0x000000333a7f64b0
Event: 33.246 Thread 0x00000182e3a58220 DEOPT UNPACKING pc=0x00000182ee487143 sp=0x000000333a7f5a30 mode 0
Event: 33.246 Thread 0x00000182e3a58220 DEOPT PACKING pc=0x00000182eaa65c79 sp=0x000000333a7f6340
Event: 33.246 Thread 0x00000182e3a58220 DEOPT UNPACKING pc=0x00000182ee487143 sp=0x000000333a7f59a8 mode 0
Event: 33.258 Thread 0x00000182e3a58220 DEOPT PACKING pc=0x00000182eaa65c79 sp=0x000000333a7f74b0
Event: 33.258 Thread 0x00000182e3a58220 DEOPT UNPACKING pc=0x00000182ee487143 sp=0x000000333a7f6b18 mode 0
Event: 33.268 Thread 0x00000182e3a58220 DEOPT PACKING pc=0x00000182eabb607a sp=0x000000333a7f8490
Event: 33.268 Thread 0x00000182e3a58220 DEOPT UNPACKING pc=0x00000182ee487143 sp=0x000000333a7f7a10 mode 0
Event: 33.272 Thread 0x00000182e3a58220 DEOPT PACKING pc=0x00000182ea89abf3 sp=0x000000333a7f8a30
Event: 33.272 Thread 0x00000182e3a58220 DEOPT UNPACKING pc=0x00000182ee487143 sp=0x000000333a7f7ed0 mode 0
Event: 33.278 Thread 0x00000182e3a58220 DEOPT PACKING pc=0x00000182eaa65c79 sp=0x000000333a7f8620
Event: 33.278 Thread 0x00000182e3a58220 DEOPT UNPACKING pc=0x00000182ee487143 sp=0x000000333a7f7c88 mode 0

Classes unloaded (0 events):
No events

Classes redefined (0 events):
No events

Internal exceptions (20 events):
Event: 10.860 Thread 0x00000182e3a58220 Implicit null exception at 0x00000182eee6db74 to 0x00000182eee70ba4
Event: 12.984 Thread 0x00000182e3a58220 Implicit null exception at 0x00000182ef0181ac to 0x00000182ef018274
Event: 13.475 Thread 0x00000182e3a58220 Implicit null exception at 0x00000182eea9a521 to 0x00000182eea9adac
Event: 14.090 Thread 0x00000182e3a58220 Implicit null exception at 0x00000182eeff3d02 to 0x00000182eeff44f8
Event: 15.143 Thread 0x00000182e3a58220 Implicit null exception at 0x00000182eea02b8f to 0x00000182eea02c09
Event: 22.976 Thread 0x00000182e3a58220 Implicit null exception at 0x00000182eeab5634 to 0x00000182eeab56c1
Event: 23.333 Thread 0x00000182e3a58220 Implicit null exception at 0x00000182eeeb2eb7 to 0x00000182eeeb3804
Event: 23.934 Thread 0x00000182e3a58220 Exception <a 'java/lang/NoSuchMethodError'{0x00000006d61e2e80}: 'java.lang.Object java.lang.invoke.DirectMethodHandle$Holder.invokeStaticInit(java.lang.Object, java.lang.Object, java.lang.Object, java.lang.Object)'> (0x00000006d61e2e80) 
thrown [s\src\hotspot\share\interpreter\linkResolver.cpp, line 771]
Event: 24.222 Thread 0x00000182e3a58220 Exception <a 'java/lang/NoSuchMethodError'{0x00000006d50595a8}: 'java.lang.Object java.lang.invoke.DirectMethodHandle$Holder.newInvokeSpecial(java.lang.Object, java.lang.Object, java.lang.Object, int, int, java.lang.Object)'> (0x00000006d50595a8) 
thrown [s\src\hotspot\share\interpreter\linkResolver.cpp, line 771]
Event: 24.279 Thread 0x00000182e3a58220 Exception <a 'java/lang/NoSuchMethodError'{0x00000006d5323780}: 'java.lang.Object java.lang.invoke.DirectMethodHandle$Holder.newInvokeSpecial(java.lang.Object, java.lang.Object, java.lang.Object, int, int, java.lang.Object, java.lang.Object, java.lang.Object, java.lang.Object)'> (0x00000006d5323780) 
thrown [s\src\hotspot\share\interpreter\linkResolver.cpp, line 771]
Event: 24.284 Thread 0x00000182e3a58220 Implicit null exception at 0x00000182eeab7793 to 0x00000182eeab7ba8
Event: 24.311 Thread 0x00000182e3a58220 Exception <a 'java/lang/NoSuchMethodError'{0x00000006d4c2bb50}: 'java.lang.Object java.lang.invoke.DirectMethodHandle$Holder.invokeSpecial(java.lang.Object, java.lang.Object, int, int, java.lang.Object, java.lang.Object, java.lang.Object, java.lang.Object, java.lang.Object)'> (0x00000006d4c2bb50) 
thrown [s\src\hotspot\share\interpreter\linkResolver.cpp, line 771]
Event: 24.488 Thread 0x00000182e3a58220 Exception <a 'java/lang/NoSuchMethodError'{0x00000006d48ef6c8}: 'java.lang.Object java.lang.invoke.DirectMethodHandle$Holder.newInvokeSpecial(java.lang.Object, java.lang.Object, int, int, java.lang.Object, java.lang.Object, java.lang.Object)'> (0x00000006d48ef6c8) 
thrown [s\src\hotspot\share\interpreter\linkResolver.cpp, line 771]
Event: 24.497 Thread 0x00000182e3a58220 Exception <a 'java/lang/NoSuchMethodError'{0x00000006d493cd30}: 'java.lang.Object java.lang.invoke.DirectMethodHandle$Holder.invokeStatic(java.lang.Object, java.lang.Object, java.lang.Object, int, int, java.lang.Object, java.lang.Object, java.lang.Object)'> (0x00000006d493cd30) 
thrown [s\src\hotspot\share\interpreter\linkResolver.cpp, line 771]
Event: 24.498 Thread 0x00000182e3a58220 Exception <a 'java/lang/NoSuchMethodError'{0x00000006d49459b0}: 'java.lang.Object java.lang.invoke.DirectMethodHandle$Holder.newInvokeSpecial(java.lang.Object, java.lang.Object, java.lang.Object, int, int)'> (0x00000006d49459b0) 
thrown [s\src\hotspot\share\interpreter\linkResolver.cpp, line 771]
Event: 24.499 Thread 0x00000182e3a58220 Exception <a 'java/lang/NoSuchMethodError'{0x00000006d49497f0}: 'java.lang.Object java.lang.invoke.DirectMethodHandle$Holder.invokeSpecial(java.lang.Object, java.lang.Object, java.lang.Object, java.lang.Object, int, int)'> (0x00000006d49497f0) 
thrown [s\src\hotspot\share\interpreter\linkResolver.cpp, line 771]
Event: 24.499 Thread 0x00000182e3a58220 Exception <a 'java/lang/NoSuchMethodError'{0x00000006d494d230}: 'java.lang.Object java.lang.invoke.Invokers$Holder.linkToTargetMethod(java.lang.Object, java.lang.Object, int, int, java.lang.Object)'> (0x00000006d494d230) 
thrown [s\src\hotspot\share\interpreter\linkResolver.cpp, line 771]
Event: 28.256 Thread 0x00000182e3a58220 Implicit null exception at 0x00000182ef5b1548 to 0x00000182ef5b2534
Event: 28.633 Thread 0x00000182e3a58220 Implicit null exception at 0x00000182ef5d0335 to 0x00000182ef5d052a
Event: 30.518 Thread 0x00000182e3a58220 Implicit null exception at 0x00000182ef320840 to 0x00000182ef322590

VM Operations (20 events):
Event: 32.469 Executing VM operation: HandshakeAllThreads done
Event: 32.524 Executing VM operation: G1CollectForAllocation
Event: 32.532 Executing VM operation: G1CollectForAllocation done
Event: 32.636 Executing VM operation: G1CollectForAllocation
Event: 32.646 Executing VM operation: G1CollectForAllocation done
Event: 32.902 Executing VM operation: ICBufferFull
Event: 32.902 Executing VM operation: ICBufferFull done
Event: 32.911 Executing VM operation: HandshakeAllThreads
Event: 32.911 Executing VM operation: HandshakeAllThreads done
Event: 32.925 Executing VM operation: HandshakeAllThreads
Event: 32.925 Executing VM operation: HandshakeAllThreads done
Event: 32.930 Executing VM operation: HandshakeAllThreads
Event: 32.930 Executing VM operation: HandshakeAllThreads done
Event: 32.958 Executing VM operation: HandshakeAllThreads
Event: 32.958 Executing VM operation: HandshakeAllThreads done
Event: 33.114 Executing VM operation: ICBufferFull
Event: 33.114 Executing VM operation: ICBufferFull done
Event: 33.266 Executing VM operation: ICBufferFull
Event: 33.266 Executing VM operation: ICBufferFull done
Event: 33.287 Executing VM operation: G1CollectForAllocation

Events (20 events):
Event: 33.012 Thread 0x00000182890e1870 flushing nmethod 0x00000182ea900890
Event: 33.012 Thread 0x00000182890e1870 flushing nmethod 0x00000182ea905390
Event: 33.012 Thread 0x00000182890e1870 flushing nmethod 0x00000182ea908610
Event: 33.013 Thread 0x00000182890e1870 flushing nmethod 0x00000182ea90f190
Event: 33.013 Thread 0x00000182890e1870 flushing nmethod 0x00000182ea921910
Event: 33.013 Thread 0x00000182890e1870 flushing nmethod 0x00000182ea92e690
Event: 33.013 Thread 0x00000182890e1870 flushing nmethod 0x00000182ea930690
Event: 33.013 Thread 0x00000182890e1870 flushing nmethod 0x00000182ea93a010
Event: 33.013 Thread 0x00000182890e1870 flushing nmethod 0x00000182ea93ae10
Event: 33.013 Thread 0x00000182890e1870 flushing nmethod 0x00000182ea943f90
Event: 33.013 Thread 0x00000182890e1870 flushing nmethod 0x00000182ea944e10
Event: 33.013 Thread 0x00000182890e1870 flushing nmethod 0x00000182ea947210
Event: 33.013 Thread 0x00000182890e1870 flushing nmethod 0x00000182ea958810
Event: 33.013 Thread 0x00000182890e1870 flushing nmethod 0x00000182ea95ec10
Event: 33.013 Thread 0x00000182890e1870 flushing nmethod 0x00000182ea974890
Event: 33.013 Thread 0x00000182890e1870 flushing nmethod 0x00000182ea9a0a90
Event: 33.013 Thread 0x00000182890e1870 flushing nmethod 0x00000182ea9c9b90
Event: 33.013 Thread 0x00000182890e1870 flushing nmethod 0x00000182eaa0ff10
Event: 33.014 Thread 0x00000182890e1870 flushing nmethod 0x00000182eaa3e390
Event: 33.014 Thread 0x00000182890e1870 flushing nmethod 0x00000182eaa9f210


Dynamic libraries:
0x00007ff6ca750000 - 0x00007ff6ca75a000 	C:\Users\User\AppData\Local\JetBrains\Toolbox\apps\AndroidStudio\ch-0\233.14808.21.2331.11709847\jbr\bin\java.exe
0x00007fffb7210000 - 0x00007fffb7427000 	C:\WINDOWS\SYSTEM32\ntdll.dll
0x00007fffb6310000 - 0x00007fffb63d4000 	C:\WINDOWS\System32\KERNEL32.DLL
0x00007fffb4530000 - 0x00007fffb48d7000 	C:\WINDOWS\System32\KERNELBASE.dll
0x0000000054460000 - 0x0000000054792000 	C:\Program Files\Norton Security\NortonData\22.20.5.39\Definitions\IPSDefs\20240610.064\IPSEng64.dll
0x00007fffb5630000 - 0x00007fffb56e2000 	C:\WINDOWS\System32\ADVAPI32.dll
0x00007fffb6490000 - 0x00007fffb6537000 	C:\WINDOWS\System32\msvcrt.dll
0x00007fffb5580000 - 0x00007fffb5628000 	C:\WINDOWS\System32\sechost.dll
0x00007fffb4dd0000 - 0x00007fffb4df8000 	C:\WINDOWS\System32\bcrypt.dll
0x00007fffb6b20000 - 0x00007fffb6c35000 	C:\WINDOWS\System32\RPCRT4.dll
0x00007fffb6480000 - 0x00007fffb6488000 	C:\WINDOWS\System32\PSAPI.DLL
0x00007fffb48e0000 - 0x00007fffb49f1000 	C:\WINDOWS\System32\ucrtbase.dll
0x00007fff7afd0000 - 0x00007fff7afeb000 	C:\Users\User\AppData\Local\JetBrains\Toolbox\apps\AndroidStudio\ch-0\233.14808.21.2331.11709847\jbr\bin\VCRUNTIME140.dll
0x00007fff9d460000 - 0x00007fff9d477000 	C:\Users\User\AppData\Local\JetBrains\Toolbox\apps\AndroidStudio\ch-0\233.14808.21.2331.11709847\jbr\bin\jli.dll
0x00007fffb6c40000 - 0x00007fffb6dee000 	C:\WINDOWS\System32\USER32.dll
0x00007fffb4a00000 - 0x00007fffb4a26000 	C:\WINDOWS\System32\win32u.dll
0x00007fff9ac00000 - 0x00007fff9ae93000 	C:\WINDOWS\WinSxS\amd64_microsoft.windows.common-controls_6595b64144ccf1df_6.0.22621.3527_none_270e469b73872a76\COMCTL32.dll
0x00007fffb6450000 - 0x00007fffb6479000 	C:\WINDOWS\System32\GDI32.dll
0x00007fffb4a30000 - 0x00007fffb4b49000 	C:\WINDOWS\System32\gdi32full.dll
0x00007fffb4b50000 - 0x00007fffb4bea000 	C:\WINDOWS\System32\msvcp_win.dll
0x00007fffb4f40000 - 0x00007fffb4f71000 	C:\WINDOWS\System32\IMM32.DLL
0x00007fff89d90000 - 0x00007fff89d9c000 	C:\Users\User\AppData\Local\JetBrains\Toolbox\apps\AndroidStudio\ch-0\233.14808.21.2331.11709847\jbr\bin\vcruntime140_1.dll
0x00007fff63d30000 - 0x00007fff63dbd000 	C:\Users\User\AppData\Local\JetBrains\Toolbox\apps\AndroidStudio\ch-0\233.14808.21.2331.11709847\jbr\bin\msvcp140.dll
0x00007fff19840000 - 0x00007fff1a4c3000 	C:\Users\User\AppData\Local\JetBrains\Toolbox\apps\AndroidStudio\ch-0\233.14808.21.2331.11709847\jbr\bin\server\jvm.dll
0x00007fff96140000 - 0x00007fff96149000 	C:\WINDOWS\SYSTEM32\WSOCK32.dll
0x00007fffb31c0000 - 0x00007fffb31ca000 	C:\WINDOWS\SYSTEM32\VERSION.dll
0x00007fffad380000 - 0x00007fffad3b4000 	C:\WINDOWS\SYSTEM32\WINMM.dll
0x00007fffb3370000 - 0x00007fffb33bd000 	C:\WINDOWS\SYSTEM32\POWRPROF.dll
0x00007fffb5140000 - 0x00007fffb51b1000 	C:\WINDOWS\System32\WS2_32.dll
0x00007fffb3350000 - 0x00007fffb3363000 	C:\WINDOWS\SYSTEM32\UMPDC.dll
0x00007fffb3600000 - 0x00007fffb3618000 	C:\WINDOWS\SYSTEM32\kernel.appcore.dll
0x00007fffaf490000 - 0x00007fffaf49a000 	C:\Users\User\AppData\Local\JetBrains\Toolbox\apps\AndroidStudio\ch-0\233.14808.21.2331.11709847\jbr\bin\jimage.dll
0x00007fffb1ea0000 - 0x00007fffb20d2000 	C:\WINDOWS\SYSTEM32\DBGHELP.DLL
0x00007fffb6df0000 - 0x00007fffb7178000 	C:\WINDOWS\System32\combase.dll
0x00007fffb51c0000 - 0x00007fffb5297000 	C:\WINDOWS\System32\OLEAUT32.dll
0x00007fff9b310000 - 0x00007fff9b342000 	C:\WINDOWS\SYSTEM32\dbgcore.DLL
0x00007fffb4e00000 - 0x00007fffb4e79000 	C:\WINDOWS\System32\bcryptPrimitives.dll
0x00007fff910b0000 - 0x00007fff910d5000 	C:\Users\User\AppData\Local\JetBrains\Toolbox\apps\AndroidStudio\ch-0\233.14808.21.2331.11709847\jbr\bin\java.dll
0x00007fffaf470000 - 0x00007fffaf488000 	C:\Users\User\AppData\Local\JetBrains\Toolbox\apps\AndroidStudio\ch-0\233.14808.21.2331.11709847\jbr\bin\zip.dll
0x00007fffb57a0000 - 0x00007fffb5ffc000 	C:\WINDOWS\System32\SHELL32.dll
0x00007fffb2240000 - 0x00007fffb2b36000 	C:\WINDOWS\SYSTEM32\windows.storage.dll
0x00007fffb20f0000 - 0x00007fffb222e000 	C:\WINDOWS\SYSTEM32\wintypes.dll
0x00007fffb5410000 - 0x00007fffb5505000 	C:\WINDOWS\System32\SHCORE.dll
0x00007fffb63f0000 - 0x00007fffb644e000 	C:\WINDOWS\System32\shlwapi.dll
0x00007fffb4460000 - 0x00007fffb4481000 	C:\WINDOWS\SYSTEM32\profapi.dll
0x00007fffabbe0000 - 0x00007fffabbf9000 	C:\Users\User\AppData\Local\JetBrains\Toolbox\apps\AndroidStudio\ch-0\233.14808.21.2331.11709847\jbr\bin\net.dll
0x00007fffadb00000 - 0x00007fffadc36000 	C:\WINDOWS\SYSTEM32\WINHTTP.dll
0x00007fffb3a70000 - 0x00007fffb3ad9000 	C:\WINDOWS\system32\mswsock.dll
0x00007fffa3f50000 - 0x00007fffa3f66000 	C:\Users\User\AppData\Local\JetBrains\Toolbox\apps\AndroidStudio\ch-0\233.14808.21.2331.11709847\jbr\bin\nio.dll
0x00007fffaf2f0000 - 0x00007fffaf300000 	C:\Users\User\AppData\Local\JetBrains\Toolbox\apps\AndroidStudio\ch-0\233.14808.21.2331.11709847\jbr\bin\verify.dll

dbghelp: loaded successfully - version: 4.0.5 - missing functions: none
symbol engine: initialized successfully - sym options: 0x614 - pdb path: .;C:\Users\User\AppData\Local\JetBrains\Toolbox\apps\AndroidStudio\ch-0\233.14808.21.2331.11709847\jbr\bin;C:\WINDOWS\SYSTEM32;C:\Program Files\Norton Security\NortonData\22.20.5.39\Definitions\IPSDefs\20240610.064;C:\WINDOWS\WinSxS\amd64_microsoft.windows.common-controls_6595b64144ccf1df_6.0.22621.3527_none_270e469b73872a76;C:\Users\User\AppData\Local\JetBrains\Toolbox\apps\AndroidStudio\ch-0\233.14808.21.2331.11709847\jbr\bin\server

VM Arguments:
java_command: org.jetbrains.kotlin.cli.jvm.K2JVMCompiler @C:\Users\User\AndroidStudioProjects\My_Free_Health_Tracker\app\build\20240611_12825373726085824651.compiler.options
java_class_path (initial): C:\Users\User\.gradle\caches\modules-2\files-2.1\org.jetbrains.kotlin\kotlin-compiler-embeddable\1.9.24\78dab849090e6c5e2eadb6e59a11cdc28fb67a08\kotlin-compiler-embeddable-1.9.24.jar;C:\Users\User\.gradle\caches\modules-2\files-2.1\org.jetbrains.kotlin\kotlin-stdlib\1.9.24\9928532f12c66ad816a625b3f9984f8368ca6d2b\kotlin-stdlib-1.9.24.jar;C:\Users\User\.gradle\caches\modules-2\files-2.1\org.jetbrains.kotlin\kotlin-script-runtime\1.9.24\96771497da90fbc5af1c90fce148db2595a62502\kotlin-script-runtime-1.9.24.jar;C:\Users\User\.gradle\caches\modules-2\files-2.1\org.jetbrains.kotlin\kotlin-reflect\1.6.10\1cbe9c92c12a94eea200d23c2bbaedaf3daf5132\kotlin-reflect-1.6.10.jar;C:\Users\User\.gradle\caches\modules-2\files-2.1\org.jetbrains.kotlin\kotlin-daemon-embeddable\1.9.24\86685b9c5e8d170925bd9ddbdc263374a6a73281\kotlin-daemon-embeddable-1.9.24.jar;C:\Users\User\.gradle\caches\modules-2\files-2.1\org.jetbrains.intellij.deps\trove4j\1.0.20200330\3afb14d5f9ceb459d724e907a21145e8ff394f02\trove4j-1.0.20200330.jar;C:\Users\User\.gradle\caches\modules-2\files-2.1\org.jetbrains\annotations\13.0\919f0dfe192fb4e063e7dacadee7f8bb9a2672a9\annotations-13.0.jar
Launcher Type: SUN_STANDARD

[Global flags]
     intx CICompilerCount                          = 4                                         {product} {ergonomic}
     uint ConcGCThreads                            = 3                                         {product} {ergonomic}
     uint G1ConcRefinementThreads                  = 10                                        {product} {ergonomic}
   size_t G1HeapRegionSize                         = 4194304                                   {product} {ergonomic}
    uintx GCDrainStackTargetSize                   = 64                                        {product} {ergonomic}
   size_t InitialHeapSize                          = 327155712                                 {product} {ergonomic}
   size_t MarkStackSize                            = 4194304                                   {product} {ergonomic}
   size_t MaxHeapSize                              = 5200936960                                {product} {ergonomic}
   size_t MaxNewSize                               = 3120562176                                {product} {ergonomic}
   size_t MinHeapDeltaBytes                        = 4194304                                   {product} {ergonomic}
   size_t MinHeapSize                              = 8388608                                   {product} {ergonomic}
    uintx NonNMethodCodeHeapSize                   = 5839372                                {pd product} {ergonomic}
    uintx NonProfiledCodeHeapSize                  = 122909434                              {pd product} {ergonomic}
    uintx ProfiledCodeHeapSize                     = 122909434                              {pd product} {ergonomic}
    uintx ReservedCodeCacheSize                    = 251658240                              {pd product} {ergonomic}
     bool SegmentedCodeCache                       = true                                      {product} {ergonomic}
   size_t SoftMaxHeapSize                          = 5200936960                             {manageable} {ergonomic}
     bool UseCompressedClassPointers               = true                           {product lp64_product} {ergonomic}
     bool UseCompressedOops                        = true                           {product lp64_product} {ergonomic}
     bool UseG1GC                                  = true                                      {product} {ergonomic}
     bool UseLargePagesIndividualAllocation        = false                                  {pd product} {ergonomic}

Logging:
Log output configuration:
 #0: stdout all=warning uptime,level,tags
 #1: stderr all=off uptime,level,tags

Environment Variables:
JAVA_HOME=C:\Program Files\Java\jdk-20;C:\Program Files\Java\jdk-20;C:\Program Files\Java\jdk-20;%JAVA_HOME%\bin\bin\bin
PATH=C:\Program Files\Common Files\Oracle\Java\javapath;C:\Windows\system32;C:\Windows;C:\Windows\System32\Wbem;C:\Windows\System32\WindowsPowerShell\v1.0\;C:\Windows\System32\OpenSSH\;C:\Program Files\NVIDIA Corporation\NVIDIA NvDLISR;C:\Program Files (x86)\NVIDIA Corporation\PhysX\Common;C:\Program Files (x86)\dotnet\;C:\WINDOWS\system32;C:\WINDOWS;C:\WINDOWS\System32\Wbem;C:\WINDOWS\System32\WindowsPowerShell\v1.0\;C:\WINDOWS\System32\OpenSSH\;C:\Program Files\dotnet\;C:\Users\User\Downloads\mingw-w64-v10.0.0\mingw-w64-v10.0.0;C:\Program Files\Git\cmd;C:\Program Files\Go\bin;C:\Program Files\Docker\Docker\resources\bin;C:\Users\User\anaconda3;C:\Users\User\anaconda3\Scripts;C:\Program Files\PuTTY\;C:\Program Files\MATLAB\R2024a\bin;C:\Users\User\AppData\Local\Microsoft\WindowsApps;C:\Users\User\AppData\Local\atom\bin;C:\Users\User\AppData\Local\Programs\Microsoft VS Code\bin;C:\Program Files\CodeBlocks\MinGW\bin;C:\Program Files\CMake\bin;C:\Users\User\AppData\Local\JetBrains\Toolbox\scripts;C:\Users\User\AppData\Local\Microsoft\WindowsApps;C:\Users\User\go\bin;C:\Users\User\AppData\Local\GitHubDesktop\bin;C:\Users\User\AppData\Local\Programs\MiKTeX\miktex\bin\x64\
USERNAME=User
OS=Windows_NT
PROCESSOR_IDENTIFIER=AMD64 Family 23 Model 96 Stepping 1, AuthenticAMD
TMP=C:\Users\User\AppData\Local\Temp
TEMP=C:\Users\User\AppData\Local\Temp



Periodic native trim disabled

JNI global refs:
JNI global refs: 12, weak refs: 11

JNI global refs memory usage: 843, weak refs: 841

OOME stack traces (most recent first):
Classloader memory used:
Loader jdk.internal.loader.ClassLoaders$AppClassLoader                                 : 9913K
Loader bootstrap                                                                       : 1510K
Loader java.net.URLClassLoader                                                         : 535K
Loader jdk.internal.reflect.DelegatingClassLoader                                      : 26391B
Loader jdk.internal.loader.ClassLoaders$PlatformClassLoader                            : 2276B


---------------  S Y S T E M  ---------------

OS:
 Windows 11 , 64 bit Build 22621 (10.0.22621.3527)
OS uptime: 3 days 20:26 hours
Hyper-V role detected

CPU: total 12 (initial active 12) (12 cores per cpu, 2 threads per core) family 23 model 96 stepping 1 microcode 0x0, cx8, cmov, fxsr, ht, mmx, 3dnowpref, sse, sse2, sse3, ssse3, sse4a, sse4.1, sse4.2, popcnt, lzcnt, tsc, tscinvbit, avx, avx2, aes, clmul, bmi1, bmi2, adx, sha, fma, vzeroupper, clflush, clflushopt, hv
Processor Information for all 12 processors :
  Max Mhz: 3000, Current Mhz: 3000, Mhz Limit: 3000

Memory: 4k page, system-wide physical 19837M (3618M free)
TotalPageFile size 19837M (AvailPageFile size 158M)
current process WorkingSet (physical memory assigned to process): 617M, peak: 623M
current process commit charge ("private bytes"): 680M, peak: 945M

vm_info: OpenJDK 64-Bit Server VM (17.0.10+0--11572160) for windows-amd64 JRE (17.0.10+0--11572160), built on Mar 13 2024 23:56:38 by "androidbuild" with MS VC++ 16.10 / 16.11 (VS2019)

END.
